[35m[1mScanning dependencies of target ping-pong[0m
[ 25%] [32mBuilding CXX object CMakeFiles/ping-pong.dir/src/PingSubNode.cpp.o[0m
[01m[K/home/pengbo/cbg-executor/ros2_examples/rclcpp/cbg-executor_ping-pong/src/PingSubNode.cpp:[m[K In member function â€˜[01m[Kvoid PingSubNode::print_jitter()[m[Kâ€™:
[01m[K/home/pengbo/cbg-executor/ros2_examples/rclcpp/cbg-executor_ping-pong/src/PingSubNode.cpp:97:28:[m[K [01;31m[Kerror: [m[Kcannot convert â€˜[01m[Kstd::vector<std::chrono::duration<long int, std::ratio<1, 1000000000> > >*[m[Kâ€™ to â€˜[01m[Kconst char*[m[Kâ€™
   97 |         fprintf(outputfile,[01;31m[K&jitters[m[K);
      |                            [01;31m[K^~~~~~~~[m[K
      |                            [01;31m[K|[m[K
      |                            [01;31m[Kstd::vector<std::chrono::duration<long int, std::ratio<1, 1000000000> > >*[m[K
In file included from [01m[K/usr/include/c++/9/cstdio:42[m[K,
                 from [01m[K/usr/include/c++/9/ext/string_conversions.h:43[m[K,
                 from [01m[K/usr/include/c++/9/bits/basic_string.h:6493[m[K,
                 from [01m[K/usr/include/c++/9/string:55[m[K,
                 from [01m[K/usr/include/c++/9/stdexcept:39[m[K,
                 from [01m[K/usr/include/c++/9/array:39[m[K,
                 from [01m[K/usr/include/c++/9/tuple:39[m[K,
                 from [01m[K/usr/include/c++/9/bits/unique_ptr.h:37[m[K,
                 from [01m[K/usr/include/c++/9/memory:80[m[K,
                 from [01m[K/home/pengbo/cbg-executor/ros2_examples/rclcpp/cbg-executor_ping-pong/include/PingSubNode.hpp:18[m[K,
                 from [01m[K/home/pengbo/cbg-executor/ros2_examples/rclcpp/cbg-executor_ping-pong/src/PingSubNode.cpp:15[m[K:
[01m[K/usr/include/stdio.h:327:30:[m[K [01;36m[Knote: [m[K  initializing argument 2 of â€˜[01m[Kint fprintf(FILE*, const char*, ...)[m[Kâ€™
  327 |       [01;36m[Kconst char *__restrict __format[m[K, ...);
      |       [01;36m[K~~~~~~~~~~~~~~~~~~~~~~~^~~~~~~~[m[K
make[2]: *** [CMakeFiles/ping-pong.dir/build.make:76: CMakeFiles/ping-pong.dir/src/PingSubNode.cpp.o] Error 1
make[1]: *** [CMakeFiles/Makefile2:78: CMakeFiles/ping-pong.dir/all] Error 2
make: *** [Makefile:141: all] Error 2
