[01m[K/home/pengbo/cbg-executor/ros2_examples/rclcpp/cbg-executor_ping-pong/src/PingSubNode.cpp:[m[K In member function â€˜[01m[Kvoid PingSubNode::ping_timer_callback()[m[Kâ€™:
[01m[K/home/pengbo/cbg-executor/ros2_examples/rclcpp/cbg-executor_ping-pong/src/PingSubNode.cpp:56:11:[m[K [01;31m[Kerror: [m[Kâ€˜[01m[Kusing Int32 = struct std_msgs::msg::Int32_<std::allocator<void> >[m[Kâ€™ {aka â€˜[01m[Kstruct std_msgs::msg::Int32_<std::allocator<void> >[m[Kâ€™} has no member named â€˜[01m[Kcount[m[Kâ€™
   56 |   message.[01;31m[Kcount[m[K=ping_sent_count_;
      |           [01;31m[K^~~~~[m[K
[01m[K/home/pengbo/cbg-executor/ros2_examples/rclcpp/cbg-executor_ping-pong/exp0/main.cpp:[m[K In function â€˜[01m[Kvoid expe_onece(int, int, char**, std::ofstream*, std::ofstream*)[m[Kâ€™:
[01m[K/home/pengbo/cbg-executor/ros2_examples/rclcpp/cbg-executor_ping-pong/exp0/main.cpp:184:12:[m[K [01;31m[Kerror: [m[Kreturn-statement with a value, in function returning â€˜[01m[Kvoid[m[Kâ€™ [[01;31m[K-fpermissive[m[K]
  184 |     return [01;31m[K0[m[K;
      |            [01;31m[K^[m[K
[01m[K/home/pengbo/cbg-executor/ros2_examples/rclcpp/cbg-executor_ping-pong/exp0/main.cpp:318:60:[m[K [01;31m[Kerror: [m[Kexpected primary-expression before â€˜[01m[K<<[m[Kâ€™ token
  318 |   *fs << "CTime: " << rt_busyloop_us.count() <<  " us " << [01;31m[K<<[m[K be_busyloop_us.count() << "us\n";
      |                                                            [01;31m[K^~[m[K
[01m[K/home/pengbo/cbg-executor/ros2_examples/rclcpp/cbg-executor_ping-pong/exp0/main.cpp:319:62:[m[K [01;31m[Kerror: [m[Kexpected primary-expression before â€˜[01m[K<<[m[Kâ€™ token
  319 |   *fs << "ThdRunTime: " << rt_thread_duration_ms << " ms "<< [01;31m[K<<[m[K be_thread_duration_ms << "ms" << std::endl;
      |                                                              [01;31m[K^~[m[K
[01m[K/home/pengbo/cbg-executor/ros2_examples/rclcpp/cbg-executor_ping-pong/exp0/main.cpp:328:12:[m[K [01;31m[Kerror: [m[Kâ€˜[01m[Kusing element_type = class PingSubNode[m[Kâ€™ {aka â€˜[01m[Kclass PingSubNode[m[Kâ€™} has no member named â€˜[01m[Ksave_statistics2[m[Kâ€™
  328 |   ping_rt->[01;31m[Ksave_statistics2[m[K(fs2);
      |            [01;31m[K^~~~~~~~~~~~~~~~[m[K
[01m[K/home/pengbo/cbg-executor/ros2_examples/rclcpp/cbg-executor_ping-pong/exp0/main.cpp:330:12:[m[K [01;31m[Kerror: [m[Kâ€˜[01m[Kusing element_type = class PingSubNode[m[Kâ€™ {aka â€˜[01m[Kclass PingSubNode[m[Kâ€™} has no member named â€˜[01m[Ksave_statistics2[m[Kâ€™
  330 |   ping_be->[01;31m[Ksave_statistics2[m[K(fs2);
      |            [01;31m[K^~~~~~~~~~~~~~~~[m[K
[01m[K/home/pengbo/cbg-executor/ros2_examples/rclcpp/cbg-executor_ping-pong/exp0/main.cpp:332:12:[m[K [01;31m[Kerror: [m[Kâ€˜[01m[Kusing element_type = class PingSubNode[m[Kâ€™ {aka â€˜[01m[Kclass PingSubNode[m[Kâ€™} has no member named â€˜[01m[Ksave_statistics[m[Kâ€™; did you mean â€˜[01m[Kprint_statistics[m[Kâ€™?
  332 |   ping_rt->[01;31m[Ksave_statistics[m[K(fs);
      |            [01;31m[K^~~~~~~~~~~~~~~[m[K
      |            [32m[Kprint_statistics[m[K
[01m[K/home/pengbo/cbg-executor/ros2_examples/rclcpp/cbg-executor_ping-pong/exp0/main.cpp:334:12:[m[K [01;31m[Kerror: [m[Kâ€˜[01m[Kusing element_type = class PingSubNode[m[Kâ€™ {aka â€˜[01m[Kclass PingSubNode[m[Kâ€™} has no member named â€˜[01m[Ksave_statistics[m[Kâ€™; did you mean â€˜[01m[Kprint_statistics[m[Kâ€™?
  334 |   ping_be->[01;31m[Ksave_statistics[m[K(fs);
      |            [01;31m[K^~~~~~~~~~~~~~~[m[K
      |            [32m[Kprint_statistics[m[K
[01m[K/home/pengbo/cbg-executor/ros2_examples/rclcpp/cbg-executor_ping-pong/exp0/main.cpp:175:21:[m[K [01;35m[Kwarning: [m[Kunused parameter â€˜[01m[Ki[m[Kâ€™ [[01;35m[K-Wunused-parameter[m[K]
  175 | void expe_onece([01;35m[Kint i[m[K,int argc,char * argv[],std::ofstream *fs,std::ofstream *fs2){
      |                 [01;35m[K~~~~^[m[K
make[2]: *** [CMakeFiles/ping-pong.dir/build.make:76: CMakeFiles/ping-pong.dir/exp0/main.cpp.o] Error 1
make[2]: *** Waiting for unfinished jobs....
make[2]: *** [CMakeFiles/ping-pong.dir/build.make:89: CMakeFiles/ping-pong.dir/src/PingSubNode.cpp.o] Error 1
make[1]: *** [CMakeFiles/Makefile2:78: CMakeFiles/ping-pong.dir/all] Error 2
make: *** [Makefile:141: all] Error 2
