[0.008s] Invoking command in '/home/pengbo/rclcpp_cbg/ros2_rclcpp/build/rclcpp': /usr/bin/cmake /home/pengbo/rclcpp_cbg/ros2_rclcpp/rclcpp -DCMAKE_INSTALL_PREFIX=/home/pengbo/rclcpp_cbg/ros2_rclcpp/install/rclcpp
[0.063s] -- The C compiler identification is GNU 9.3.0
[0.110s] -- The CXX compiler identification is GNU 9.3.0
[0.115s] -- Check for working C compiler: /usr/bin/cc
[0.178s] -- Check for working C compiler: /usr/bin/cc -- works
[0.179s] -- Detecting C compiler ABI info
[0.240s] -- Detecting C compiler ABI info - done
[0.254s] -- Detecting C compile features
[0.254s] -- Detecting C compile features - done
[0.256s] -- Check for working CXX compiler: /usr/bin/c++
[0.323s] -- Check for working CXX compiler: /usr/bin/c++ -- works
[0.325s] -- Detecting CXX compiler ABI info
[0.398s] -- Detecting CXX compiler ABI info - done
[0.414s] -- Detecting CXX compile features
[0.415s] -- Detecting CXX compile features - done
[0.423s] CMake Error at CMakeLists.txt:5 (find_package):
[0.423s]   By not providing "Findament_cmake_ros.cmake" in CMAKE_MODULE_PATH this
[0.423s]   project has asked CMake to find a package configuration file provided by
[0.423s]   "ament_cmake_ros", but CMake did not find one.
[0.423s] 
[0.423s]   Could not find a package configuration file provided by "ament_cmake_ros"
[0.424s]   with any of the following names:
[0.424s] 
[0.424s]     ament_cmake_rosConfig.cmake
[0.424s]     ament_cmake_ros-config.cmake
[0.424s] 
[0.424s]   Add the installation prefix of "ament_cmake_ros" to CMAKE_PREFIX_PATH or
[0.424s]   set "ament_cmake_ros_DIR" to a directory containing one of the above files.
[0.424s]   If "ament_cmake_ros" provides a separate development package or SDK, be
[0.424s]   sure it has been installed.
[0.424s] 
[0.424s] 
[0.425s] -- Configuring incomplete, errors occurred!
[0.425s] See also "/home/pengbo/rclcpp_cbg/ros2_rclcpp/build/rclcpp/CMakeFiles/CMakeOutput.log".
[0.426s] Invoked command in '/home/pengbo/rclcpp_cbg/ros2_rclcpp/build/rclcpp' returned '1': /usr/bin/cmake /home/pengbo/rclcpp_cbg/ros2_rclcpp/rclcpp -DCMAKE_INSTALL_PREFIX=/home/pengbo/rclcpp_cbg/ros2_rclcpp/install/rclcpp
[0.438s] Traceback (most recent call last):
  File "/usr/lib/python3/dist-packages/colcon_core/executor/__init__.py", line 91, in __call__
    rc = await self.task(*args, **kwargs)
  File "/usr/lib/python3/dist-packages/colcon_core/task/__init__.py", line 93, in __call__
    return await task_method(*args, **kwargs)
  File "/usr/lib/python3/dist-packages/colcon_ros/task/ament_cmake/build.py", line 66, in build
    if await has_target(args.build_base, 'install'):
  File "/usr/lib/python3/dist-packages/colcon_cmake/task/cmake/__init__.py", line 57, in has_target
    return target in await get_makefile_targets(path)
  File "/usr/lib/python3/dist-packages/colcon_cmake/task/cmake/__init__.py", line 77, in get_makefile_targets
    output = await check_output([
  File "/usr/lib/python3/dist-packages/colcon_core/subprocess.py", line 109, in check_output
    assert not rc, \
AssertionError: Expected ['/usr/bin/cmake', '--build', '/home/pengbo/rclcpp_cbg/ros2_rclcpp/build/rclcpp', '--target', 'help'] to pass: make: *** No rule to make target 'help'.  Stop.

