[0.010s] Invoking command in '/home/pengbo/rclcpp_cbg/ros2_rclcpp/build/rclcpp': /usr/bin/cmake --build /home/pengbo/rclcpp_cbg/ros2_rclcpp/build/rclcpp -- -j12 -l12
[0.061s] [  1%] Built target gmock_main
[0.064s] [  2%] Built target gtest_main
[0.064s] [  3%] Built target gtest
[0.065s] [  3%] Built target rclcpp_test_msgs__cpp
[0.067s] [  5%] Built target gmock
[0.067s] [  6%] Built target rclcpp_test_msgs__rosidl_generator_c
[0.078s] [  7%] Built target test_function_traits
[0.080s] [  8%] Built target rclcpp_test_msgs__rosidl_typesupport_c
[0.081s] [ 10%] Built target rclcpp_test_msgs__rosidl_typesupport_introspection_c
[0.082s] [ 12%] Built target rclcpp_test_msgs__rosidl_typesupport_introspection_cpp
[0.083s] [35m[1mScanning dependencies of target rclcpp[0m
[0.083s] [ 14%] Built target rclcpp_test_msgs__rosidl_typesupport_cpp
[0.087s] [ 16%] Built target rclcpp_test_msgs__rosidl_typesupport_fastrtps_cpp
[0.107s] [ 18%] Built target rclcpp_test_msgs__rosidl_typesupport_fastrtps_c
[0.126s] [ 18%] Built target rclcpp_test_msgs
[0.144s] [ 18%] Built target rclcpp_test_msgs__py
[0.145s] [ 18%] [32mBuilding CXX object CMakeFiles/rclcpp.dir/src/rclcpp/executors/single_threaded_executor.cpp.o[0m
[0.165s] [ 20%] Built target rclcpp_test_msgs__python
[0.188s] [ 21%] Built target rclcpp__rosidl_typesupport_fastrtps_c__pyext
[0.189s] [ 22%] Built target rclcpp__rosidl_typesupport_introspection_c__pyext
[0.190s] [ 23%] Built target rclcpp__rosidl_typesupport_c__pyext
[0.904s] [01m[K/home/pengbo/rclcpp_cbg/ros2_rclcpp/rclcpp/src/rclcpp/executors/single_threaded_executor.cpp:[m[K In member function â€˜[01m[Kvoid rclcpp::executors::SingleThreadedExecutor::executor_spin_one_period(uint64_t, std::string)[m[Kâ€™:
[0.904s] [01m[K/home/pengbo/rclcpp_cbg/ros2_rclcpp/rclcpp/src/rclcpp/executors/single_threaded_executor.cpp:251:3:[m[K [01;31m[Kerror: [m[Kexpected â€˜[01m[K([m[Kâ€™ before â€˜[01m[K{[m[Kâ€™ token
[0.904s]   251 |   [01;31m[K{[m[K
[0.904s]       |   [01;31m[K^[m[K
[0.904s]       |   [32m[K([m[K
[0.906s] [01m[K/home/pengbo/rclcpp_cbg/ros2_rclcpp/rclcpp/src/rclcpp/executors/single_threaded_executor.cpp:228:22:[m[K [01;35m[Kwarning: [m[Kunused variable â€˜[01m[Ktheoretical_time1[m[Kâ€™ [[01;35m[K-Wunused-variable[m[K]
[0.906s]   228 |      struct timespec [01;35m[Ktheoretical_time1[m[K;
[0.906s]       |                      [01;35m[K^~~~~~~~~~~~~~~~~[m[K
[0.906s] [01m[K/home/pengbo/rclcpp_cbg/ros2_rclcpp/rclcpp/src/rclcpp/executors/single_threaded_executor.cpp:236:22:[m[K [01;35m[Kwarning: [m[Kunused variable â€˜[01m[Krest_time[m[Kâ€™ [[01;35m[K-Wunused-variable[m[K]
[0.906s]   236 |      struct timespec [01;35m[Krest_time[m[K;
[0.907s]       |                      [01;35m[K^~~~~~~~~[m[K
[1.052s] make[2]: *** [CMakeFiles/rclcpp.dir/build.make:389: CMakeFiles/rclcpp.dir/src/rclcpp/executors/single_threaded_executor.cpp.o] Error 1
[1.052s] make[1]: *** [CMakeFiles/Makefile2:1129: CMakeFiles/rclcpp.dir/all] Error 2
[1.052s] make: *** [Makefile:141: all] Error 2
[1.054s] Invoked command in '/home/pengbo/rclcpp_cbg/ros2_rclcpp/build/rclcpp' returned '2': /usr/bin/cmake --build /home/pengbo/rclcpp_cbg/ros2_rclcpp/build/rclcpp -- -j12 -l12
