[01m[K/home/pengbo/cbg-executor/ros2_examples/rclcpp/cbg-executor_ping-pong/main.cpp:[m[K In function â€˜[01m[Kvoid multiply_timespec(const timespec*, uint32_t, timespec*)[m[Kâ€™:
[01m[K/home/pengbo/cbg-executor/ros2_examples/rclcpp/cbg-executor_ping-pong/main.cpp:53:30:[m[K [01;31m[Kerror: [m[Kâ€˜[01m[Ktimespec_to_uint64[m[Kâ€™ was not declared in this scope
   53 |   uint64_t result_nsec = i * [01;31m[Ktimespec_to_uint64[m[K(t);
      |                              [01;31m[K^~~~~~~~~~~~~~~~~~[m[K
[01m[K/home/pengbo/cbg-executor/ros2_examples/rclcpp/cbg-executor_ping-pong/main.cpp:54:3:[m[K [01;31m[Kerror: [m[Kâ€˜[01m[Kuint64_to_timespec[m[Kâ€™ was not declared in this scope
   54 |   [01;31m[Kuint64_to_timespec[m[K(result_nsec, result);
      |   [01;31m[K^~~~~~~~~~~~~~~~~~[m[K
[01m[K/home/pengbo/cbg-executor/ros2_examples/rclcpp/cbg-executor_ping-pong/main.cpp:[m[K In lambda function:
[01m[K/home/pengbo/cbg-executor/ros2_examples/rclcpp/cbg-executor_ping-pong/main.cpp:234:44:[m[K [01;31m[Kerror: [m[Kâ€˜[01m[Kwakeup_time[m[Kâ€™ was not declared in this scope
  234 |       multiply_timespec(update_period, i, &[01;31m[Kwakeup_time[m[K);
      |                                            [01;31m[K^~~~~~~~~~~[m[K
[01m[K/home/pengbo/cbg-executor/ros2_examples/rclcpp/cbg-executor_ping-pong/main.cpp:235:39:[m[K [01;31m[Kerror: [m[Kâ€˜[01m[Kcurrent_time[m[Kâ€™ was not declared in this scope
  235 |       clock_gettime(CLOCK_MONOTONIC, &[01;31m[Kcurrent_time[m[K);
      |                                       [01;31m[K^~~~~~~~~~~~[m[K
make[2]: *** [CMakeFiles/ping-pong.dir/build.make:63: CMakeFiles/ping-pong.dir/main.cpp.o] Error 1
make[1]: *** [CMakeFiles/Makefile2:78: CMakeFiles/ping-pong.dir/all] Error 2
make: *** [Makefile:141: all] Error 2
