[01m[K/home/pengbo/cbg-executor/ros2_examples/rclcpp/cbg-executor_ping-pong/exp5/main.cpp:[m[K In function â€˜[01m[Kvoid expe_onece(int, int, char**, std::ofstream*, std::ofstream*)[m[Kâ€™:
[01m[K/home/pengbo/cbg-executor/ros2_examples/rclcpp/cbg-executor_ping-pong/exp5/main.cpp:362:12:[m[K [01;31m[Kerror: [m[Kâ€˜[01m[KPingSubNode::SharedPtr[m[Kâ€™ {aka â€˜[01m[Kclass std::shared_ptr<PingSubNode>[m[Kâ€™} has no member named â€˜[01m[Ksave_statistics2[m[Kâ€™
  362 |   ping_rt->[01;31m[Ksave_statistics2[m[K(fs2);
      |            [01;31m[K^~~~~~~~~~~~~~~~[m[K
[01m[K/home/pengbo/cbg-executor/ros2_examples/rclcpp/cbg-executor_ping-pong/exp5/main.cpp:364:12:[m[K [01;31m[Kerror: [m[Kâ€˜[01m[KPingSubNode::SharedPtr[m[Kâ€™ {aka â€˜[01m[Kclass std::shared_ptr<PingSubNode>[m[Kâ€™} has no member named â€˜[01m[Ksave_statistics2[m[Kâ€™
  364 |   ping_be->[01;31m[Ksave_statistics2[m[K(fs2);
      |            [01;31m[K^~~~~~~~~~~~~~~~[m[K
[01m[K/home/pengbo/cbg-executor/ros2_examples/rclcpp/cbg-executor_ping-pong/exp5/main.cpp:366:12:[m[K [01;31m[Kerror: [m[Kâ€˜[01m[KPingSubNode::SharedPtr[m[Kâ€™ {aka â€˜[01m[Kclass std::shared_ptr<PingSubNode>[m[Kâ€™} has no member named â€˜[01m[Ksave_statistics[m[Kâ€™
  366 |   ping_rt->[01;31m[Ksave_statistics[m[K(fs);
      |            [01;31m[K^~~~~~~~~~~~~~~[m[K
[01m[K/home/pengbo/cbg-executor/ros2_examples/rclcpp/cbg-executor_ping-pong/exp5/main.cpp:368:12:[m[K [01;31m[Kerror: [m[Kâ€˜[01m[KPingSubNode::SharedPtr[m[Kâ€™ {aka â€˜[01m[Kclass std::shared_ptr<PingSubNode>[m[Kâ€™} has no member named â€˜[01m[Ksave_statistics[m[Kâ€™
  368 |   ping_be->[01;31m[Ksave_statistics[m[K(fs);
      |            [01;31m[K^~~~~~~~~~~~~~~[m[K
[01m[K/home/pengbo/cbg-executor/ros2_examples/rclcpp/cbg-executor_ping-pong/exp5/main.cpp:189:11:[m[K [01;35m[Kwarning: [m[Kunused variable â€˜[01m[Klet_period[m[Kâ€™ [[01;35m[K-Wunused-variable[m[K]
  189 |   int64_t [01;35m[Klet_period[m[K;
      |           [01;35m[K^~~~~~~~~~[m[K
make[2]: *** [CMakeFiles/ping-pong.dir/build.make:63: CMakeFiles/ping-pong.dir/exp5/main.cpp.o] Error 1
make[1]: *** [CMakeFiles/Makefile2:78: CMakeFiles/ping-pong.dir/all] Error 2
make: *** [Makefile:141: all] Error 2
