[0.037s] Invoking command in '/home/pengbo/cbg-executor/ros2_examples/rclcpp/cbg-executor_ping-pong/build/cbg-executor_ping-pong_cpp': CMAKE_PREFIX_PATH=${CMAKE_PREFIX_PATH}:/home/pengbo/ros2_foxy/install/ros2bag:/home/pengbo/ros2_foxy/install/tracetools_launch:/home/pengbo/ros2_foxy/install/topic_monitor:/home/pengbo/ros2_foxy/install/examples_tf2_py:/home/pengbo/ros2_foxy/install/sros2:/home/pengbo/ros2_foxy/install/rqt_topic:/home/pengbo/ros2_foxy/install/rqt_reconfigure:/home/pengbo/ros2_foxy/install/rqt_action:/home/pengbo/ros2_foxy/install/rqt:/home/pengbo/ros2_foxy/install/rqt_graph:/home/pengbo/ros2_foxy/install/rqt_gui_py:/home/pengbo/ros2_foxy/install/rqt_gui:/home/pengbo/ros2_foxy/install/ros2trace:/home/pengbo/ros2_foxy/install/ros2topic:/home/pengbo/ros2_foxy/install/ros2test:/home/pengbo/ros2_foxy/install/ros2component:/home/pengbo/ros2_foxy/install/ros2param:/home/pengbo/ros2_foxy/install/ros2lifecycle:/home/pengbo/ros2_foxy/install/ros2service:/home/pengbo/ros2_foxy/install/ros2run:/home/pengbo/ros2_foxy/install/ros2launch:/home/pengbo/ros2_foxy/install/ros2pkg:/home/pengbo/ros2_foxy/install/ros2node:/home/pengbo/ros2_foxy/install/ros2multicast:/home/pengbo/ros2_foxy/install/ros2interface:/home/pengbo/ros2_foxy/install/ros2doctor:/home/pengbo/ros2_foxy/install/ros2action:/home/pengbo/ros2_foxy/install/ros2cli:/home/pengbo/ros2_foxy/install/quality_of_service_demo_py:/home/pengbo/ros2_foxy/install/opencv_tests:/home/pengbo/ros2_foxy/install/launch_testing_ros:/home/pengbo/ros2_foxy/install/launch_ros:/home/pengbo/ros2_foxy/install/examples_rclpy_minimal_subscriber:/home/pengbo/ros2_foxy/install/examples_rclpy_minimal_service:/home/pengbo/ros2_foxy/install/examples_rclpy_minimal_publisher:/home/pengbo/ros2_foxy/install/examples_rclpy_minimal_client:/home/pengbo/ros2_foxy/install/examples_rclpy_minimal_action_server:/home/pengbo/ros2_foxy/install/examples_rclpy_minimal_action_client:/home/pengbo/ros2_foxy/install/examples_rclpy_executors:/home/pengbo/ros2_foxy/install/demo_nodes_py:/home/pengbo/ros2_foxy/install/action_tutorials_py:/home/pengbo/ros2_foxy/install/ament_uncrustify:/home/pengbo/ros2_foxy/install/tracetools_trace:/home/pengbo/ros2_foxy/install/tracetools_read:/home/pengbo/ros2_foxy/install/test_launch_ros:/home/pengbo/ros2_foxy/install/rpyutils:/home/pengbo/ros2_foxy/install/rosidl_runtime_py:/home/pengbo/ros2_foxy/install/launch_yaml:/home/pengbo/ros2_foxy/install/launch_xml:/home/pengbo/ros2_foxy/install/launch_testing:/home/pengbo/ros2_foxy/install/launch:/home/pengbo/ros2_foxy/install/osrf_pycommon:/home/pengbo/ros2_foxy/install/domain_coordinator:/home/pengbo/ros2_foxy/install/ament_xmllint:/home/pengbo/ros2_foxy/install/ament_pyflakes:/home/pengbo/ros2_foxy/install/ament_pycodestyle:/home/pengbo/ros2_foxy/install/ament_pep257:/home/pengbo/ros2_foxy/install/ament_pclint:/home/pengbo/ros2_foxy/install/ament_package:/home/pengbo/ros2_foxy/install/ament_mypy:/home/pengbo/ros2_foxy/install/ament_lint_cmake:/home/pengbo/ros2_foxy/install/ament_flake8:/home/pengbo/ros2_foxy/install/ament_copyright:/home/pengbo/ros2_foxy/install/ament_lint:/home/pengbo/ros2_foxy/install/ament_index_python:/home/pengbo/ros2_foxy/install/ament_cpplint:/home/pengbo/ros2_foxy/install/ament_cppcheck:/home/pengbo/ros2_foxy/install/ament_clang_tidy:/home/pengbo/ros2_foxy/install/ament_clang_format /usr/bin/cmake --build /home/pengbo/cbg-executor/ros2_examples/rclcpp/cbg-executor_ping-pong/build/cbg-executor_ping-pong_cpp -- -j12 -l12
[0.220s] -- Found ament_cmake: 0.9.7 (/home/pengbo/ros2_foxy/install/ament_cmake/share/ament_cmake/cmake)
[0.361s] -- Using PYTHON_EXECUTABLE: /usr/bin/python3
[0.653s] -- Override CMake install command with custom implementation using symlinks instead of copying resources
[0.670s] -- Found rclcpp: 2.0.1 (/home/pengbo/rclcpp_cbg/install/rclcpp/share/rclcpp/cmake)
[0.967s] -- Using all available rosidl_typesupport_c: rosidl_typesupport_introspection_c;rosidl_typesupport_fastrtps_c
[0.971s] -- Found rosidl_adapter: 1.1.0 (/home/pengbo/ros2_foxy/install/rosidl_adapter/share/rosidl_adapter/cmake)
[1.134s] -- Using all available rosidl_typesupport_cpp: rosidl_typesupport_introspection_cpp;rosidl_typesupport_fastrtps_cpp
[1.187s] -- Found rmw_implementation_cmake: 1.0.2 (/home/pengbo/ros2_foxy/install/rmw_implementation_cmake/share/rmw_implementation_cmake/cmake)
[1.220s] -- Using RMW implementation 'rmw_fastrtps_cpp' as default
[1.563s] -- Configuring done
[1.574s] -- Generating done
[1.575s] -- Build files have been written to: /home/pengbo/cbg-executor/ros2_examples/rclcpp/cbg-executor_ping-pong/build/cbg-executor_ping-pong_cpp
[1.665s] [35m[1mScanning dependencies of target ping-pong[0m
[1.719s] [ 14%] [32mBuilding CXX object CMakeFiles/ping-pong.dir/exp5/main.cpp.o[0m
[2.873s] [01m[K/home/pengbo/cbg-executor/ros2_examples/rclcpp/cbg-executor_ping-pong/exp5/main.cpp:[m[K In function â€˜[01m[Kvoid expe_onece(int, int, char**, std::ofstream*, std::ofstream*)[m[Kâ€™:
[2.873s] [01m[K/home/pengbo/cbg-executor/ros2_examples/rclcpp/cbg-executor_ping-pong/exp5/main.cpp:362:12:[m[K [01;31m[Kerror: [m[Kâ€˜[01m[KPingSubNode::SharedPtr[m[Kâ€™ {aka â€˜[01m[Kclass std::shared_ptr<PingSubNode>[m[Kâ€™} has no member named â€˜[01m[Ksave_statistics2[m[Kâ€™
[2.874s]   362 |   ping_rt->[01;31m[Ksave_statistics2[m[K(fs2);
[2.874s]       |            [01;31m[K^~~~~~~~~~~~~~~~[m[K
[2.874s] [01m[K/home/pengbo/cbg-executor/ros2_examples/rclcpp/cbg-executor_ping-pong/exp5/main.cpp:364:12:[m[K [01;31m[Kerror: [m[Kâ€˜[01m[KPingSubNode::SharedPtr[m[Kâ€™ {aka â€˜[01m[Kclass std::shared_ptr<PingSubNode>[m[Kâ€™} has no member named â€˜[01m[Ksave_statistics2[m[Kâ€™
[2.874s]   364 |   ping_be->[01;31m[Ksave_statistics2[m[K(fs2);
[2.874s]       |            [01;31m[K^~~~~~~~~~~~~~~~[m[K
[2.874s] [01m[K/home/pengbo/cbg-executor/ros2_examples/rclcpp/cbg-executor_ping-pong/exp5/main.cpp:366:12:[m[K [01;31m[Kerror: [m[Kâ€˜[01m[KPingSubNode::SharedPtr[m[Kâ€™ {aka â€˜[01m[Kclass std::shared_ptr<PingSubNode>[m[Kâ€™} has no member named â€˜[01m[Ksave_statistics[m[Kâ€™
[2.874s]   366 |   ping_rt->[01;31m[Ksave_statistics[m[K(fs);
[2.874s]       |            [01;31m[K^~~~~~~~~~~~~~~[m[K
[2.874s] [01m[K/home/pengbo/cbg-executor/ros2_examples/rclcpp/cbg-executor_ping-pong/exp5/main.cpp:368:12:[m[K [01;31m[Kerror: [m[Kâ€˜[01m[KPingSubNode::SharedPtr[m[Kâ€™ {aka â€˜[01m[Kclass std::shared_ptr<PingSubNode>[m[Kâ€™} has no member named â€˜[01m[Ksave_statistics[m[Kâ€™
[2.874s]   368 |   ping_be->[01;31m[Ksave_statistics[m[K(fs);
[2.875s]       |            [01;31m[K^~~~~~~~~~~~~~~[m[K
[2.875s] [01m[K/home/pengbo/cbg-executor/ros2_examples/rclcpp/cbg-executor_ping-pong/exp5/main.cpp:189:11:[m[K [01;35m[Kwarning: [m[Kunused variable â€˜[01m[Klet_period[m[Kâ€™ [[01;35m[K-Wunused-variable[m[K]
[2.875s]   189 |   int64_t [01;35m[Klet_period[m[K;
[2.875s]       |           [01;35m[K^~~~~~~~~~[m[K
[3.183s] make[2]: *** [CMakeFiles/ping-pong.dir/build.make:63: CMakeFiles/ping-pong.dir/exp5/main.cpp.o] Error 1
[3.183s] make[1]: *** [CMakeFiles/Makefile2:78: CMakeFiles/ping-pong.dir/all] Error 2
[3.183s] make: *** [Makefile:141: all] Error 2
[3.185s] Invoked command in '/home/pengbo/cbg-executor/ros2_examples/rclcpp/cbg-executor_ping-pong/build/cbg-executor_ping-pong_cpp' returned '2': CMAKE_PREFIX_PATH=${CMAKE_PREFIX_PATH}:/home/pengbo/ros2_foxy/install/ros2bag:/home/pengbo/ros2_foxy/install/tracetools_launch:/home/pengbo/ros2_foxy/install/topic_monitor:/home/pengbo/ros2_foxy/install/examples_tf2_py:/home/pengbo/ros2_foxy/install/sros2:/home/pengbo/ros2_foxy/install/rqt_topic:/home/pengbo/ros2_foxy/install/rqt_reconfigure:/home/pengbo/ros2_foxy/install/rqt_action:/home/pengbo/ros2_foxy/install/rqt:/home/pengbo/ros2_foxy/install/rqt_graph:/home/pengbo/ros2_foxy/install/rqt_gui_py:/home/pengbo/ros2_foxy/install/rqt_gui:/home/pengbo/ros2_foxy/install/ros2trace:/home/pengbo/ros2_foxy/install/ros2topic:/home/pengbo/ros2_foxy/install/ros2test:/home/pengbo/ros2_foxy/install/ros2component:/home/pengbo/ros2_foxy/install/ros2param:/home/pengbo/ros2_foxy/install/ros2lifecycle:/home/pengbo/ros2_foxy/install/ros2service:/home/pengbo/ros2_foxy/install/ros2run:/home/pengbo/ros2_foxy/install/ros2launch:/home/pengbo/ros2_foxy/install/ros2pkg:/home/pengbo/ros2_foxy/install/ros2node:/home/pengbo/ros2_foxy/install/ros2multicast:/home/pengbo/ros2_foxy/install/ros2interface:/home/pengbo/ros2_foxy/install/ros2doctor:/home/pengbo/ros2_foxy/install/ros2action:/home/pengbo/ros2_foxy/install/ros2cli:/home/pengbo/ros2_foxy/install/quality_of_service_demo_py:/home/pengbo/ros2_foxy/install/opencv_tests:/home/pengbo/ros2_foxy/install/launch_testing_ros:/home/pengbo/ros2_foxy/install/launch_ros:/home/pengbo/ros2_foxy/install/examples_rclpy_minimal_subscriber:/home/pengbo/ros2_foxy/install/examples_rclpy_minimal_service:/home/pengbo/ros2_foxy/install/examples_rclpy_minimal_publisher:/home/pengbo/ros2_foxy/install/examples_rclpy_minimal_client:/home/pengbo/ros2_foxy/install/examples_rclpy_minimal_action_server:/home/pengbo/ros2_foxy/install/examples_rclpy_minimal_action_client:/home/pengbo/ros2_foxy/install/examples_rclpy_executors:/home/pengbo/ros2_foxy/install/demo_nodes_py:/home/pengbo/ros2_foxy/install/action_tutorials_py:/home/pengbo/ros2_foxy/install/ament_uncrustify:/home/pengbo/ros2_foxy/install/tracetools_trace:/home/pengbo/ros2_foxy/install/tracetools_read:/home/pengbo/ros2_foxy/install/test_launch_ros:/home/pengbo/ros2_foxy/install/rpyutils:/home/pengbo/ros2_foxy/install/rosidl_runtime_py:/home/pengbo/ros2_foxy/install/launch_yaml:/home/pengbo/ros2_foxy/install/launch_xml:/home/pengbo/ros2_foxy/install/launch_testing:/home/pengbo/ros2_foxy/install/launch:/home/pengbo/ros2_foxy/install/osrf_pycommon:/home/pengbo/ros2_foxy/install/domain_coordinator:/home/pengbo/ros2_foxy/install/ament_xmllint:/home/pengbo/ros2_foxy/install/ament_pyflakes:/home/pengbo/ros2_foxy/install/ament_pycodestyle:/home/pengbo/ros2_foxy/install/ament_pep257:/home/pengbo/ros2_foxy/install/ament_pclint:/home/pengbo/ros2_foxy/install/ament_package:/home/pengbo/ros2_foxy/install/ament_mypy:/home/pengbo/ros2_foxy/install/ament_lint_cmake:/home/pengbo/ros2_foxy/install/ament_flake8:/home/pengbo/ros2_foxy/install/ament_copyright:/home/pengbo/ros2_foxy/install/ament_lint:/home/pengbo/ros2_foxy/install/ament_index_python:/home/pengbo/ros2_foxy/install/ament_cpplint:/home/pengbo/ros2_foxy/install/ament_cppcheck:/home/pengbo/ros2_foxy/install/ament_clang_tidy:/home/pengbo/ros2_foxy/install/ament_clang_format /usr/bin/cmake --build /home/pengbo/cbg-executor/ros2_examples/rclcpp/cbg-executor_ping-pong/build/cbg-executor_ping-pong_cpp -- -j12 -l12
