[0.009s] Invoking command in '/home/pengbo/rclcpp_cbg/build/rclcpp': /usr/bin/cmake --build /home/pengbo/rclcpp_cbg/build/rclcpp -- -j12 -l12
[0.062s] [  1%] Built target gtest
[0.063s] [  2%] Built target gtest_main
[0.064s] [  3%] Built target gmock_main
[0.066s] [  4%] Built target gmock
[0.069s] [  6%] Built target rclcpp_test_msgs__rosidl_generator_c
[0.070s] [  6%] Built target rclcpp_test_msgs__cpp
[0.079s] [  7%] Built target test_function_traits
[0.081s] CMake Error: Cannot open file for write: /home/pengbo/rclcpp_cbg/build/rclcpp/CMakeFiles/rclcpp.dir/depend.make.tmp
[0.081s] CMake Error: : System Error: Permission denied
[0.081s] [35m[1mScanning dependencies of target rclcpp[0m
[0.081s] CMake Error: Directory Information file not found
[0.081s] CMake Error: Cannot open file for write: /home/pengbo/rclcpp_cbg/build/rclcpp/CMakeFiles/rclcpp.dir/depend.make.tmp
[0.082s] CMake Error: : System Error: Permission denied
[0.083s] make[2]: *** [CMakeFiles/rclcpp.dir/build.make:1182: CMakeFiles/rclcpp.dir/depend] Error 2
[0.083s] make[1]: *** [CMakeFiles/Makefile2:1128: CMakeFiles/rclcpp.dir/all] Error 2
[0.083s] make[1]: *** Waiting for unfinished jobs....
[0.084s] [  9%] Built target rclcpp_test_msgs__rosidl_typesupport_cpp
[0.086s] [ 12%] Built target rclcpp_test_msgs__rosidl_typesupport_c
[0.086s] [ 14%] Built target rclcpp_test_msgs__rosidl_typesupport_fastrtps_cpp
[0.087s] [ 11%] Built target rclcpp_test_msgs__rosidl_typesupport_introspection_cpp
[0.087s] [ 16%] Built target rclcpp_test_msgs__rosidl_typesupport_introspection_c
[0.088s] make: *** [Makefile:141: all] Error 2
[0.089s] Invoked command in '/home/pengbo/rclcpp_cbg/build/rclcpp' returned '2': /usr/bin/cmake --build /home/pengbo/rclcpp_cbg/build/rclcpp -- -j12 -l12
[0.288s] Traceback (most recent call last):
  File "/usr/lib/python3/dist-packages/colcon_core/executor/__init__.py", line 91, in __call__
    rc = await self.task(*args, **kwargs)
  File "/usr/lib/python3/dist-packages/colcon_core/task/__init__.py", line 93, in __call__
    return await task_method(*args, **kwargs)
  File "/usr/lib/python3/dist-packages/colcon_ros/task/ament_cmake/build.py", line 77, in build
    create_environment_scripts(
  File "/usr/lib/python3/dist-packages/colcon_core/environment/__init__.py", line 85, in create_environment_scripts
    create_file_with_runtime_dependencies(prefix_path, pkg)
  File "/usr/lib/python3/dist-packages/colcon_core/environment/__init__.py", line 157, in create_file_with_runtime_dependencies
    path.write_text(
  File "/usr/lib/python3.8/pathlib.py", line 1251, in write_text
    with self.open(mode='w', encoding=encoding, errors=errors) as f:
  File "/usr/lib/python3.8/pathlib.py", line 1218, in open
    return io.open(self, mode, buffering, encoding, errors, newline,
  File "/usr/lib/python3.8/pathlib.py", line 1074, in _opener
    return self._accessor.open(self, flags, mode)
PermissionError: [Errno 13] Permission denied: '/home/pengbo/rclcpp_cbg/install/rclcpp/share/colcon-core/packages/rclcpp'
