[35m[1mScanning dependencies of target ping-pong[0m
[ 25%] [32mBuilding CXX object CMakeFiles/ping-pong.dir/main.cpp.o[0m
[01m[K/home/pengbo/cbg-executor/ros2_examples/rclcpp/cbg-executor_ping-pong/main.cpp:[m[K In function â€˜[01m[Kint main(int, char**)[m[Kâ€™:
[01m[K/home/pengbo/cbg-executor/ros2_examples/rclcpp/cbg-executor_ping-pong/main.cpp:201:30:[m[K [01;31m[Kerror: [m[Kexpected â€˜[01m[K;[m[Kâ€™ before â€˜[01m[Kstd[m[Kâ€™
  201 |   be_let_period=atol(argv[7])
      |                              [01;31m[K^[m[K
      |                              [32m[K;[m[K
  202 |   [32m[Kstd[m[K::string scheduler;
      |   [32m[K~~~[m[K                         
[01m[K/home/pengbo/cbg-executor/ros2_examples/rclcpp/cbg-executor_ping-pong/main.cpp:205:5:[m[K [01;31m[Kerror: [m[Kâ€˜[01m[Kscheduler[m[Kâ€™ was not declared in this scope
  205 |     [01;31m[Kscheduler[m[K=argv[8];
      |     [01;31m[K^~~~~~~~~[m[K
[01m[K/home/pengbo/cbg-executor/ros2_examples/rclcpp/cbg-executor_ping-pong/main.cpp:208:16:[m[K [01;31m[Kerror: [m[Kâ€˜[01m[Kscheduler[m[Kâ€™ was not declared in this scope
  208 |   std::cout << [01;31m[Kscheduler[m[K << std::endl;
      |                [01;31m[K^~~~~~~~~[m[K
make[2]: *** [CMakeFiles/ping-pong.dir/build.make:63: CMakeFiles/ping-pong.dir/main.cpp.o] Error 1
make[1]: *** [CMakeFiles/Makefile2:78: CMakeFiles/ping-pong.dir/all] Error 2
make: *** [Makefile:141: all] Error 2
