[35m[1mScanning dependencies of target ping-pong[0m
[ 16%] [32mBuilding CXX object CMakeFiles/ping-pong.dir/exp1/main.cpp.o[0m
[01m[K/home/pengbo/cbg-executor/ros2_examples/rclcpp/cbg-executor_ping-pong/exp1/main.cpp:[m[K In function â€˜[01m[Kint main(int, char**)[m[Kâ€™:
[01m[K/home/pengbo/cbg-executor/ros2_examples/rclcpp/cbg-executor_ping-pong/exp1/main.cpp:366:24:[m[K [01;31m[Kerror: [m[Kâ€˜[01m[KSYS_getid[m[Kâ€™ was not declared in this scope; did you mean â€˜[01m[KSYS_getuid[m[Kâ€™?
  366 |    process_pid=syscall([01;31m[KSYS_getid[m[K);
      |                        [01;31m[K^~~~~~~~~[m[K
      |                        [32m[KSYS_getuid[m[K
make[2]: *** [CMakeFiles/ping-pong.dir/build.make:63: CMakeFiles/ping-pong.dir/exp1/main.cpp.o] Error 1
make[1]: *** [CMakeFiles/Makefile2:78: CMakeFiles/ping-pong.dir/all] Error 2
make: *** [Makefile:141: all] Error 2
