[ 25%] [32mBuilding CXX object CMakeFiles/ping-pong.dir/main.cpp.o[0m
[01m[K/home/pengbo/cbg-executor/ros2_examples/rclcpp/cbg-executor_ping-pong/main.cpp:[m[K In function â€˜[01m[Kint record_jitter(const timespec*, const timespec*, size_t)[m[Kâ€™:
[01m[K/home/pengbo/cbg-executor/ros2_examples/rclcpp/cbg-executor_ping-pong/main.cpp:111:10:[m[K [01;35m[Kwarning: [m[Kunused variable â€˜[01m[Ki[m[Kâ€™ [[01;35m[K-Wunused-variable[m[K]
  111 |   size_t [01;35m[Ki[m[K = iteration;
      |          [01;35m[K^[m[K
[01m[K/home/pengbo/cbg-executor/ros2_examples/rclcpp/cbg-executor_ping-pong/main.cpp:[m[K In lambda function:
[01m[K/home/pengbo/cbg-executor/ros2_examples/rclcpp/cbg-executor_ping-pong/main.cpp:232:19:[m[K [01;31m[Kerror: [m[Kâ€˜[01m[Kclass rclcpp::executors::SingleThreadedExecutor[m[Kâ€™ has no member named â€˜[01m[Kexecutor_spin_period[m[Kâ€™
  232 |       executor_rt.[01;31m[Kexecutor_spin_period[m[K(100);
      |                   [01;31m[K^~~~~~~~~~~~~~~~~~~~[m[K
make[2]: *** [CMakeFiles/ping-pong.dir/build.make:63: CMakeFiles/ping-pong.dir/main.cpp.o] Error 1
make[1]: *** [CMakeFiles/Makefile2:78: CMakeFiles/ping-pong.dir/all] Error 2
make: *** [Makefile:141: all] Error 2
