[0.009s] Invoking command in '/home/pengbo/rclcpp_cbg/ros2_rclcpp/build/rclcpp': /usr/bin/cmake --build /home/pengbo/rclcpp_cbg/ros2_rclcpp/build/rclcpp -- -j12 -l12
[0.068s] [  3%] Built target gmock
[0.068s] [  3%] Built target gtest_main
[0.068s] [  3%] Built target gtest
[0.068s] [  3%] Built target rclcpp_test_msgs__cpp
[0.069s] [  4%] Built target gmock_main
[0.071s] [  6%] Built target rclcpp_test_msgs__rosidl_generator_c
[0.086s] [35m[1mScanning dependencies of target rclcpp[0m
[0.090s] [  8%] Built target rclcpp_test_msgs__rosidl_typesupport_cpp
[0.091s] [  9%] Built target rclcpp_test_msgs__rosidl_typesupport_c
[0.092s] [ 10%] Built target test_function_traits
[0.094s] [ 12%] Built target rclcpp_test_msgs__rosidl_typesupport_fastrtps_cpp
[0.094s] [ 14%] Built target rclcpp_test_msgs__rosidl_typesupport_introspection_c
[0.095s] [ 16%] Built target rclcpp_test_msgs__rosidl_typesupport_introspection_cpp
[0.117s] [ 18%] Built target rclcpp_test_msgs__rosidl_typesupport_fastrtps_c
[0.135s] [ 18%] Built target rclcpp_test_msgs
[0.153s] [ 18%] Built target rclcpp_test_msgs__py
[0.157s] [ 18%] [32mBuilding CXX object CMakeFiles/rclcpp.dir/src/rclcpp/executors/single_threaded_executor.cpp.o[0m
[0.178s] [ 20%] Built target rclcpp_test_msgs__python
[0.199s] [ 21%] Built target rclcpp__rosidl_typesupport_c__pyext
[0.201s] [ 22%] Built target rclcpp__rosidl_typesupport_fastrtps_c__pyext
[0.203s] [ 23%] Built target rclcpp__rosidl_typesupport_introspection_c__pyext
[0.922s] [01m[K/home/pengbo/rclcpp_cbg/ros2_rclcpp/rclcpp/src/rclcpp/executors/single_threaded_executor.cpp:[m[K In function â€˜[01m[Kint record_jitter(const timespec*, const timespec*)[m[Kâ€™:
[0.922s] [01m[K/home/pengbo/rclcpp_cbg/ros2_rclcpp/rclcpp/src/rclcpp/executors/single_threaded_executor.cpp:129:12:[m[K [01;31m[Kerror: [m[Kâ€˜[01m[Kclass std::vector<long int, std::allocator<long int> >[m[Kâ€™ has no member named â€˜[01m[Kpushback[m[Kâ€™; did you mean â€˜[01m[Kpush_back[m[Kâ€™?
[0.922s]   129 |    jitters.[01;31m[Kpushback[m[K(latency_samples);
[0.922s]       |            [01;31m[K^~~~~~~~[m[K
[0.922s]       |            [32m[Kpush_back[m[K
[0.927s] [01m[K/home/pengbo/rclcpp_cbg/ros2_rclcpp/rclcpp/src/rclcpp/executors/single_threaded_executor.cpp:[m[K In member function â€˜[01m[Kvoid rclcpp::executors::SingleThreadedExecutor::executor_spin_one_period(uint64_t)[m[Kâ€™:
[0.927s] [01m[K/home/pengbo/rclcpp_cbg/ros2_rclcpp/rclcpp/src/rclcpp/executors/single_threaded_executor.cpp:174:33:[m[K [01;35m[Kwarning: [m[Kunused variable â€˜[01m[Kcurrent_time[m[Kâ€™ [[01;35m[K-Wunused-variable[m[K]
[0.927s]   174 |    struct timespec wakeup_time, [01;35m[Kcurrent_time[m[K;
[0.927s]       |                                 [01;35m[K^~~~~~~~~~~~[m[K
[0.928s] [01m[K/home/pengbo/rclcpp_cbg/ros2_rclcpp/rclcpp/src/rclcpp/executors/single_threaded_executor.cpp:[m[K In member function â€˜[01m[Kvoid rclcpp::executors::SingleThreadedExecutor::spin(uint64_t)[m[Kâ€™:
[0.928s] [01m[K/home/pengbo/rclcpp_cbg/ros2_rclcpp/rclcpp/src/rclcpp/executors/single_threaded_executor.cpp:261:32:[m[K [01;35m[Kwarning: [m[Kunused variable â€˜[01m[Kcurrent_time[m[Kâ€™ [[01;35m[K-Wunused-variable[m[K]
[0.928s]   261 |   struct timespec wakeup_time, [01;35m[Kcurrent_time[m[K;
[0.928s]       |                                [01;35m[K^~~~~~~~~~~~[m[K
[1.067s] make[2]: *** [CMakeFiles/rclcpp.dir/build.make:389: CMakeFiles/rclcpp.dir/src/rclcpp/executors/single_threaded_executor.cpp.o] Error 1
[1.067s] make[1]: *** [CMakeFiles/Makefile2:1129: CMakeFiles/rclcpp.dir/all] Error 2
[1.067s] make: *** [Makefile:141: all] Error 2
[1.069s] Invoked command in '/home/pengbo/rclcpp_cbg/ros2_rclcpp/build/rclcpp' returned '2': /usr/bin/cmake --build /home/pengbo/rclcpp_cbg/ros2_rclcpp/build/rclcpp -- -j12 -l12
