[0.010s] Invoking command in '/home/pengbo/rclcpp_cbg/ros2_rclcpp/build/rclcpp': /usr/bin/cmake --build /home/pengbo/rclcpp_cbg/ros2_rclcpp/build/rclcpp -- -j12 -l12
[0.059s] [  0%] Built target rclcpp_test_msgs__cpp
[0.063s] [  1%] Built target gmock_main
[0.064s] [  2%] Built target gtest_main
[0.064s] [  3%] Built target gtest
[0.065s] [  4%] Built target gmock
[0.068s] [  6%] Built target rclcpp_test_msgs__rosidl_generator_c
[0.074s] [  8%] Built target rclcpp_test_msgs__rosidl_typesupport_cpp
[0.075s] [ 10%] Built target rclcpp_test_msgs__rosidl_typesupport_introspection_cpp
[0.078s] [35m[1mScanning dependencies of target rclcpp[0m
[0.081s] [ 11%] Built target test_function_traits
[0.082s] [ 13%] Built target rclcpp_test_msgs__rosidl_typesupport_fastrtps_cpp
[0.085s] [ 15%] Built target rclcpp_test_msgs__rosidl_typesupport_introspection_c
[0.086s] [ 16%] Built target rclcpp_test_msgs__rosidl_typesupport_c
[0.100s] [ 18%] Built target rclcpp_test_msgs__rosidl_typesupport_fastrtps_c
[0.119s] [ 18%] Built target rclcpp_test_msgs
[0.135s] [ 18%] [32mBuilding CXX object CMakeFiles/rclcpp.dir/src/rclcpp/executors/single_threaded_executor.cpp.o[0m
[0.137s] [ 18%] Built target rclcpp_test_msgs__py
[0.157s] [ 20%] Built target rclcpp_test_msgs__python
[0.177s] [ 21%] Built target rclcpp__rosidl_typesupport_fastrtps_c__pyext
[0.178s] [ 22%] Built target rclcpp__rosidl_typesupport_c__pyext
[0.179s] [ 23%] Built target rclcpp__rosidl_typesupport_introspection_c__pyext
[0.899s] [01m[K/home/pengbo/rclcpp_cbg/ros2_rclcpp/rclcpp/src/rclcpp/executors/single_threaded_executor.cpp:[m[K In member function â€˜[01m[Kvoid rclcpp::executors::SingleThreadedExecutor::executor_spin_one_period(uint64_t)[m[Kâ€™:
[0.900s] [01m[K/home/pengbo/rclcpp_cbg/ros2_rclcpp/rclcpp/src/rclcpp/executors/single_threaded_executor.cpp:183:33:[m[K [01;35m[Kwarning: [m[Kunused variable â€˜[01m[Kcurrent_time[m[Kâ€™ [[01;35m[K-Wunused-variable[m[K]
[0.900s]   183 |    struct timespec wakeup_time, [01;35m[Kcurrent_time[m[K;
[0.900s]       |                                 [01;35m[K^~~~~~~~~~~~[m[K
[0.903s] [01m[K/home/pengbo/rclcpp_cbg/ros2_rclcpp/rclcpp/src/rclcpp/executors/single_threaded_executor.cpp:[m[K In member function â€˜[01m[Kvoid rclcpp::executors::SingleThreadedExecutor::executor_spin_period(uint64_t)[m[Kâ€™:
[0.903s] [01m[K/home/pengbo/rclcpp_cbg/ros2_rclcpp/rclcpp/src/rclcpp/executors/single_threaded_executor.cpp:237:45:[m[K [01;31m[Kerror: [m[Kâ€˜[01m[Ktheoretical_time[m[Kâ€™ was not declared in this scope
[0.903s]   237 |       multiply_timespec(&update_period, i, &[01;31m[Ktheoretical_time[m[K);
[0.903s]       |                                             [01;31m[K^~~~~~~~~~~~~~~~[m[K
[0.905s] [01m[K/home/pengbo/rclcpp_cbg/ros2_rclcpp/rclcpp/src/rclcpp/executors/single_threaded_executor.cpp:[m[K In member function â€˜[01m[Kstd::vector<long int, std::allocator<long int> > rclcpp::executors::SingleThreadedExecutor::spin(uint64_t)[m[Kâ€™:
[0.905s] [01m[K/home/pengbo/rclcpp_cbg/ros2_rclcpp/rclcpp/src/rclcpp/executors/single_threaded_executor.cpp:285:32:[m[K [01;35m[Kwarning: [m[Kunused variable â€˜[01m[Kcurrent_time[m[Kâ€™ [[01;35m[K-Wunused-variable[m[K]
[0.905s]   285 |   struct timespec wakeup_time, [01;35m[Kcurrent_time[m[K;
[0.905s]       |                                [01;35m[K^~~~~~~~~~~~[m[K
[1.051s] make[2]: *** [CMakeFiles/rclcpp.dir/build.make:389: CMakeFiles/rclcpp.dir/src/rclcpp/executors/single_threaded_executor.cpp.o] Error 1
[1.051s] make[1]: *** [CMakeFiles/Makefile2:1129: CMakeFiles/rclcpp.dir/all] Error 2
[1.051s] make: *** [Makefile:141: all] Error 2
[1.054s] Invoked command in '/home/pengbo/rclcpp_cbg/ros2_rclcpp/build/rclcpp' returned '2': /usr/bin/cmake --build /home/pengbo/rclcpp_cbg/ros2_rclcpp/build/rclcpp -- -j12 -l12
