[0.009s] Invoking command in '/home/pengbo/rclcpp_cbg/ros2_rclcpp/build/rclcpp': /usr/bin/cmake --build /home/pengbo/rclcpp_cbg/ros2_rclcpp/build/rclcpp -- -j12 -l12
[0.069s] [  3%] Built target gmock
[0.069s] [  3%] Built target rclcpp_test_msgs__rosidl_generator_c
[0.069s] [  4%] Built target gtest
[0.069s] [  5%] Built target rclcpp_test_msgs__cpp
[0.069s] [  5%] Built target gtest_main
[0.071s] [  6%] Built target gmock_main
[0.080s] [35m[1mScanning dependencies of target rclcpp[0m
[0.082s] [  7%] Built target rclcpp_test_msgs__rosidl_typesupport_c
[0.084s] [  9%] Built target rclcpp_test_msgs__rosidl_typesupport_cpp
[0.084s] [ 11%] Built target rclcpp_test_msgs__rosidl_typesupport_introspection_c
[0.084s] [ 12%] Built target test_function_traits
[0.085s] [ 16%] Built target rclcpp_test_msgs__rosidl_typesupport_fastrtps_cpp
[0.085s] [ 16%] Built target rclcpp_test_msgs__rosidl_typesupport_introspection_cpp
[0.102s] [ 18%] Built target rclcpp_test_msgs__rosidl_typesupport_fastrtps_c
[0.119s] [ 18%] Built target rclcpp_test_msgs
[0.139s] [ 18%] Built target rclcpp_test_msgs__py
[0.140s] [ 18%] [32mBuilding CXX object CMakeFiles/rclcpp.dir/src/rclcpp/executors/single_threaded_executor.cpp.o[0m
[0.162s] [ 20%] Built target rclcpp_test_msgs__python
[0.181s] [ 21%] Built target rclcpp__rosidl_typesupport_fastrtps_c__pyext
[0.181s] [ 22%] Built target rclcpp__rosidl_typesupport_introspection_c__pyext
[0.186s] [ 23%] Built target rclcpp__rosidl_typesupport_c__pyext
[0.870s] [01m[K/home/pengbo/rclcpp_cbg/ros2_rclcpp/rclcpp/src/rclcpp/executors/single_threaded_executor.cpp:[m[K In function â€˜[01m[Kint record_jitter(const timespec*, const timespec*, size_t)[m[Kâ€™:
[0.870s] [01m[K/home/pengbo/rclcpp_cbg/ros2_rclcpp/rclcpp/src/rclcpp/executors/single_threaded_executor.cpp:105:10:[m[K [01;35m[Kwarning: [m[Kunused variable â€˜[01m[Ki[m[Kâ€™ [[01;35m[K-Wunused-variable[m[K]
[0.871s]   105 |   size_t [01;35m[Ki[m[K = iteration;
[0.871s]       |          [01;35m[K^[m[K
[0.875s] [01m[K/home/pengbo/rclcpp_cbg/ros2_rclcpp/rclcpp/src/rclcpp/executors/single_threaded_executor.cpp:[m[K In member function â€˜[01m[Kvoid rclcpp::executors::SingleThreadedExecutor::executor_spin_one_period(uint64_t)[m[Kâ€™:
[0.875s] [01m[K/home/pengbo/rclcpp_cbg/ros2_rclcpp/rclcpp/src/rclcpp/executors/single_threaded_executor.cpp:184:8:[m[K [01;31m[Kerror: [m[Kconflicting declaration â€˜[01m[Kauto current_time[m[Kâ€™
[0.875s]   184 |   auto [01;31m[Kcurrent_time[m[K = std::chrono::steady_clock::now();
[0.875s]       |        [01;31m[K^~~~~~~~~~~~[m[K
[0.875s] [01m[K/home/pengbo/rclcpp_cbg/ros2_rclcpp/rclcpp/src/rclcpp/executors/single_threaded_executor.cpp:169:32:[m[K [01;36m[Knote: [m[Kprevious declaration as â€˜[01m[Ktimespec current_time[m[Kâ€™
[0.875s]   169 |   struct timespec wakeup_time, [01;36m[Kcurrent_time[m[K;
[0.875s]       |                                [01;36m[K^~~~~~~~~~~~[m[K
[1.011s] make[2]: *** [CMakeFiles/rclcpp.dir/build.make:389: CMakeFiles/rclcpp.dir/src/rclcpp/executors/single_threaded_executor.cpp.o] Error 1
[1.011s] make[1]: *** [CMakeFiles/Makefile2:1129: CMakeFiles/rclcpp.dir/all] Error 2
[1.011s] make: *** [Makefile:141: all] Error 2
[1.013s] Invoked command in '/home/pengbo/rclcpp_cbg/ros2_rclcpp/build/rclcpp' returned '2': /usr/bin/cmake --build /home/pengbo/rclcpp_cbg/ros2_rclcpp/build/rclcpp -- -j12 -l12
