[  1%] Built target gtest
[  2%] Built target gtest_main
[  3%] Built target gmock
[  4%] Built target gmock_main
[  4%] Built target rclcpp_test_msgs__cpp
[  6%] Built target rclcpp_test_msgs__rosidl_generator_c
[  7%] Built target test_function_traits
[  9%] Built target rclcpp_test_msgs__rosidl_typesupport_cpp
[ 12%] Built target rclcpp_test_msgs__rosidl_typesupport_c
[ 12%] Built target rclcpp_test_msgs__rosidl_typesupport_introspection_c
[ 14%] Built target rclcpp_test_msgs__rosidl_typesupport_introspection_cpp
[ 16%] Built target rclcpp_test_msgs__rosidl_typesupport_fastrtps_cpp
[35m[1mScanning dependencies of target rclcpp[0m
[ 18%] Built target rclcpp_test_msgs__rosidl_typesupport_fastrtps_c
[ 18%] Built target rclcpp_test_msgs
[ 18%] Built target rclcpp_test_msgs__py
[ 18%] [32mBuilding CXX object CMakeFiles/rclcpp.dir/src/rclcpp/executors/single_threaded_executor.cpp.o[0m
[ 20%] Built target rclcpp_test_msgs__python
[ 22%] Built target rclcpp__rosidl_typesupport_introspection_c__pyext
[ 22%] Built target rclcpp__rosidl_typesupport_c__pyext
[ 23%] Built target rclcpp__rosidl_typesupport_fastrtps_c__pyext
[01m[K/home/pengbo/rclcpp_cbg/ros2_rclcpp/rclcpp/src/rclcpp/executors/single_threaded_executor.cpp:148:70:[m[K [01;31m[Kerror: [m[Kâ€˜[01m[Ksystem_clock[m[Kâ€™ has not been declared
  148 | bool max_duration_not_elapsed (std::chrono::nanoseconds max_duration,[01;31m[Ksystem_clock[m[K::time_point start) {
      |                                                                      [01;31m[K^~~~~~~~~~~~[m[K
[01m[K/home/pengbo/rclcpp_cbg/ros2_rclcpp/rclcpp/src/rclcpp/executors/single_threaded_executor.cpp:148:95:[m[K [01;31m[Kerror: [m[Kexpected â€˜[01m[K,[m[Kâ€™ or â€˜[01m[K...[m[Kâ€™ before â€˜[01m[Kstart[m[Kâ€™
  148 | bool max_duration_not_elapsed (std::chrono::nanoseconds max_duration,system_clock::time_point [01;31m[Kstart[m[K) {
      |                                                                                               [01;31m[K^~~~~[m[K
[01m[K/home/pengbo/rclcpp_cbg/ros2_rclcpp/rclcpp/src/rclcpp/executors/single_threaded_executor.cpp:[m[K In function â€˜[01m[Kbool max_duration_not_elapsed(std::chrono::nanoseconds, int)[m[Kâ€™:
[01m[K/home/pengbo/rclcpp_cbg/ros2_rclcpp/rclcpp/src/rclcpp/executors/single_threaded_executor.cpp:150:46:[m[K [01;31m[Kerror: [m[Kâ€˜[01m[Kstart[m[Kâ€™ was not declared in this scope
  150 |       if (std::chrono::steady_clock::now() - [01;31m[Kstart[m[K < max_duration) {
      |                                              [01;31m[K^~~~~[m[K
[01m[K/home/pengbo/rclcpp_cbg/ros2_rclcpp/rclcpp/src/rclcpp/executors/single_threaded_executor.cpp:148:84:[m[K [01;35m[Kwarning: [m[Kunused parameter â€˜[01m[Ktime_point[m[Kâ€™ [[01;35m[K-Wunused-parameter[m[K]
  148 | bool max_duration_not_elapsed (std::chrono::nanoseconds max_duration,[01;35m[Ksystem_clock::time_point[m[K start) {
      |                                                                      [01;35m[K~~~~~~~~~~~~~~^~~~~~~~~~[m[K
[01m[K/home/pengbo/rclcpp_cbg/ros2_rclcpp/rclcpp/src/rclcpp/executors/single_threaded_executor.cpp:[m[K In member function â€˜[01m[Kvirtual void rclcpp::executors::SingleThreadedExecutor::spin_some(std::chrono::nanoseconds)[m[Kâ€™:
[01m[K/home/pengbo/rclcpp_cbg/ros2_rclcpp/rclcpp/src/rclcpp/executors/single_threaded_executor.cpp:179:76:[m[K [01;31m[Kerror: [m[Kcannot convert â€˜[01m[Kstd::chrono::time_point<std::chrono::_V2::steady_clock, std::chrono::duration<long int, std::ratio<1, 1000000000> > >[m[Kâ€™ to â€˜[01m[Kint[m[Kâ€™
  179 |   while (rclcpp::ok(this->context_)&&max_duration_not_elapsed(max_duration,[01;31m[Kstart[m[K)) {
      |                                                                            [01;31m[K^~~~~[m[K
      |                                                                            [01;31m[K|[m[K
      |                                                                            [01;31m[Kstd::chrono::time_point<std::chrono::_V2::steady_clock, std::chrono::duration<long int, std::ratio<1, 1000000000> > >[m[K
[01m[K/home/pengbo/rclcpp_cbg/ros2_rclcpp/rclcpp/src/rclcpp/executors/single_threaded_executor.cpp:148:84:[m[K [01;36m[Knote: [m[K  initializing argument 2 of â€˜[01m[Kbool max_duration_not_elapsed(std::chrono::nanoseconds, int)[m[Kâ€™
  148 | bool max_duration_not_elapsed (std::chrono::nanoseconds max_duration,[01;36m[Ksystem_clock::time_point[m[K start) {
      |                                                                      [01;36m[K~~~~~~~~~~~~~~^~~~~~~~~~[m[K
make[2]: *** [CMakeFiles/rclcpp.dir/build.make:389: CMakeFiles/rclcpp.dir/src/rclcpp/executors/single_threaded_executor.cpp.o] Error 1
make[1]: *** [CMakeFiles/Makefile2:1129: CMakeFiles/rclcpp.dir/all] Error 2
make: *** [Makefile:141: all] Error 2
