[0.011s] Invoking command in '/home/pengbo/rclcpp_cbg/ros2_rclcpp/build/rclcpp': /usr/bin/cmake --build /home/pengbo/rclcpp_cbg/ros2_rclcpp/build/rclcpp -- -j12 -l12
[0.061s] [  1%] Built target gtest
[0.065s] [  2%] Built target gtest_main
[0.065s] [  3%] Built target gmock
[0.065s] [  4%] Built target gmock_main
[0.067s] [  4%] Built target rclcpp_test_msgs__cpp
[0.069s] [  6%] Built target rclcpp_test_msgs__rosidl_generator_c
[0.082s] [  7%] Built target test_function_traits
[0.083s] [  9%] Built target rclcpp_test_msgs__rosidl_typesupport_cpp
[0.084s] [ 12%] Built target rclcpp_test_msgs__rosidl_typesupport_c
[0.084s] [ 12%] Built target rclcpp_test_msgs__rosidl_typesupport_introspection_c
[0.085s] [ 14%] Built target rclcpp_test_msgs__rosidl_typesupport_introspection_cpp
[0.087s] [ 16%] Built target rclcpp_test_msgs__rosidl_typesupport_fastrtps_cpp
[0.087s] [35m[1mScanning dependencies of target rclcpp[0m
[0.106s] [ 18%] Built target rclcpp_test_msgs__rosidl_typesupport_fastrtps_c
[0.125s] [ 18%] Built target rclcpp_test_msgs
[0.142s] [ 18%] Built target rclcpp_test_msgs__py
[0.151s] [ 18%] [32mBuilding CXX object CMakeFiles/rclcpp.dir/src/rclcpp/executors/single_threaded_executor.cpp.o[0m
[0.163s] [ 20%] Built target rclcpp_test_msgs__python
[0.183s] [ 22%] Built target rclcpp__rosidl_typesupport_introspection_c__pyext
[0.183s] [ 22%] Built target rclcpp__rosidl_typesupport_c__pyext
[0.185s] [ 23%] Built target rclcpp__rosidl_typesupport_fastrtps_c__pyext
[0.905s] [01m[K/home/pengbo/rclcpp_cbg/ros2_rclcpp/rclcpp/src/rclcpp/executors/single_threaded_executor.cpp:148:70:[m[K [01;31m[Kerror: [m[Kâ€˜[01m[Ksystem_clock[m[Kâ€™ has not been declared
[0.905s]   148 | bool max_duration_not_elapsed (std::chrono::nanoseconds max_duration,[01;31m[Ksystem_clock[m[K::time_point start) {
[0.905s]       |                                                                      [01;31m[K^~~~~~~~~~~~[m[K
[0.905s] [01m[K/home/pengbo/rclcpp_cbg/ros2_rclcpp/rclcpp/src/rclcpp/executors/single_threaded_executor.cpp:148:95:[m[K [01;31m[Kerror: [m[Kexpected â€˜[01m[K,[m[Kâ€™ or â€˜[01m[K...[m[Kâ€™ before â€˜[01m[Kstart[m[Kâ€™
[0.905s]   148 | bool max_duration_not_elapsed (std::chrono::nanoseconds max_duration,system_clock::time_point [01;31m[Kstart[m[K) {
[0.906s]       |                                                                                               [01;31m[K^~~~~[m[K
[0.906s] [01m[K/home/pengbo/rclcpp_cbg/ros2_rclcpp/rclcpp/src/rclcpp/executors/single_threaded_executor.cpp:[m[K In function â€˜[01m[Kbool max_duration_not_elapsed(std::chrono::nanoseconds, int)[m[Kâ€™:
[0.906s] [01m[K/home/pengbo/rclcpp_cbg/ros2_rclcpp/rclcpp/src/rclcpp/executors/single_threaded_executor.cpp:150:46:[m[K [01;31m[Kerror: [m[Kâ€˜[01m[Kstart[m[Kâ€™ was not declared in this scope
[0.906s]   150 |       if (std::chrono::steady_clock::now() - [01;31m[Kstart[m[K < max_duration) {
[0.906s]       |                                              [01;31m[K^~~~~[m[K
[0.906s] [01m[K/home/pengbo/rclcpp_cbg/ros2_rclcpp/rclcpp/src/rclcpp/executors/single_threaded_executor.cpp:148:84:[m[K [01;35m[Kwarning: [m[Kunused parameter â€˜[01m[Ktime_point[m[Kâ€™ [[01;35m[K-Wunused-parameter[m[K]
[0.906s]   148 | bool max_duration_not_elapsed (std::chrono::nanoseconds max_duration,[01;35m[Ksystem_clock::time_point[m[K start) {
[0.907s]       |                                                                      [01;35m[K~~~~~~~~~~~~~~^~~~~~~~~~[m[K
[0.907s] [01m[K/home/pengbo/rclcpp_cbg/ros2_rclcpp/rclcpp/src/rclcpp/executors/single_threaded_executor.cpp:[m[K In member function â€˜[01m[Kvirtual void rclcpp::executors::SingleThreadedExecutor::spin_some(std::chrono::nanoseconds)[m[Kâ€™:
[0.907s] [01m[K/home/pengbo/rclcpp_cbg/ros2_rclcpp/rclcpp/src/rclcpp/executors/single_threaded_executor.cpp:179:76:[m[K [01;31m[Kerror: [m[Kcannot convert â€˜[01m[Kstd::chrono::time_point<std::chrono::_V2::steady_clock, std::chrono::duration<long int, std::ratio<1, 1000000000> > >[m[Kâ€™ to â€˜[01m[Kint[m[Kâ€™
[0.907s]   179 |   while (rclcpp::ok(this->context_)&&max_duration_not_elapsed(max_duration,[01;31m[Kstart[m[K)) {
[0.907s]       |                                                                            [01;31m[K^~~~~[m[K
[0.907s]       |                                                                            [01;31m[K|[m[K
[0.907s]       |                                                                            [01;31m[Kstd::chrono::time_point<std::chrono::_V2::steady_clock, std::chrono::duration<long int, std::ratio<1, 1000000000> > >[m[K
[0.907s] [01m[K/home/pengbo/rclcpp_cbg/ros2_rclcpp/rclcpp/src/rclcpp/executors/single_threaded_executor.cpp:148:84:[m[K [01;36m[Knote: [m[K  initializing argument 2 of â€˜[01m[Kbool max_duration_not_elapsed(std::chrono::nanoseconds, int)[m[Kâ€™
[0.907s]   148 | bool max_duration_not_elapsed (std::chrono::nanoseconds max_duration,[01;36m[Ksystem_clock::time_point[m[K start) {
[0.907s]       |                                                                      [01;36m[K~~~~~~~~~~~~~~^~~~~~~~~~[m[K
[1.075s] make[2]: *** [CMakeFiles/rclcpp.dir/build.make:389: CMakeFiles/rclcpp.dir/src/rclcpp/executors/single_threaded_executor.cpp.o] Error 1
[1.075s] make[1]: *** [CMakeFiles/Makefile2:1129: CMakeFiles/rclcpp.dir/all] Error 2
[1.075s] make: *** [Makefile:141: all] Error 2
[1.078s] Invoked command in '/home/pengbo/rclcpp_cbg/ros2_rclcpp/build/rclcpp' returned '2': /usr/bin/cmake --build /home/pengbo/rclcpp_cbg/ros2_rclcpp/build/rclcpp -- -j12 -l12
