[0.012s] Invoking command in '/home/pengbo/rclcpp_cbg/ros2_rclcpp/build/rclcpp': /usr/bin/cmake --build /home/pengbo/rclcpp_cbg/ros2_rclcpp/build/rclcpp -- -j12 -l12
[0.067s] [  1%] Built target gtest_main
[0.069s] [  2%] Built target gtest
[0.071s] [  3%] Built target rclcpp_test_msgs__cpp
[0.071s] [  3%] Built target gmock
[0.073s] [  5%] Built target rclcpp_test_msgs__rosidl_generator_c
[0.073s] [  6%] Built target gmock_main
[0.089s] [  7%] Built target test_function_traits
[0.092s] [35m[1mScanning dependencies of target rclcpp[0m
[0.092s] [  9%] Built target rclcpp_test_msgs__rosidl_typesupport_introspection_cpp
[0.094s] [ 11%] Built target rclcpp_test_msgs__rosidl_typesupport_introspection_c
[0.095s] [ 13%] Built target rclcpp_test_msgs__rosidl_typesupport_cpp
[0.096s] [ 14%] Built target rclcpp_test_msgs__rosidl_typesupport_c
[0.099s] [ 16%] Built target rclcpp_test_msgs__rosidl_typesupport_fastrtps_cpp
[0.121s] [ 18%] Built target rclcpp_test_msgs__rosidl_typesupport_fastrtps_c
[0.138s] [ 18%] Built target rclcpp_test_msgs
[0.156s] [ 18%] Built target rclcpp_test_msgs__py
[0.164s] [ 18%] [32mBuilding CXX object CMakeFiles/rclcpp.dir/src/rclcpp/executors/single_threaded_executor.cpp.o[0m
[0.181s] [ 20%] Built target rclcpp_test_msgs__python
[0.202s] [ 21%] Built target rclcpp__rosidl_typesupport_fastrtps_c__pyext
[0.203s] [ 22%] Built target rclcpp__rosidl_typesupport_introspection_c__pyext
[0.203s] [ 23%] Built target rclcpp__rosidl_typesupport_c__pyext
[0.954s] [01m[K/home/pengbo/rclcpp_cbg/ros2_rclcpp/rclcpp/src/rclcpp/executors/single_threaded_executor.cpp:[m[K In member function â€˜[01m[Kvoid rclcpp::executors::SingleThreadedExecutor::executor_spin_one_period(uint64_t)[m[Kâ€™:
[0.954s] [01m[K/home/pengbo/rclcpp_cbg/ros2_rclcpp/rclcpp/src/rclcpp/executors/single_threaded_executor.cpp:191:63:[m[K [01;31m[Kerror: [m[Kâ€˜[01m[Kexecute_time[m[Kâ€™ was not declared in this scope; did you mean â€˜[01m[Kexecute_timer[m[Kâ€™?
[0.955s]   191 |       subtract_timespecs(&start_time_period,&end_time_period,&[01;31m[Kexecute_time[m[K);
[0.955s]       |                                                               [01;31m[K^~~~~~~~~~~~[m[K
[0.955s]       |                                                               [32m[Kexecute_timer[m[K
[0.955s] [01m[K/home/pengbo/rclcpp_cbg/ros2_rclcpp/rclcpp/src/rclcpp/executors/single_threaded_executor.cpp:168:33:[m[K [01;35m[Kwarning: [m[Kunused variable â€˜[01m[Kcurrent_time[m[Kâ€™ [[01;35m[K-Wunused-variable[m[K]
[0.955s]   168 |    struct timespec wakeup_time, [01;35m[Kcurrent_time[m[K;
[0.955s]       |                                 [01;35m[K^~~~~~~~~~~~[m[K
[0.956s] [01m[K/home/pengbo/rclcpp_cbg/ros2_rclcpp/rclcpp/src/rclcpp/executors/single_threaded_executor.cpp:[m[K In member function â€˜[01m[Kvoid rclcpp::executors::SingleThreadedExecutor::spin(uint64_t)[m[Kâ€™:
[0.956s] [01m[K/home/pengbo/rclcpp_cbg/ros2_rclcpp/rclcpp/src/rclcpp/executors/single_threaded_executor.cpp:270:53:[m[K [01;31m[Kerror: [m[Kâ€˜[01m[Ki[m[Kâ€™ was not declared in this scope
[0.956s]   270 |       record_jitter(&wakeup_time, &end_time_period, [01;31m[Ki[m[K);
[0.956s]       |                                                     [01;31m[K^[m[K
[0.956s] [01m[K/home/pengbo/rclcpp_cbg/ros2_rclcpp/rclcpp/src/rclcpp/executors/single_threaded_executor.cpp:255:32:[m[K [01;35m[Kwarning: [m[Kunused variable â€˜[01m[Kcurrent_time[m[Kâ€™ [[01;35m[K-Wunused-variable[m[K]
[0.956s]   255 |   struct timespec wakeup_time, [01;35m[Kcurrent_time[m[K;
[0.956s]       |                                [01;35m[K^~~~~~~~~~~~[m[K
[1.107s] make[2]: *** [CMakeFiles/rclcpp.dir/build.make:389: CMakeFiles/rclcpp.dir/src/rclcpp/executors/single_threaded_executor.cpp.o] Error 1
[1.107s] make[1]: *** [CMakeFiles/Makefile2:1129: CMakeFiles/rclcpp.dir/all] Error 2
[1.107s] make: *** [Makefile:141: all] Error 2
[1.109s] Invoked command in '/home/pengbo/rclcpp_cbg/ros2_rclcpp/build/rclcpp' returned '2': /usr/bin/cmake --build /home/pengbo/rclcpp_cbg/ros2_rclcpp/build/rclcpp -- -j12 -l12
