[  1%] Built target gmock_main
[  3%] Built target gmock
[  3%] Built target gtest_main
[  5%] Built target rclcpp_test_msgs__rosidl_generator_c
[  6%] Built target gtest
[  6%] Built target rclcpp_test_msgs__cpp
[  7%] Built target test_function_traits
[  8%] Built target rclcpp_test_msgs__rosidl_typesupport_c
[ 12%] Built target rclcpp_test_msgs__rosidl_typesupport_introspection_cpp
[ 12%] Built target rclcpp_test_msgs__rosidl_typesupport_introspection_c
[ 14%] Built target rclcpp_test_msgs__rosidl_typesupport_cpp
[ 16%] Built target rclcpp_test_msgs__rosidl_typesupport_fastrtps_cpp
[35m[1mScanning dependencies of target rclcpp[0m
[ 18%] Built target rclcpp_test_msgs__rosidl_typesupport_fastrtps_c
[ 18%] Built target rclcpp_test_msgs
[ 18%] Built target rclcpp_test_msgs__py
[ 18%] [32mBuilding CXX object CMakeFiles/rclcpp.dir/src/rclcpp/node.cpp.o[0m
[ 18%] [32mBuilding CXX object CMakeFiles/rclcpp.dir/src/rclcpp/node_interfaces/node_parameters.cpp.o[0m
[ 20%] Built target rclcpp_test_msgs__python
[ 21%] [32mBuilding CXX object CMakeFiles/rclcpp.dir/src/rclcpp/parameter_client.cpp.o[0m
[ 21%] [32mBuilding CXX object CMakeFiles/rclcpp.dir/src/rclcpp/executors.cpp.o[0m
[ 21%] [32mBuilding CXX object CMakeFiles/rclcpp.dir/src/rclcpp/executors/single_threaded_executor.cpp.o[0m
[ 21%] [32mBuilding CXX object CMakeFiles/rclcpp.dir/src/rclcpp/parameter_service.cpp.o[0m
[ 22%] [32mBuilding CXX object CMakeFiles/rclcpp.dir/src/rclcpp/parameter.cpp.o[0m
[ 22%] [32mBuilding CXX object CMakeFiles/rclcpp.dir/src/rclcpp/time_source.cpp.o[0m
[ 23%] Built target rclcpp__rosidl_typesupport_c__pyext
[ 24%] Built target rclcpp__rosidl_typesupport_fastrtps_c__pyext
[ 25%] Built target rclcpp__rosidl_typesupport_introspection_c__pyext
In file included from [01m[K/home/pengbo/rclcpp_cbg/ros2_rclcpp/rclcpp/include/rclcpp/executors.hpp:22[m[K,
                 from [01m[K/home/pengbo/rclcpp_cbg/ros2_rclcpp/rclcpp/src/rclcpp/executors.cpp:15[m[K:
[01m[K/home/pengbo/rclcpp_cbg/ros2_rclcpp/rclcpp/include/rclcpp/executors/single_threaded_executor.hpp:75:50:[m[K [01;31m[Kerror: [m[Kâ€˜[01m[Kstring[m[Kâ€™ has not been declared
   75 |   executor_spin_one_period(const uint64_t period,[01;31m[Kstring[m[K thread_name1);
      |                                                  [01;31m[K^~~~~~[m[K
[01m[K/home/pengbo/rclcpp_cbg/ros2_rclcpp/rclcpp/include/rclcpp/executors/single_threaded_executor.hpp:78:46:[m[K [01;31m[Kerror: [m[Kâ€˜[01m[Kstring[m[Kâ€™ has not been declared
   78 |   executor_spin_period(const uint64_t period,[01;31m[Kstring[m[K thread_name1);
      |                                              [01;31m[K^~~~~~[m[K
In file included from [01m[K/home/pengbo/rclcpp_cbg/ros2_rclcpp/rclcpp/include/rclcpp/executors.hpp:22[m[K,
                 from [01m[K/home/pengbo/rclcpp_cbg/ros2_rclcpp/rclcpp/include/rclcpp/parameter_service.hpp:27[m[K,
                 from [01m[K/home/pengbo/rclcpp_cbg/ros2_rclcpp/rclcpp/include/rclcpp/node_interfaces/node_parameters.hpp:36[m[K,
                 from [01m[K/home/pengbo/rclcpp_cbg/ros2_rclcpp/rclcpp/src/rclcpp/node_interfaces/node_parameters.cpp:15[m[K:
[01m[K/home/pengbo/rclcpp_cbg/ros2_rclcpp/rclcpp/include/rclcpp/executors/single_threaded_executor.hpp:75:50:[m[K [01;31m[Kerror: [m[Kâ€˜[01m[Kstring[m[Kâ€™ has not been declared
   75 |   executor_spin_one_period(const uint64_t period,[01;31m[Kstring[m[K thread_name1);
      |                                                  [01;31m[K^~~~~~[m[K
[01m[K/home/pengbo/rclcpp_cbg/ros2_rclcpp/rclcpp/include/rclcpp/executors/single_threaded_executor.hpp:78:46:[m[K [01;31m[Kerror: [m[Kâ€˜[01m[Kstring[m[Kâ€™ has not been declared
   78 |   executor_spin_period(const uint64_t period,[01;31m[Kstring[m[K thread_name1);
      |                                              [01;31m[K^~~~~~[m[K
In file included from [01m[K/home/pengbo/rclcpp_cbg/ros2_rclcpp/rclcpp/include/rclcpp/executors.hpp:22[m[K,
                 from [01m[K/home/pengbo/rclcpp_cbg/ros2_rclcpp/rclcpp/include/rclcpp/parameter_service.hpp:27[m[K,
                 from [01m[K/home/pengbo/rclcpp_cbg/ros2_rclcpp/rclcpp/src/rclcpp/parameter_service.cpp:15[m[K:
[01m[K/home/pengbo/rclcpp_cbg/ros2_rclcpp/rclcpp/include/rclcpp/executors/single_threaded_executor.hpp:75:50:[m[K [01;31m[Kerror: [m[Kâ€˜[01m[Kstring[m[Kâ€™ has not been declared
   75 |   executor_spin_one_period(const uint64_t period,[01;31m[Kstring[m[K thread_name1);
      |                                                  [01;31m[K^~~~~~[m[K
[01m[K/home/pengbo/rclcpp_cbg/ros2_rclcpp/rclcpp/include/rclcpp/executors/single_threaded_executor.hpp:78:46:[m[K [01;31m[Kerror: [m[Kâ€˜[01m[Kstring[m[Kâ€™ has not been declared
   78 |   executor_spin_period(const uint64_t period,[01;31m[Kstring[m[K thread_name1);
      |                                              [01;31m[K^~~~~~[m[K
In file included from [01m[K/home/pengbo/rclcpp_cbg/ros2_rclcpp/rclcpp/include/rclcpp/executors.hpp:22[m[K,
                 from [01m[K/home/pengbo/rclcpp_cbg/ros2_rclcpp/rclcpp/include/rclcpp/parameter_client.hpp:32[m[K,
                 from [01m[K/home/pengbo/rclcpp_cbg/ros2_rclcpp/rclcpp/src/rclcpp/time_source.cpp:28[m[K:
[01m[K/home/pengbo/rclcpp_cbg/ros2_rclcpp/rclcpp/include/rclcpp/executors/single_threaded_executor.hpp:75:50:[m[K [01;31m[Kerror: [m[Kâ€˜[01m[Kstring[m[Kâ€™ has not been declared
   75 |   executor_spin_one_period(const uint64_t period,[01;31m[Kstring[m[K thread_name1);
      |                                                  [01;31m[K^~~~~~[m[K
[01m[K/home/pengbo/rclcpp_cbg/ros2_rclcpp/rclcpp/include/rclcpp/executors/single_threaded_executor.hpp:78:46:[m[K [01;31m[Kerror: [m[Kâ€˜[01m[Kstring[m[Kâ€™ has not been declared
   78 |   executor_spin_period(const uint64_t period,[01;31m[Kstring[m[K thread_name1);
      |                                              [01;31m[K^~~~~~[m[K
In file included from [01m[K/home/pengbo/rclcpp_cbg/ros2_rclcpp/rclcpp/src/rclcpp/executors/single_threaded_executor.cpp:15[m[K:
[01m[K/home/pengbo/rclcpp_cbg/ros2_rclcpp/rclcpp/include/rclcpp/executors/single_threaded_executor.hpp:75:50:[m[K [01;31m[Kerror: [m[Kâ€˜[01m[Kstring[m[Kâ€™ has not been declared
   75 |   executor_spin_one_period(const uint64_t period,[01;31m[Kstring[m[K thread_name1);
      |                                                  [01;31m[K^~~~~~[m[K
[01m[K/home/pengbo/rclcpp_cbg/ros2_rclcpp/rclcpp/include/rclcpp/executors/single_threaded_executor.hpp:78:46:[m[K [01;31m[Kerror: [m[Kâ€˜[01m[Kstring[m[Kâ€™ has not been declared
   78 |   executor_spin_period(const uint64_t period,[01;31m[Kstring[m[K thread_name1);
      |                                              [01;31m[K^~~~~~[m[K
make[2]: *** [CMakeFiles/rclcpp.dir/build.make:350: CMakeFiles/rclcpp.dir/src/rclcpp/executors.cpp.o] Error 1
make[2]: *** Waiting for unfinished jobs....
[01m[K/home/pengbo/rclcpp_cbg/ros2_rclcpp/rclcpp/src/rclcpp/executors/single_threaded_executor.cpp:223:72:[m[K [01;31m[Kerror: [m[Kâ€˜[01m[Kstring[m[Kâ€™ has not been declared
  223 | SingleThreadedExecutor::executor_spin_one_period(const uint64_t period,[01;31m[Kstring[m[K thread_name1)
      |                                                                        [01;31m[K^~~~~~[m[K
[01m[K/home/pengbo/rclcpp_cbg/ros2_rclcpp/rclcpp/src/rclcpp/executors/single_threaded_executor.cpp:284:68:[m[K [01;31m[Kerror: [m[Kâ€˜[01m[Kstring[m[Kâ€™ has not been declared
  284 | SingleThreadedExecutor::executor_spin_period(const uint64_t period,[01;31m[Kstring[m[K thread_name1)
      |                                                                    [01;31m[K^~~~~~[m[K
[01m[K/home/pengbo/rclcpp_cbg/ros2_rclcpp/rclcpp/src/rclcpp/executors/single_threaded_executor.cpp:[m[K In member function â€˜[01m[Kvoid rclcpp::executors::SingleThreadedExecutor::executor_spin_period(uint64_t, int)[m[Kâ€™:
[01m[K/home/pengbo/rclcpp_cbg/ros2_rclcpp/rclcpp/src/rclcpp/executors/single_threaded_executor.cpp:312:36:[m[K [01;31m[Kerror: [m[Kno matching function for call to â€˜[01m[Krclcpp::executors::SingleThreadedExecutor::executor_spin_one_period(const uint64_t&)[m[Kâ€™
  312 |     executor_spin_one_period(period[01;31m[K)[m[K;
      |                                    [01;31m[K^[m[K
[01m[K/home/pengbo/rclcpp_cbg/ros2_rclcpp/rclcpp/src/rclcpp/executors/single_threaded_executor.cpp:223:1:[m[K [01;36m[Knote: [m[Kcandidate: â€˜[01m[Kvoid rclcpp::executors::SingleThreadedExecutor::executor_spin_one_period(uint64_t, int)[m[Kâ€™
  223 | [01;36m[KSingleThreadedExecutor[m[K::executor_spin_one_period(const uint64_t period,string thread_name1)
      | [01;36m[K^~~~~~~~~~~~~~~~~~~~~~[m[K
[01m[K/home/pengbo/rclcpp_cbg/ros2_rclcpp/rclcpp/src/rclcpp/executors/single_threaded_executor.cpp:223:1:[m[K [01;36m[Knote: [m[K  candidate expects 2 arguments, 1 provided
[01m[K/home/pengbo/rclcpp_cbg/ros2_rclcpp/rclcpp/src/rclcpp/executors/single_threaded_executor.cpp:284:75:[m[K [01;35m[Kwarning: [m[Kunused parameter â€˜[01m[Kthread_name1[m[Kâ€™ [[01;35m[K-Wunused-parameter[m[K]
  284 | SingleThreadedExecutor::executor_spin_period(const uint64_t period,[01;35m[Kstring thread_name1[m[K)
      |                                                                    [01;35m[K~~~~~~~^~~~~~~~~~~~[m[K
In file included from [01m[K/home/pengbo/rclcpp_cbg/ros2_rclcpp/rclcpp/include/rclcpp/executors.hpp:22[m[K,
                 from [01m[K/home/pengbo/rclcpp_cbg/ros2_rclcpp/rclcpp/include/rclcpp/parameter_client.hpp:32[m[K,
                 from [01m[K/home/pengbo/rclcpp_cbg/ros2_rclcpp/rclcpp/src/rclcpp/parameter_client.cpp:15[m[K:
[01m[K/home/pengbo/rclcpp_cbg/ros2_rclcpp/rclcpp/include/rclcpp/executors/single_threaded_executor.hpp:75:50:[m[K [01;31m[Kerror: [m[Kâ€˜[01m[Kstring[m[Kâ€™ has not been declared
   75 |   executor_spin_one_period(const uint64_t period,[01;31m[Kstring[m[K thread_name1);
      |                                                  [01;31m[K^~~~~~[m[K
[01m[K/home/pengbo/rclcpp_cbg/ros2_rclcpp/rclcpp/include/rclcpp/executors/single_threaded_executor.hpp:78:46:[m[K [01;31m[Kerror: [m[Kâ€˜[01m[Kstring[m[Kâ€™ has not been declared
   78 |   executor_spin_period(const uint64_t period,[01;31m[Kstring[m[K thread_name1);
      |                                              [01;31m[K^~~~~~[m[K
In file included from [01m[K/home/pengbo/rclcpp_cbg/ros2_rclcpp/rclcpp/include/rclcpp/executors.hpp:22[m[K,
                 from [01m[K/home/pengbo/rclcpp_cbg/ros2_rclcpp/rclcpp/include/rclcpp/parameter_service.hpp:27[m[K,
                 from [01m[K/home/pengbo/rclcpp_cbg/ros2_rclcpp/rclcpp/include/rclcpp/node_interfaces/node_parameters.hpp:36[m[K,
                 from [01m[K/home/pengbo/rclcpp_cbg/ros2_rclcpp/rclcpp/src/rclcpp/parameter.cpp:22[m[K:
[01m[K/home/pengbo/rclcpp_cbg/ros2_rclcpp/rclcpp/include/rclcpp/executors/single_threaded_executor.hpp:75:50:[m[K [01;31m[Kerror: [m[Kâ€˜[01m[Kstring[m[Kâ€™ has not been declared
   75 |   executor_spin_one_period(const uint64_t period,[01;31m[Kstring[m[K thread_name1);
      |                                                  [01;31m[K^~~~~~[m[K
[01m[K/home/pengbo/rclcpp_cbg/ros2_rclcpp/rclcpp/include/rclcpp/executors/single_threaded_executor.hpp:78:46:[m[K [01;31m[Kerror: [m[Kâ€˜[01m[Kstring[m[Kâ€™ has not been declared
   78 |   executor_spin_period(const uint64_t period,[01;31m[Kstring[m[K thread_name1);
      |                                              [01;31m[K^~~~~~[m[K
In file included from [01m[K/home/pengbo/rclcpp_cbg/ros2_rclcpp/rclcpp/include/rclcpp/executors.hpp:22[m[K,
                 from [01m[K/home/pengbo/rclcpp_cbg/ros2_rclcpp/rclcpp/include/rclcpp/parameter_service.hpp:27[m[K,
                 from [01m[K/home/pengbo/rclcpp_cbg/ros2_rclcpp/rclcpp/include/rclcpp/node_interfaces/node_parameters.hpp:36[m[K,
                 from [01m[K/home/pengbo/rclcpp_cbg/ros2_rclcpp/rclcpp/src/rclcpp/node.cpp:30[m[K:
[01m[K/home/pengbo/rclcpp_cbg/ros2_rclcpp/rclcpp/include/rclcpp/executors/single_threaded_executor.hpp:75:50:[m[K [01;31m[Kerror: [m[Kâ€˜[01m[Kstring[m[Kâ€™ has not been declared
   75 |   executor_spin_one_period(const uint64_t period,[01;31m[Kstring[m[K thread_name1);
      |                                                  [01;31m[K^~~~~~[m[K
[01m[K/home/pengbo/rclcpp_cbg/ros2_rclcpp/rclcpp/include/rclcpp/executors/single_threaded_executor.hpp:78:46:[m[K [01;31m[Kerror: [m[Kâ€˜[01m[Kstring[m[Kâ€™ has not been declared
   78 |   executor_spin_period(const uint64_t period,[01;31m[Kstring[m[K thread_name1);
      |                                              [01;31m[K^~~~~~[m[K
make[2]: *** [CMakeFiles/rclcpp.dir/build.make:389: CMakeFiles/rclcpp.dir/src/rclcpp/executors/single_threaded_executor.cpp.o] Error 1
make[2]: *** [CMakeFiles/rclcpp.dir/build.make:532: CMakeFiles/rclcpp.dir/src/rclcpp/node.cpp.o] Error 1
make[2]: *** [CMakeFiles/rclcpp.dir/build.make:753: CMakeFiles/rclcpp.dir/src/rclcpp/parameter_service.cpp.o] Error 1
make[2]: *** [CMakeFiles/rclcpp.dir/build.make:688: CMakeFiles/rclcpp.dir/src/rclcpp/parameter.cpp.o] Error 1
make[2]: *** [CMakeFiles/rclcpp.dir/build.make:610: CMakeFiles/rclcpp.dir/src/rclcpp/node_interfaces/node_parameters.cpp.o] Error 1
make[2]: *** [CMakeFiles/rclcpp.dir/build.make:714: CMakeFiles/rclcpp.dir/src/rclcpp/parameter_client.cpp.o] Error 1
make[2]: *** [CMakeFiles/rclcpp.dir/build.make:896: CMakeFiles/rclcpp.dir/src/rclcpp/time_source.cpp.o] Error 1
make[1]: *** [CMakeFiles/Makefile2:1129: CMakeFiles/rclcpp.dir/all] Error 2
make: *** [Makefile:141: all] Error 2
