[0.012s] Invoking command in '/home/pengbo/rclcpp_cbg/ros2_rclcpp/build/rclcpp': /usr/bin/cmake --build /home/pengbo/rclcpp_cbg/ros2_rclcpp/build/rclcpp -- -j12 -l12
[0.205s] [  1%] Built target gmock_main
[0.206s] [  3%] Built target gmock
[0.206s] [  3%] Built target gtest_main
[0.208s] [  5%] Built target rclcpp_test_msgs__rosidl_generator_c
[0.209s] [  6%] Built target gtest
[0.211s] [  6%] Built target rclcpp_test_msgs__cpp
[0.226s] [  7%] Built target test_function_traits
[0.228s] [  8%] Built target rclcpp_test_msgs__rosidl_typesupport_c
[0.231s] [ 12%] Built target rclcpp_test_msgs__rosidl_typesupport_introspection_cpp
[0.231s] [ 12%] Built target rclcpp_test_msgs__rosidl_typesupport_introspection_c
[0.235s] [ 14%] Built target rclcpp_test_msgs__rosidl_typesupport_cpp
[0.240s] [ 16%] Built target rclcpp_test_msgs__rosidl_typesupport_fastrtps_cpp
[0.241s] [35m[1mScanning dependencies of target rclcpp[0m
[0.270s] [ 18%] Built target rclcpp_test_msgs__rosidl_typesupport_fastrtps_c
[0.285s] [ 18%] Built target rclcpp_test_msgs
[0.308s] [ 18%] Built target rclcpp_test_msgs__py
[0.332s] [ 18%] [32mBuilding CXX object CMakeFiles/rclcpp.dir/src/rclcpp/node.cpp.o[0m
[0.332s] [ 18%] [32mBuilding CXX object CMakeFiles/rclcpp.dir/src/rclcpp/node_interfaces/node_parameters.cpp.o[0m
[0.333s] [ 20%] Built target rclcpp_test_msgs__python
[0.334s] [ 21%] [32mBuilding CXX object CMakeFiles/rclcpp.dir/src/rclcpp/parameter_client.cpp.o[0m
[0.334s] [ 21%] [32mBuilding CXX object CMakeFiles/rclcpp.dir/src/rclcpp/executors.cpp.o[0m
[0.335s] [ 21%] [32mBuilding CXX object CMakeFiles/rclcpp.dir/src/rclcpp/executors/single_threaded_executor.cpp.o[0m
[0.336s] [ 21%] [32mBuilding CXX object CMakeFiles/rclcpp.dir/src/rclcpp/parameter_service.cpp.o[0m
[0.341s] [ 22%] [32mBuilding CXX object CMakeFiles/rclcpp.dir/src/rclcpp/parameter.cpp.o[0m
[0.342s] [ 22%] [32mBuilding CXX object CMakeFiles/rclcpp.dir/src/rclcpp/time_source.cpp.o[0m
[0.356s] [ 23%] Built target rclcpp__rosidl_typesupport_c__pyext
[0.356s] [ 24%] Built target rclcpp__rosidl_typesupport_fastrtps_c__pyext
[0.357s] [ 25%] Built target rclcpp__rosidl_typesupport_introspection_c__pyext
[1.367s] In file included from [01m[K/home/pengbo/rclcpp_cbg/ros2_rclcpp/rclcpp/include/rclcpp/executors.hpp:22[m[K,
[1.367s]                  from [01m[K/home/pengbo/rclcpp_cbg/ros2_rclcpp/rclcpp/src/rclcpp/executors.cpp:15[m[K:
[1.367s] [01m[K/home/pengbo/rclcpp_cbg/ros2_rclcpp/rclcpp/include/rclcpp/executors/single_threaded_executor.hpp:75:50:[m[K [01;31m[Kerror: [m[Kâ€˜[01m[Kstring[m[Kâ€™ has not been declared
[1.367s]    75 |   executor_spin_one_period(const uint64_t period,[01;31m[Kstring[m[K thread_name1);
[1.367s]       |                                                  [01;31m[K^~~~~~[m[K
[1.367s] [01m[K/home/pengbo/rclcpp_cbg/ros2_rclcpp/rclcpp/include/rclcpp/executors/single_threaded_executor.hpp:78:46:[m[K [01;31m[Kerror: [m[Kâ€˜[01m[Kstring[m[Kâ€™ has not been declared
[1.367s]    78 |   executor_spin_period(const uint64_t period,[01;31m[Kstring[m[K thread_name1);
[1.367s]       |                                              [01;31m[K^~~~~~[m[K
[1.379s] In file included from [01m[K/home/pengbo/rclcpp_cbg/ros2_rclcpp/rclcpp/include/rclcpp/executors.hpp:22[m[K,
[1.379s]                  from [01m[K/home/pengbo/rclcpp_cbg/ros2_rclcpp/rclcpp/include/rclcpp/parameter_service.hpp:27[m[K,
[1.379s]                  from [01m[K/home/pengbo/rclcpp_cbg/ros2_rclcpp/rclcpp/include/rclcpp/node_interfaces/node_parameters.hpp:36[m[K,
[1.379s]                  from [01m[K/home/pengbo/rclcpp_cbg/ros2_rclcpp/rclcpp/src/rclcpp/node_interfaces/node_parameters.cpp:15[m[K:
[1.380s] [01m[K/home/pengbo/rclcpp_cbg/ros2_rclcpp/rclcpp/include/rclcpp/executors/single_threaded_executor.hpp:75:50:[m[K [01;31m[Kerror: [m[Kâ€˜[01m[Kstring[m[Kâ€™ has not been declared
[1.380s]    75 |   executor_spin_one_period(const uint64_t period,[01;31m[Kstring[m[K thread_name1);
[1.380s]       |                                                  [01;31m[K^~~~~~[m[K
[1.380s] [01m[K/home/pengbo/rclcpp_cbg/ros2_rclcpp/rclcpp/include/rclcpp/executors/single_threaded_executor.hpp:78:46:[m[K [01;31m[Kerror: [m[Kâ€˜[01m[Kstring[m[Kâ€™ has not been declared
[1.380s]    78 |   executor_spin_period(const uint64_t period,[01;31m[Kstring[m[K thread_name1);
[1.380s]       |                                              [01;31m[K^~~~~~[m[K
[1.396s] In file included from [01m[K/home/pengbo/rclcpp_cbg/ros2_rclcpp/rclcpp/include/rclcpp/executors.hpp:22[m[K,
[1.397s]                  from [01m[K/home/pengbo/rclcpp_cbg/ros2_rclcpp/rclcpp/include/rclcpp/parameter_service.hpp:27[m[K,
[1.397s]                  from [01m[K/home/pengbo/rclcpp_cbg/ros2_rclcpp/rclcpp/src/rclcpp/parameter_service.cpp:15[m[K:
[1.397s] [01m[K/home/pengbo/rclcpp_cbg/ros2_rclcpp/rclcpp/include/rclcpp/executors/single_threaded_executor.hpp:75:50:[m[K [01;31m[Kerror: [m[Kâ€˜[01m[Kstring[m[Kâ€™ has not been declared
[1.397s]    75 |   executor_spin_one_period(const uint64_t period,[01;31m[Kstring[m[K thread_name1);
[1.397s]       |                                                  [01;31m[K^~~~~~[m[K
[1.397s] [01m[K/home/pengbo/rclcpp_cbg/ros2_rclcpp/rclcpp/include/rclcpp/executors/single_threaded_executor.hpp:78:46:[m[K [01;31m[Kerror: [m[Kâ€˜[01m[Kstring[m[Kâ€™ has not been declared
[1.397s]    78 |   executor_spin_period(const uint64_t period,[01;31m[Kstring[m[K thread_name1);
[1.397s]       |                                              [01;31m[K^~~~~~[m[K
[1.505s] In file included from [01m[K/home/pengbo/rclcpp_cbg/ros2_rclcpp/rclcpp/include/rclcpp/executors.hpp:22[m[K,
[1.505s]                  from [01m[K/home/pengbo/rclcpp_cbg/ros2_rclcpp/rclcpp/include/rclcpp/parameter_client.hpp:32[m[K,
[1.505s]                  from [01m[K/home/pengbo/rclcpp_cbg/ros2_rclcpp/rclcpp/src/rclcpp/time_source.cpp:28[m[K:
[1.505s] [01m[K/home/pengbo/rclcpp_cbg/ros2_rclcpp/rclcpp/include/rclcpp/executors/single_threaded_executor.hpp:75:50:[m[K [01;31m[Kerror: [m[Kâ€˜[01m[Kstring[m[Kâ€™ has not been declared
[1.505s]    75 |   executor_spin_one_period(const uint64_t period,[01;31m[Kstring[m[K thread_name1);
[1.505s]       |                                                  [01;31m[K^~~~~~[m[K
[1.505s] [01m[K/home/pengbo/rclcpp_cbg/ros2_rclcpp/rclcpp/include/rclcpp/executors/single_threaded_executor.hpp:78:46:[m[K [01;31m[Kerror: [m[Kâ€˜[01m[Kstring[m[Kâ€™ has not been declared
[1.505s]    78 |   executor_spin_period(const uint64_t period,[01;31m[Kstring[m[K thread_name1);
[1.505s]       |                                              [01;31m[K^~~~~~[m[K
[1.568s] In file included from [01m[K/home/pengbo/rclcpp_cbg/ros2_rclcpp/rclcpp/src/rclcpp/executors/single_threaded_executor.cpp:15[m[K:
[1.568s] [01m[K/home/pengbo/rclcpp_cbg/ros2_rclcpp/rclcpp/include/rclcpp/executors/single_threaded_executor.hpp:75:50:[m[K [01;31m[Kerror: [m[Kâ€˜[01m[Kstring[m[Kâ€™ has not been declared
[1.568s]    75 |   executor_spin_one_period(const uint64_t period,[01;31m[Kstring[m[K thread_name1);
[1.568s]       |                                                  [01;31m[K^~~~~~[m[K
[1.568s] [01m[K/home/pengbo/rclcpp_cbg/ros2_rclcpp/rclcpp/include/rclcpp/executors/single_threaded_executor.hpp:78:46:[m[K [01;31m[Kerror: [m[Kâ€˜[01m[Kstring[m[Kâ€™ has not been declared
[1.568s]    78 |   executor_spin_period(const uint64_t period,[01;31m[Kstring[m[K thread_name1);
[1.568s]       |                                              [01;31m[K^~~~~~[m[K
[1.576s] make[2]: *** [CMakeFiles/rclcpp.dir/build.make:350: CMakeFiles/rclcpp.dir/src/rclcpp/executors.cpp.o] Error 1
[1.576s] make[2]: *** Waiting for unfinished jobs....
[1.604s] [01m[K/home/pengbo/rclcpp_cbg/ros2_rclcpp/rclcpp/src/rclcpp/executors/single_threaded_executor.cpp:223:72:[m[K [01;31m[Kerror: [m[Kâ€˜[01m[Kstring[m[Kâ€™ has not been declared
[1.604s]   223 | SingleThreadedExecutor::executor_spin_one_period(const uint64_t period,[01;31m[Kstring[m[K thread_name1)
[1.605s]       |                                                                        [01;31m[K^~~~~~[m[K
[1.608s] [01m[K/home/pengbo/rclcpp_cbg/ros2_rclcpp/rclcpp/src/rclcpp/executors/single_threaded_executor.cpp:284:68:[m[K [01;31m[Kerror: [m[Kâ€˜[01m[Kstring[m[Kâ€™ has not been declared
[1.609s]   284 | SingleThreadedExecutor::executor_spin_period(const uint64_t period,[01;31m[Kstring[m[K thread_name1)
[1.609s]       |                                                                    [01;31m[K^~~~~~[m[K
[1.609s] [01m[K/home/pengbo/rclcpp_cbg/ros2_rclcpp/rclcpp/src/rclcpp/executors/single_threaded_executor.cpp:[m[K In member function â€˜[01m[Kvoid rclcpp::executors::SingleThreadedExecutor::executor_spin_period(uint64_t, int)[m[Kâ€™:
[1.610s] [01m[K/home/pengbo/rclcpp_cbg/ros2_rclcpp/rclcpp/src/rclcpp/executors/single_threaded_executor.cpp:312:36:[m[K [01;31m[Kerror: [m[Kno matching function for call to â€˜[01m[Krclcpp::executors::SingleThreadedExecutor::executor_spin_one_period(const uint64_t&)[m[Kâ€™
[1.610s]   312 |     executor_spin_one_period(period[01;31m[K)[m[K;
[1.610s]       |                                    [01;31m[K^[m[K
[1.610s] [01m[K/home/pengbo/rclcpp_cbg/ros2_rclcpp/rclcpp/src/rclcpp/executors/single_threaded_executor.cpp:223:1:[m[K [01;36m[Knote: [m[Kcandidate: â€˜[01m[Kvoid rclcpp::executors::SingleThreadedExecutor::executor_spin_one_period(uint64_t, int)[m[Kâ€™
[1.610s]   223 | [01;36m[KSingleThreadedExecutor[m[K::executor_spin_one_period(const uint64_t period,string thread_name1)
[1.610s]       | [01;36m[K^~~~~~~~~~~~~~~~~~~~~~[m[K
[1.610s] [01m[K/home/pengbo/rclcpp_cbg/ros2_rclcpp/rclcpp/src/rclcpp/executors/single_threaded_executor.cpp:223:1:[m[K [01;36m[Knote: [m[K  candidate expects 2 arguments, 1 provided
[1.610s] [01m[K/home/pengbo/rclcpp_cbg/ros2_rclcpp/rclcpp/src/rclcpp/executors/single_threaded_executor.cpp:284:75:[m[K [01;35m[Kwarning: [m[Kunused parameter â€˜[01m[Kthread_name1[m[Kâ€™ [[01;35m[K-Wunused-parameter[m[K]
[1.610s]   284 | SingleThreadedExecutor::executor_spin_period(const uint64_t period,[01;35m[Kstring thread_name1[m[K)
[1.610s]       |                                                                    [01;35m[K~~~~~~~^~~~~~~~~~~~[m[K
[1.618s] In file included from [01m[K/home/pengbo/rclcpp_cbg/ros2_rclcpp/rclcpp/include/rclcpp/executors.hpp:22[m[K,
[1.619s]                  from [01m[K/home/pengbo/rclcpp_cbg/ros2_rclcpp/rclcpp/include/rclcpp/parameter_client.hpp:32[m[K,
[1.619s]                  from [01m[K/home/pengbo/rclcpp_cbg/ros2_rclcpp/rclcpp/src/rclcpp/parameter_client.cpp:15[m[K:
[1.619s] [01m[K/home/pengbo/rclcpp_cbg/ros2_rclcpp/rclcpp/include/rclcpp/executors/single_threaded_executor.hpp:75:50:[m[K [01;31m[Kerror: [m[Kâ€˜[01m[Kstring[m[Kâ€™ has not been declared
[1.619s]    75 |   executor_spin_one_period(const uint64_t period,[01;31m[Kstring[m[K thread_name1);
[1.619s]       |                                                  [01;31m[K^~~~~~[m[K
[1.619s] [01m[K/home/pengbo/rclcpp_cbg/ros2_rclcpp/rclcpp/include/rclcpp/executors/single_threaded_executor.hpp:78:46:[m[K [01;31m[Kerror: [m[Kâ€˜[01m[Kstring[m[Kâ€™ has not been declared
[1.619s]    78 |   executor_spin_period(const uint64_t period,[01;31m[Kstring[m[K thread_name1);
[1.619s]       |                                              [01;31m[K^~~~~~[m[K
[1.628s] In file included from [01m[K/home/pengbo/rclcpp_cbg/ros2_rclcpp/rclcpp/include/rclcpp/executors.hpp:22[m[K,
[1.629s]                  from [01m[K/home/pengbo/rclcpp_cbg/ros2_rclcpp/rclcpp/include/rclcpp/parameter_service.hpp:27[m[K,
[1.629s]                  from [01m[K/home/pengbo/rclcpp_cbg/ros2_rclcpp/rclcpp/include/rclcpp/node_interfaces/node_parameters.hpp:36[m[K,
[1.629s]                  from [01m[K/home/pengbo/rclcpp_cbg/ros2_rclcpp/rclcpp/src/rclcpp/parameter.cpp:22[m[K:
[1.629s] [01m[K/home/pengbo/rclcpp_cbg/ros2_rclcpp/rclcpp/include/rclcpp/executors/single_threaded_executor.hpp:75:50:[m[K [01;31m[Kerror: [m[Kâ€˜[01m[Kstring[m[Kâ€™ has not been declared
[1.629s]    75 |   executor_spin_one_period(const uint64_t period,[01;31m[Kstring[m[K thread_name1);
[1.629s]       |                                                  [01;31m[K^~~~~~[m[K
[1.629s] [01m[K/home/pengbo/rclcpp_cbg/ros2_rclcpp/rclcpp/include/rclcpp/executors/single_threaded_executor.hpp:78:46:[m[K [01;31m[Kerror: [m[Kâ€˜[01m[Kstring[m[Kâ€™ has not been declared
[1.629s]    78 |   executor_spin_period(const uint64_t period,[01;31m[Kstring[m[K thread_name1);
[1.629s]       |                                              [01;31m[K^~~~~~[m[K
[1.632s] In file included from [01m[K/home/pengbo/rclcpp_cbg/ros2_rclcpp/rclcpp/include/rclcpp/executors.hpp:22[m[K,
[1.632s]                  from [01m[K/home/pengbo/rclcpp_cbg/ros2_rclcpp/rclcpp/include/rclcpp/parameter_service.hpp:27[m[K,
[1.632s]                  from [01m[K/home/pengbo/rclcpp_cbg/ros2_rclcpp/rclcpp/include/rclcpp/node_interfaces/node_parameters.hpp:36[m[K,
[1.632s]                  from [01m[K/home/pengbo/rclcpp_cbg/ros2_rclcpp/rclcpp/src/rclcpp/node.cpp:30[m[K:
[1.632s] [01m[K/home/pengbo/rclcpp_cbg/ros2_rclcpp/rclcpp/include/rclcpp/executors/single_threaded_executor.hpp:75:50:[m[K [01;31m[Kerror: [m[Kâ€˜[01m[Kstring[m[Kâ€™ has not been declared
[1.633s]    75 |   executor_spin_one_period(const uint64_t period,[01;31m[Kstring[m[K thread_name1);
[1.633s]       |                                                  [01;31m[K^~~~~~[m[K
[1.633s] [01m[K/home/pengbo/rclcpp_cbg/ros2_rclcpp/rclcpp/include/rclcpp/executors/single_threaded_executor.hpp:78:46:[m[K [01;31m[Kerror: [m[Kâ€˜[01m[Kstring[m[Kâ€™ has not been declared
[1.633s]    78 |   executor_spin_period(const uint64_t period,[01;31m[Kstring[m[K thread_name1);
[1.633s]       |                                              [01;31m[K^~~~~~[m[K
[1.784s] make[2]: *** [CMakeFiles/rclcpp.dir/build.make:389: CMakeFiles/rclcpp.dir/src/rclcpp/executors/single_threaded_executor.cpp.o] Error 1
[1.954s] make[2]: *** [CMakeFiles/rclcpp.dir/build.make:532: CMakeFiles/rclcpp.dir/src/rclcpp/node.cpp.o] Error 1
[1.963s] make[2]: *** [CMakeFiles/rclcpp.dir/build.make:753: CMakeFiles/rclcpp.dir/src/rclcpp/parameter_service.cpp.o] Error 1
[1.992s] make[2]: *** [CMakeFiles/rclcpp.dir/build.make:688: CMakeFiles/rclcpp.dir/src/rclcpp/parameter.cpp.o] Error 1
[2.093s] make[2]: *** [CMakeFiles/rclcpp.dir/build.make:610: CMakeFiles/rclcpp.dir/src/rclcpp/node_interfaces/node_parameters.cpp.o] Error 1
[2.894s] make[2]: *** [CMakeFiles/rclcpp.dir/build.make:714: CMakeFiles/rclcpp.dir/src/rclcpp/parameter_client.cpp.o] Error 1
[3.003s] make[2]: *** [CMakeFiles/rclcpp.dir/build.make:896: CMakeFiles/rclcpp.dir/src/rclcpp/time_source.cpp.o] Error 1
[3.003s] make[1]: *** [CMakeFiles/Makefile2:1129: CMakeFiles/rclcpp.dir/all] Error 2
[3.003s] make: *** [Makefile:141: all] Error 2
[3.009s] Invoked command in '/home/pengbo/rclcpp_cbg/ros2_rclcpp/build/rclcpp' returned '2': /usr/bin/cmake --build /home/pengbo/rclcpp_cbg/ros2_rclcpp/build/rclcpp -- -j12 -l12
