[35m[1mScanning dependencies of target ping-pong[0m
[ 25%] [32mBuilding CXX object CMakeFiles/ping-pong.dir/src/PingSubNode.cpp.o[0m
[01m[K/home/pengbo/cbg-executor/ros2_examples/rclcpp/cbg-executor_ping-pong/src/PingSubNode.cpp:[m[K In member function â€˜[01m[Kvoid PingSubNode::print_jitter()[m[Kâ€™:
[01m[K/home/pengbo/cbg-executor/ros2_examples/rclcpp/cbg-executor_ping-pong/src/PingSubNode.cpp:79:20:[m[K [01;31m[Kerror: [m[Kâ€˜[01m[K__gnu_cxx::__alloc_traits<std::allocator<std::chrono::duration<long int, std::ratio<1, 1000000000> > >, std::chrono::duration<long int, std::ratio<1, 1000000000> > >::value_type[m[Kâ€™ {aka â€˜[01m[Kstruct std::chrono::duration<long int, std::ratio<1, 1000000000> >[m[Kâ€™} has no member named â€˜[01m[Kpush_back[m[Kâ€™
   79 |        latencys[i].[01;31m[Kpush_back[m[K(latency);
      |                    [01;31m[K^~~~~~~~~[m[K
[01m[K/home/pengbo/cbg-executor/ros2_examples/rclcpp/cbg-executor_ping-pong/src/PingSubNode.cpp:74:9:[m[K [01;35m[Kwarning: [m[Kunused variable â€˜[01m[Kj[m[Kâ€™ [[01;35m[K-Wunused-variable[m[K]
   74 |     int [01;35m[Kj[m[K=0;
      |         [01;35m[K^[m[K
make[2]: *** [CMakeFiles/ping-pong.dir/build.make:76: CMakeFiles/ping-pong.dir/src/PingSubNode.cpp.o] Error 1
make[1]: *** [CMakeFiles/Makefile2:78: CMakeFiles/ping-pong.dir/all] Error 2
make: *** [Makefile:141: all] Error 2
