[0.010s] Invoking command in '/home/pengbo/rclcpp_cbg/ros2_rclcpp/build/rclcpp': /usr/bin/cmake --build /home/pengbo/rclcpp_cbg/ros2_rclcpp/build/rclcpp -- -j12 -l12
[0.061s] [  1%] Built target gmock_main
[0.061s] [  2%] Built target gtest
[0.062s] [  3%] Built target gmock
[0.064s] [  4%] Built target gtest_main
[0.065s] [  4%] Built target rclcpp_test_msgs__cpp
[0.069s] [  6%] Built target rclcpp_test_msgs__rosidl_generator_c
[0.075s] [35m[1mScanning dependencies of target rclcpp[0m
[0.078s] [  8%] Built target rclcpp_test_msgs__rosidl_typesupport_introspection_cpp
[0.080s] [ 11%] Built target test_function_traits
[0.080s] [ 11%] Built target rclcpp_test_msgs__rosidl_typesupport_cpp
[0.083s] [ 13%] Built target rclcpp_test_msgs__rosidl_typesupport_fastrtps_cpp
[0.086s] [ 14%] Built target rclcpp_test_msgs__rosidl_typesupport_c
[0.088s] [ 16%] Built target rclcpp_test_msgs__rosidl_typesupport_introspection_c
[0.099s] [ 18%] Built target rclcpp_test_msgs__rosidl_typesupport_fastrtps_c
[0.114s] [ 18%] Built target rclcpp_test_msgs
[0.131s] [ 18%] Built target rclcpp_test_msgs__py
[0.152s] [ 19%] [32mBuilding CXX object CMakeFiles/rclcpp.dir/src/rclcpp/parameter.cpp.o[0m
[0.152s] [ 20%] [32mBuilding CXX object CMakeFiles/rclcpp.dir/src/rclcpp/parameter_client.cpp.o[0m
[0.153s] [ 20%] [32mBuilding CXX object CMakeFiles/rclcpp.dir/src/rclcpp/executors/single_threaded_executor.cpp.o[0m
[0.153s] [ 20%] [32mBuilding CXX object CMakeFiles/rclcpp.dir/src/rclcpp/executors.cpp.o[0m
[0.154s] [ 20%] [32mBuilding CXX object CMakeFiles/rclcpp.dir/src/rclcpp/node.cpp.o[0m
[0.154s] [ 20%] [32mBuilding CXX object CMakeFiles/rclcpp.dir/src/rclcpp/time_source.cpp.o[0m
[0.157s] [ 22%] Built target rclcpp_test_msgs__python
[0.157s] [ 22%] [32mBuilding CXX object CMakeFiles/rclcpp.dir/src/rclcpp/node_interfaces/node_parameters.cpp.o[0m
[0.158s] [ 22%] [32mBuilding CXX object CMakeFiles/rclcpp.dir/src/rclcpp/parameter_service.cpp.o[0m
[0.180s] [ 23%] Built target rclcpp__rosidl_typesupport_fastrtps_c__pyext
[0.181s] [ 24%] Built target rclcpp__rosidl_typesupport_c__pyext
[0.185s] [ 25%] Built target rclcpp__rosidl_typesupport_introspection_c__pyext
[1.302s] [01m[K/home/pengbo/rclcpp_cbg/ros2_rclcpp/rclcpp/src/rclcpp/executors/single_threaded_executor.cpp:[m[K In member function â€˜[01m[Kvoid rclcpp::executors::SingleThreadedExecutor::executor_spin_period(uint64_t, std::string)[m[Kâ€™:
[1.302s] [01m[K/home/pengbo/rclcpp_cbg/ros2_rclcpp/rclcpp/src/rclcpp/executors/single_threaded_executor.cpp:312:36:[m[K [01;31m[Kerror: [m[Kno matching function for call to â€˜[01m[Krclcpp::executors::SingleThreadedExecutor::executor_spin_one_period(const uint64_t&)[m[Kâ€™
[1.302s]   312 |     executor_spin_one_period(period[01;31m[K)[m[K;
[1.302s]       |                                    [01;31m[K^[m[K
[1.302s] [01m[K/home/pengbo/rclcpp_cbg/ros2_rclcpp/rclcpp/src/rclcpp/executors/single_threaded_executor.cpp:223:1:[m[K [01;36m[Knote: [m[Kcandidate: â€˜[01m[Kvoid rclcpp::executors::SingleThreadedExecutor::executor_spin_one_period(uint64_t, std::string)[m[Kâ€™
[1.302s]   223 | [01;36m[KSingleThreadedExecutor[m[K::executor_spin_one_period(const uint64_t period,std::string thread_name1)
[1.302s]       | [01;36m[K^~~~~~~~~~~~~~~~~~~~~~[m[K
[1.302s] [01m[K/home/pengbo/rclcpp_cbg/ros2_rclcpp/rclcpp/src/rclcpp/executors/single_threaded_executor.cpp:223:1:[m[K [01;36m[Knote: [m[K  candidate expects 2 arguments, 1 provided
[1.302s] [01m[K/home/pengbo/rclcpp_cbg/ros2_rclcpp/rclcpp/src/rclcpp/executors/single_threaded_executor.cpp:284:80:[m[K [01;35m[Kwarning: [m[Kunused parameter â€˜[01m[Kthread_name1[m[Kâ€™ [[01;35m[K-Wunused-parameter[m[K]
[1.302s]   284 | SingleThreadedExecutor::executor_spin_period(const uint64_t period,[01;35m[Kstd::string thread_name1[m[K)
[1.302s]       |                                                                    [01;35m[K~~~~~~~~~~~~^~~~~~~~~~~~[m[K
[1.479s] make[2]: *** [CMakeFiles/rclcpp.dir/build.make:389: CMakeFiles/rclcpp.dir/src/rclcpp/executors/single_threaded_executor.cpp.o] Error 1
[1.479s] make[2]: *** Waiting for unfinished jobs....
[5.139s] make[1]: *** [CMakeFiles/Makefile2:1129: CMakeFiles/rclcpp.dir/all] Error 2
[5.139s] make: *** [Makefile:141: all] Error 2
[5.141s] Invoked command in '/home/pengbo/rclcpp_cbg/ros2_rclcpp/build/rclcpp' returned '2': /usr/bin/cmake --build /home/pengbo/rclcpp_cbg/ros2_rclcpp/build/rclcpp -- -j12 -l12
