[01m[K/home/pengbo/cbg-executor/ros2_examples/rclcpp/cbg-executor_ping-pong/exp0/main.cpp:[m[K In function â€˜[01m[Kvoid expe_onece(int, int, char**, std::ofstream*, std::ofstream*)[m[Kâ€™:
[01m[K/home/pengbo/cbg-executor/ros2_examples/rclcpp/cbg-executor_ping-pong/exp0/main.cpp:327:6:[m[K [01;31m[Kerror: [m[Kexpected â€˜[01m[K;[m[Kâ€™ before â€˜[01m[Kstd[m[Kâ€™
  327 |   *fs[01;31m[K [m[K[32m[Kstd[m[K::cout << " rt LET period: " << let_period<< "ns " << std::endl;
      |      [01;31m[K^[m[K[32m[K~~~[m[K
      |      [32m[K;[m[K
[01m[K/home/pengbo/cbg-executor/ros2_examples/rclcpp/cbg-executor_ping-pong/exp0/main.cpp:327:3:[m[K [01;35m[Kwarning: [m[Kvalue computed is not used [[01;35m[K-Wunused-value[m[K]
  327 |   [01;35m[K*fs[m[K std::cout << " rt LET period: " << let_period<< "ns " << std::endl;
      |   [01;35m[K^~~[m[K
[01m[K/home/pengbo/cbg-executor/ros2_examples/rclcpp/cbg-executor_ping-pong/exp0/main.cpp:327:3:[m[K [01;35m[Kwarning: [m[Kstatement has no effect [[01;35m[K-Wunused-value[m[K]
[01m[K/home/pengbo/cbg-executor/ros2_examples/rclcpp/cbg-executor_ping-pong/exp0/main.cpp:328:6:[m[K [01;31m[Kerror: [m[Kexpected â€˜[01m[K;[m[Kâ€™ before â€˜[01m[Kstd[m[Kâ€™
  328 |   *fs[01;31m[K [m[K[32m[Kstd[m[K::cout << " be LET period: " << let_period<< "ns " << std::endl;
      |      [01;31m[K^[m[K[32m[K~~~[m[K
      |      [32m[K;[m[K
[01m[K/home/pengbo/cbg-executor/ros2_examples/rclcpp/cbg-executor_ping-pong/exp0/main.cpp:328:3:[m[K [01;35m[Kwarning: [m[Kvalue computed is not used [[01;35m[K-Wunused-value[m[K]
  328 |   [01;35m[K*fs[m[K std::cout << " be LET period: " << let_period<< "ns " << std::endl;
      |   [01;35m[K^~~[m[K
[01m[K/home/pengbo/cbg-executor/ros2_examples/rclcpp/cbg-executor_ping-pong/exp0/main.cpp:328:3:[m[K [01;35m[Kwarning: [m[Kstatement has no effect [[01;35m[K-Wunused-value[m[K]
make[2]: *** [CMakeFiles/ping-pong.dir/build.make:63: CMakeFiles/ping-pong.dir/exp0/main.cpp.o] Error 1
make[1]: *** [CMakeFiles/Makefile2:78: CMakeFiles/ping-pong.dir/all] Error 2
make: *** [Makefile:141: all] Error 2
