[35m[1mScanning dependencies of target ping-pong[0m
[ 25%] [32mBuilding CXX object CMakeFiles/ping-pong.dir/exp0/main.cpp.o[0m
[01m[K/home/pengbo/cbg-executor/ros2_examples/rclcpp/cbg-executor_ping-pong/exp0/main.cpp:[m[K In function â€˜[01m[Kvoid expe_onece(int, int, char**, std::ofstream*, std::ofstream*)[m[Kâ€™:
[01m[K/home/pengbo/cbg-executor/ros2_examples/rclcpp/cbg-executor_ping-pong/exp0/main.cpp:197:33:[m[K [01;31m[Kerror: [m[Kâ€˜[01m[Kbusy_loop[m[Kâ€™ was not declared in this scope
  197 |   std::cout << " busy_loop " << [01;31m[Kbusy_loop[m[K << " us " << std::endl;
      |                                 [01;31m[K^~~~~~~~~[m[K
[01m[K/home/pengbo/cbg-executor/ros2_examples/rclcpp/cbg-executor_ping-pong/exp0/main.cpp:198:16:[m[K [01;31m[Kerror: [m[Kredeclaration of â€˜[01m[Kstd::chrono::microseconds rt_busyloop_us[m[Kâ€™
  198 |   microseconds [01;31m[Krt_busyloop_us[m[K(busy_loop);
      |                [01;31m[K^~~~~~~~~~~~~~[m[K
[01m[K/home/pengbo/cbg-executor/ros2_examples/rclcpp/cbg-executor_ping-pong/exp0/main.cpp:195:18:[m[K [01;36m[Knote: [m[Kâ€˜[01m[Kstd::chrono::microseconds rt_busyloop_us[m[Kâ€™ previously declared here
  195 |     microseconds [01;36m[Krt_busyloop_us[m[K(atol(argv[4]));
      |                  [01;36m[K^~~~~~~~~~~~~~[m[K
[01m[K/home/pengbo/cbg-executor/ros2_examples/rclcpp/cbg-executor_ping-pong/exp0/main.cpp:199:16:[m[K [01;31m[Kerror: [m[Kredeclaration of â€˜[01m[Kstd::chrono::microseconds be_busyloop_us[m[Kâ€™
  199 |   microseconds [01;31m[Kbe_busyloop_us[m[K(busy_loop);
      |                [01;31m[K^~~~~~~~~~~~~~[m[K
[01m[K/home/pengbo/cbg-executor/ros2_examples/rclcpp/cbg-executor_ping-pong/exp0/main.cpp:196:16:[m[K [01;36m[Knote: [m[Kâ€˜[01m[Kstd::chrono::microseconds be_busyloop_us[m[Kâ€™ previously declared here
  196 |   microseconds [01;36m[Kbe_busyloop_us[m[K(atol(argv[5]));
      |                [01;36m[K^~~~~~~~~~~~~~[m[K
make[2]: *** [CMakeFiles/ping-pong.dir/build.make:63: CMakeFiles/ping-pong.dir/exp0/main.cpp.o] Error 1
make[1]: *** [CMakeFiles/Makefile2:78: CMakeFiles/ping-pong.dir/all] Error 2
make: *** [Makefile:141: all] Error 2
