[0.010s] Invoking command in '/home/pengbo/rclcpp_cbg/ros2_rclcpp/build/rclcpp': /usr/bin/cmake --build /home/pengbo/rclcpp_cbg/ros2_rclcpp/build/rclcpp -- -j12 -l12
[0.062s] [  1%] Built target gtest
[0.063s] [  1%] Built target rclcpp_test_msgs__cpp
[0.063s] [  2%] Built target gmock_main
[0.063s] [  3%] Built target gtest_main
[0.064s] [  5%] Built target rclcpp_test_msgs__rosidl_generator_c
[0.065s] [  6%] Built target gmock
[0.075s] [35m[1mScanning dependencies of target rclcpp[0m
[0.078s] [  9%] Built target test_function_traits
[0.078s] [  9%] Built target rclcpp_test_msgs__rosidl_typesupport_cpp
[0.078s] [ 10%] Built target rclcpp_test_msgs__rosidl_typesupport_c
[0.080s] [ 12%] Built target rclcpp_test_msgs__rosidl_typesupport_introspection_cpp
[0.080s] [ 14%] Built target rclcpp_test_msgs__rosidl_typesupport_introspection_c
[0.082s] [ 16%] Built target rclcpp_test_msgs__rosidl_typesupport_fastrtps_cpp
[0.101s] [ 18%] Built target rclcpp_test_msgs__rosidl_typesupport_fastrtps_c
[0.114s] [ 18%] Built target rclcpp_test_msgs
[0.130s] [ 18%] Built target rclcpp_test_msgs__py
[0.134s] [ 18%] [32mBuilding CXX object CMakeFiles/rclcpp.dir/src/rclcpp/executors/single_threaded_executor.cpp.o[0m
[0.151s] [ 20%] Built target rclcpp_test_msgs__python
[0.171s] [ 21%] Built target rclcpp__rosidl_typesupport_fastrtps_c__pyext
[0.171s] [ 22%] Built target rclcpp__rosidl_typesupport_introspection_c__pyext
[0.174s] [ 23%] Built target rclcpp__rosidl_typesupport_c__pyext
[0.892s] [01m[K/home/pengbo/rclcpp_cbg/ros2_rclcpp/rclcpp/src/rclcpp/executors/single_threaded_executor.cpp:[m[K In member function â€˜[01m[Kvoid rclcpp::executors::SingleThreadedExecutor::executor_spin_one_period(uint64_t, std::string)[m[Kâ€™:
[0.892s] [01m[K/home/pengbo/rclcpp_cbg/ros2_rclcpp/rclcpp/src/rclcpp/executors/single_threaded_executor.cpp:257:62:[m[K [01;31m[Kerror: [m[Kno match for call to â€˜[01m[K(timespec) (timespec*, timespec*)[m[Kâ€™
[0.892s]   257 |   sleep_time1=sleep_time(&end_spin_some,&theoretical_end_time[01;31m[K)[m[K;
[0.892s]       |                                                              [01;31m[K^[m[K
[0.892s] [01m[K/home/pengbo/rclcpp_cbg/ros2_rclcpp/rclcpp/src/rclcpp/executors/single_threaded_executor.cpp:271:29:[m[K [01;31m[Kerror: [m[Ktoo few arguments to function â€˜[01m[Kint nanosleep(const timespec*, timespec*)[m[Kâ€™
[0.892s]   271 |        nanosleep(&sleep_time[01;31m[K)[m[K;
[0.893s]       |                             [01;31m[K^[m[K
[0.893s] In file included from [01m[K/usr/include/pthread.h:23[m[K,
[0.893s]                  from [01m[K/usr/include/x86_64-linux-gnu/c++/9/bits/gthr-default.h:35[m[K,
[0.893s]                  from [01m[K/usr/include/x86_64-linux-gnu/c++/9/bits/gthr.h:148[m[K,
[0.893s]                  from [01m[K/usr/include/c++/9/ext/atomicity.h:35[m[K,
[0.893s]                  from [01m[K/usr/include/c++/9/memory:73[m[K,
[0.893s]                  from [01m[K/home/pengbo/rclcpp_cbg/ros2_rclcpp/rclcpp/include/rclcpp/executors/single_threaded_executor.hpp:22[m[K,
[0.893s]                  from [01m[K/home/pengbo/rclcpp_cbg/ros2_rclcpp/rclcpp/src/rclcpp/executors/single_threaded_executor.cpp:15[m[K:
[0.894s] [01m[K/usr/include/time.h:205:12:[m[K [01;36m[Knote: [m[Kdeclared here
[0.894s]   205 | extern int [01;36m[Knanosleep[m[K (const struct timespec *__requested_time,
[0.894s]       |            [01;36m[K^~~~~~~~~[m[K
[1.044s] make[2]: *** [CMakeFiles/rclcpp.dir/build.make:389: CMakeFiles/rclcpp.dir/src/rclcpp/executors/single_threaded_executor.cpp.o] Error 1
[1.044s] make[1]: *** [CMakeFiles/Makefile2:1129: CMakeFiles/rclcpp.dir/all] Error 2
[1.045s] make: *** [Makefile:141: all] Error 2
[1.047s] Invoked command in '/home/pengbo/rclcpp_cbg/ros2_rclcpp/build/rclcpp' returned '2': /usr/bin/cmake --build /home/pengbo/rclcpp_cbg/ros2_rclcpp/build/rclcpp -- -j12 -l12
