[01m[K/home/pengbo/cbg-executor/ros2_examples/rclcpp/cbg-executor_ping-pong/main.cpp:[m[K In function â€˜[01m[Kbool subtract_timespecs(const timespec*, const timespec*, timespec*)[m[Kâ€™:
[01m[K/home/pengbo/cbg-executor/ros2_examples/rclcpp/cbg-executor_ping-pong/main.cpp:72:3:[m[K [01;31m[Kerror: [m[Kâ€˜[01m[Knormalize_timespec[m[Kâ€™ was not declared in this scope
   72 |   [01;31m[Knormalize_timespec[m[K(dst);
      |   [01;31m[K^~~~~~~~~~~~~~~~~~[m[K
[01m[K/home/pengbo/cbg-executor/ros2_examples/rclcpp/cbg-executor_ping-pong/main.cpp:[m[K In function â€˜[01m[Kint record_jitter(const timespec*, const timespec*, size_t)[m[Kâ€™:
[01m[K/home/pengbo/cbg-executor/ros2_examples/rclcpp/cbg-executor_ping-pong/main.cpp:82:7:[m[K [01;31m[Kerror: [m[Kinvalid use of â€˜[01m[Kthis[m[Kâ€™ in non-member function
   82 |   if ([01;31m[Kthis[m[K->params.iterations == 0) {
      |       [01;31m[K^~~~[m[K
[01m[K/home/pengbo/cbg-executor/ros2_examples/rclcpp/cbg-executor_ping-pong/main.cpp:95:12:[m[K [01;31m[Kerror: [m[Kinvalid use of â€˜[01m[Kthis[m[Kâ€™ in non-member function
   95 |   if (i >= [01;31m[Kthis[m[K->sample_buffer.latency_samples.size()) {
      |            [01;31m[K^~~~[m[K
[01m[K/home/pengbo/cbg-executor/ros2_examples/rclcpp/cbg-executor_ping-pong/main.cpp:98:3:[m[K [01;31m[Kerror: [m[Kinvalid use of â€˜[01m[Kthis[m[Kâ€™ in non-member function
   98 |   [01;31m[Kthis[m[K->sample_buffer.latency_samples[i] = parity * timespec_to_uint64(&jitter);
      |   [01;31m[K^~~~[m[K
[01m[K/home/pengbo/cbg-executor/ros2_examples/rclcpp/cbg-executor_ping-pong/main.cpp:98:53:[m[K [01;31m[Kerror: [m[Kâ€˜[01m[Ktimespec_to_uint64[m[Kâ€™ was not declared in this scope
   98 |   this->sample_buffer.latency_samples[i] = parity * [01;31m[Ktimespec_to_uint64[m[K(&jitter);
      |                                                     [01;31m[K^~~~~~~~~~~~~~~~~~[m[K
make[2]: *** [CMakeFiles/ping-pong.dir/build.make:63: CMakeFiles/ping-pong.dir/main.cpp.o] Error 1
make[1]: *** [CMakeFiles/Makefile2:78: CMakeFiles/ping-pong.dir/all] Error 2
make: *** [Makefile:141: all] Error 2
