[0.014s] Invoking command in '/home/pengbo/rclcpp_cbg/ros2_rclcpp/build/rclcpp': /usr/bin/cmake --build /home/pengbo/rclcpp_cbg/ros2_rclcpp/build/rclcpp -- -j12 -l12
[0.381s] [  1%] Built target gtest_main
[0.381s] [  2%] Built target gmock
[0.382s] [  3%] Built target gtest
[0.383s] [  4%] Built target gmock_main
[0.385s] [  4%] Built target rclcpp_test_msgs__cpp
[0.392s] [  6%] Built target rclcpp_test_msgs__rosidl_generator_c
[0.402s] [  7%] Built target test_function_traits
[0.413s] [  8%] Built target rclcpp_test_msgs__rosidl_typesupport_c
[0.413s] [ 10%] Built target rclcpp_test_msgs__rosidl_typesupport_cpp
[0.416s] [ 12%] Built target rclcpp_test_msgs__rosidl_typesupport_introspection_c
[0.417s] [ 14%] Built target rclcpp_test_msgs__rosidl_typesupport_introspection_cpp
[0.419s] [ 16%] Built target rclcpp_test_msgs__rosidl_typesupport_fastrtps_cpp
[0.442s] [35m[1mScanning dependencies of target rclcpp[0m
[0.447s] [ 18%] Built target rclcpp_test_msgs__rosidl_typesupport_fastrtps_c
[0.465s] [ 18%] Built target rclcpp_test_msgs
[0.488s] [ 18%] Built target rclcpp_test_msgs__py
[0.512s] [ 20%] Built target rclcpp_test_msgs__python
[0.533s] [ 21%] Built target rclcpp__rosidl_typesupport_c__pyext
[0.533s] [ 22%] Built target rclcpp__rosidl_typesupport_fastrtps_c__pyext
[0.538s] [ 23%] Built target rclcpp__rosidl_typesupport_introspection_c__pyext
[0.554s] [ 23%] [32mBuilding CXX object CMakeFiles/rclcpp.dir/src/rclcpp/executors.cpp.o[0m
[0.555s] [ 23%] [32mBuilding CXX object CMakeFiles/rclcpp.dir/src/rclcpp/executors/single_threaded_executor.cpp.o[0m
[0.555s] [ 23%] [32mBuilding CXX object CMakeFiles/rclcpp.dir/src/rclcpp/node_interfaces/node_parameters.cpp.o[0m
[0.555s] [ 24%] [32mBuilding CXX object CMakeFiles/rclcpp.dir/src/rclcpp/parameter.cpp.o[0m
[0.556s] [ 24%] [32mBuilding CXX object CMakeFiles/rclcpp.dir/src/rclcpp/parameter_service.cpp.o[0m
[0.556s] [ 25%] [32mBuilding CXX object CMakeFiles/rclcpp.dir/src/rclcpp/parameter_client.cpp.o[0m
[0.556s] [ 25%] [32mBuilding CXX object CMakeFiles/rclcpp.dir/src/rclcpp/node.cpp.o[0m
[0.556s] [ 25%] [32mBuilding CXX object CMakeFiles/rclcpp.dir/src/rclcpp/time_source.cpp.o[0m
[2.828s] [01m[K/home/pengbo/rclcpp_cbg/ros2_rclcpp/rclcpp/src/rclcpp/executors/single_threaded_executor.cpp:[m[K In member function â€˜[01m[Kvoid rclcpp::executors::SingleThreadedExecutor::executor_spin_one_period(uint64_t)[m[Kâ€™:
[2.828s] [01m[K/home/pengbo/rclcpp_cbg/ros2_rclcpp/rclcpp/src/rclcpp/executors/single_threaded_executor.cpp:168:33:[m[K [01;35m[Kwarning: [m[Kunused variable â€˜[01m[Kcurrent_time[m[Kâ€™ [[01;35m[K-Wunused-variable[m[K]
[2.829s]   168 |    struct timespec wakeup_time, [01;35m[Kcurrent_time[m[K;
[2.829s]       |                                 [01;35m[K^~~~~~~~~~~~[m[K
[2.831s] [01m[K/home/pengbo/rclcpp_cbg/ros2_rclcpp/rclcpp/src/rclcpp/executors/single_threaded_executor.cpp:[m[K In member function â€˜[01m[Kvoid rclcpp::executors::SingleThreadedExecutor::executor_spin_period(uint64_t)[m[Kâ€™:
[2.831s] [01m[K/home/pengbo/rclcpp_cbg/ros2_rclcpp/rclcpp/src/rclcpp/executors/single_threaded_executor.cpp:208:4:[m[K [01;31m[Kerror: [m[Kâ€˜[01m[Ki[m[Kâ€™ was not declared in this scope
[2.831s]   208 |    [01;31m[Ki[m[K=0;
[2.831s]       |    [01;31m[K^[m[K
[2.839s] [01m[K/home/pengbo/rclcpp_cbg/ros2_rclcpp/rclcpp/src/rclcpp/executors/single_threaded_executor.cpp:[m[K In member function â€˜[01m[Kvoid rclcpp::executors::SingleThreadedExecutor::spin(uint64_t)[m[Kâ€™:
[2.840s] [01m[K/home/pengbo/rclcpp_cbg/ros2_rclcpp/rclcpp/src/rclcpp/executors/single_threaded_executor.cpp:260:39:[m[K [01;31m[Kerror: [m[Kâ€˜[01m[Kstart_time_period[m[Kâ€™ was not declared in this scope
[2.840s]   260 |       clock_gettime(CLOCK_MONOTONIC, &[01;31m[Kstart_time_period[m[K);
[2.840s]       |                                       [01;31m[K^~~~~~~~~~~~~~~~~[m[K
[2.846s] [01m[K/home/pengbo/rclcpp_cbg/ros2_rclcpp/rclcpp/src/rclcpp/executors/single_threaded_executor.cpp:262:39:[m[K [01;31m[Kerror: [m[Kâ€˜[01m[Kend_time_period[m[Kâ€™ was not declared in this scope
[2.846s]   262 |       clock_gettime(CLOCK_MONOTONIC, &[01;31m[Kend_time_period[m[K);
[2.846s]       |                                       [01;31m[K^~~~~~~~~~~~~~~[m[K
[2.850s] [01m[K/home/pengbo/rclcpp_cbg/ros2_rclcpp/rclcpp/src/rclcpp/executors/single_threaded_executor.cpp:263:7:[m[K [01;31m[Kerror: [m[Kâ€˜[01m[Kwakeup_time[m[Kâ€™ was not declared in this scope
[2.851s]   263 |       [01;31m[Kwakeup_time[m[K=start_time_period;
[2.851s]       |       [01;31m[K^~~~~~~~~~~[m[K
[2.852s] [01m[K/home/pengbo/rclcpp_cbg/ros2_rclcpp/rclcpp/src/rclcpp/executors/single_threaded_executor.cpp:266:53:[m[K [01;31m[Kerror: [m[Kâ€˜[01m[Ki[m[Kâ€™ was not declared in this scope
[2.852s]   266 |       record_jitter(&wakeup_time, &end_time_period, [01;31m[Ki[m[K);
[2.852s]       |                                                     [01;31m[K^[m[K
[3.236s] make[2]: *** [CMakeFiles/rclcpp.dir/build.make:389: CMakeFiles/rclcpp.dir/src/rclcpp/executors/single_threaded_executor.cpp.o] Error 1
[3.237s] make[2]: *** Waiting for unfinished jobs....
[7.863s] make[1]: *** [CMakeFiles/Makefile2:1129: CMakeFiles/rclcpp.dir/all] Error 2
[7.863s] make: *** [Makefile:141: all] Error 2
[7.865s] Invoked command in '/home/pengbo/rclcpp_cbg/ros2_rclcpp/build/rclcpp' returned '2': /usr/bin/cmake --build /home/pengbo/rclcpp_cbg/ros2_rclcpp/build/rclcpp -- -j12 -l12
