-- The C compiler identification is GNU 9.3.0
-- The CXX compiler identification is GNU 9.3.0
-- Check for working C compiler: /usr/bin/cc
-- Check for working C compiler: /usr/bin/cc -- works
-- Detecting C compiler ABI info
-- Detecting C compiler ABI info - done
-- Detecting C compile features
-- Detecting C compile features - done
-- Check for working CXX compiler: /usr/bin/c++
-- Check for working CXX compiler: /usr/bin/c++ -- works
-- Detecting CXX compiler ABI info
-- Detecting CXX compiler ABI info - done
-- Detecting CXX compile features
-- Detecting CXX compile features - done
-- Found ament_cmake: 0.9.7 (/home/pengbo/ros2_foxy/install/ament_cmake/share/ament_cmake/cmake)
-- Found PythonInterp: /usr/bin/python3 (found suitable version "3.8.5", minimum required is "3") 
-- Using PYTHON_EXECUTABLE: /usr/bin/python3
-- Override CMake install command with custom implementation using symlinks instead of copying resources
-- Found rclcpp: 2.0.1 (/home/pengbo/rclcpp_cbg/install/rclcpp/share/rclcpp/cmake)
-- Using all available rosidl_typesupport_c: rosidl_typesupport_introspection_c;rosidl_typesupport_fastrtps_c
-- Found rosidl_adapter: 1.1.0 (/home/pengbo/ros2_foxy/install/rosidl_adapter/share/rosidl_adapter/cmake)
-- Found FastRTPS: /home/pengbo/ros2_foxy/install/fastrtps/include  
-- Using all available rosidl_typesupport_cpp: rosidl_typesupport_introspection_cpp;rosidl_typesupport_fastrtps_cpp
-- Found rmw_implementation_cmake: 1.0.2 (/home/pengbo/ros2_foxy/install/rmw_implementation_cmake/share/rmw_implementation_cmake/cmake)
-- Using RMW implementation 'rmw_fastrtps_cpp' as default
-- Looking for pthread.h
-- Looking for pthread.h - found
-- Performing Test CMAKE_HAVE_LIBC_PTHREAD
-- Performing Test CMAKE_HAVE_LIBC_PTHREAD - Failed
-- Looking for pthread_create in pthreads
-- Looking for pthread_create in pthreads - not found
-- Looking for pthread_create in pthread
-- Looking for pthread_create in pthread - found
-- Found Threads: TRUE  
-- Configuring done
-- Generating done
-- Build files have been written to: /home/pengbo/cbg-executor/ros2_examples/rclcpp/cbg-executor_ping-pong/build/cbg-executor_ping-pong_cpp
[35m[1mScanning dependencies of target ping-pong[0m
[ 40%] [32mBuilding CXX object CMakeFiles/ping-pong.dir/src/PingSubNode.cpp.o[0m
[ 40%] [32mBuilding CXX object CMakeFiles/ping-pong.dir/exp0/main.cpp.o[0m
[01m[K/home/pengbo/cbg-executor/ros2_examples/rclcpp/cbg-executor_ping-pong/exp0/main.cpp:[m[K In function â€˜[01m[Kvoid expe_onece(int, int, char**, std::ofstream*, std::ofstream*)[m[Kâ€™:
[01m[K/home/pengbo/cbg-executor/ros2_examples/rclcpp/cbg-executor_ping-pong/exp0/main.cpp:184:12:[m[K [01;31m[Kerror: [m[Kreturn-statement with a value, in function returning â€˜[01m[Kvoid[m[Kâ€™ [[01;31m[K-fpermissive[m[K]
  184 |     return [01;31m[K0[m[K;
      |            [01;31m[K^[m[K
[01m[K/home/pengbo/cbg-executor/ros2_examples/rclcpp/cbg-executor_ping-pong/exp0/main.cpp:318:60:[m[K [01;31m[Kerror: [m[Kexpected primary-expression before â€˜[01m[K<<[m[Kâ€™ token
  318 |   *fs << "CTime: " << rt_busyloop_us.count() <<  " us " << [01;31m[K<<[m[K be_busyloop_us.count() << "us\n";
      |                                                            [01;31m[K^~[m[K
[01m[K/home/pengbo/cbg-executor/ros2_examples/rclcpp/cbg-executor_ping-pong/exp0/main.cpp:319:62:[m[K [01;31m[Kerror: [m[Kexpected primary-expression before â€˜[01m[K<<[m[Kâ€™ token
  319 |   *fs << "ThdRunTime: " << rt_thread_duration_ms << " ms "<< [01;31m[K<<[m[K be_thread_duration_ms << "ms" << std::endl;
      |                                                              [01;31m[K^~[m[K
[01m[K/home/pengbo/cbg-executor/ros2_examples/rclcpp/cbg-executor_ping-pong/exp0/main.cpp:328:12:[m[K [01;31m[Kerror: [m[Kâ€˜[01m[Kusing element_type = class PingSubNode[m[Kâ€™ {aka â€˜[01m[Kclass PingSubNode[m[Kâ€™} has no member named â€˜[01m[Ksave_statistics2[m[Kâ€™
  328 |   ping_rt->[01;31m[Ksave_statistics2[m[K(fs2);
      |            [01;31m[K^~~~~~~~~~~~~~~~[m[K
[01m[K/home/pengbo/cbg-executor/ros2_examples/rclcpp/cbg-executor_ping-pong/exp0/main.cpp:330:12:[m[K [01;31m[Kerror: [m[Kâ€˜[01m[Kusing element_type = class PingSubNode[m[Kâ€™ {aka â€˜[01m[Kclass PingSubNode[m[Kâ€™} has no member named â€˜[01m[Ksave_statistics2[m[Kâ€™
  330 |   ping_be->[01;31m[Ksave_statistics2[m[K(fs2);
      |            [01;31m[K^~~~~~~~~~~~~~~~[m[K
[01m[K/home/pengbo/cbg-executor/ros2_examples/rclcpp/cbg-executor_ping-pong/exp0/main.cpp:332:12:[m[K [01;31m[Kerror: [m[Kâ€˜[01m[Kusing element_type = class PingSubNode[m[Kâ€™ {aka â€˜[01m[Kclass PingSubNode[m[Kâ€™} has no member named â€˜[01m[Ksave_statistics[m[Kâ€™; did you mean â€˜[01m[Kprint_statistics[m[Kâ€™?
  332 |   ping_rt->[01;31m[Ksave_statistics[m[K(fs);
      |            [01;31m[K^~~~~~~~~~~~~~~[m[K
      |            [32m[Kprint_statistics[m[K
[01m[K/home/pengbo/cbg-executor/ros2_examples/rclcpp/cbg-executor_ping-pong/exp0/main.cpp:334:12:[m[K [01;31m[Kerror: [m[Kâ€˜[01m[Kusing element_type = class PingSubNode[m[Kâ€™ {aka â€˜[01m[Kclass PingSubNode[m[Kâ€™} has no member named â€˜[01m[Ksave_statistics[m[Kâ€™; did you mean â€˜[01m[Kprint_statistics[m[Kâ€™?
  334 |   ping_be->[01;31m[Ksave_statistics[m[K(fs);
      |            [01;31m[K^~~~~~~~~~~~~~~[m[K
      |            [32m[Kprint_statistics[m[K
[01m[K/home/pengbo/cbg-executor/ros2_examples/rclcpp/cbg-executor_ping-pong/exp0/main.cpp:175:21:[m[K [01;35m[Kwarning: [m[Kunused parameter â€˜[01m[Ki[m[Kâ€™ [[01;35m[K-Wunused-parameter[m[K]
  175 | void expe_onece([01;35m[Kint i[m[K,int argc,char * argv[],std::ofstream *fs,std::ofstream *fs2){
      |                 [01;35m[K~~~~^[m[K
[01m[K/home/pengbo/cbg-executor/ros2_examples/rclcpp/cbg-executor_ping-pong/src/PingSubNode.cpp:153:6:[m[K [01;31m[Kerror: [m[Kno declaration matches â€˜[01m[Kvoid PingSubNode::save_statistics(std::ofstream*)[m[Kâ€™
  153 | void [01;31m[KPingSubNode[m[K::save_statistics(std::ofstream *fs)
      |      [01;31m[K^~~~~~~~~~~[m[K
[01m[K/home/pengbo/cbg-executor/ros2_examples/rclcpp/cbg-executor_ping-pong/src/PingSubNode.cpp:153:6:[m[K [01;36m[Knote: [m[Kno functions named â€˜[01m[Kvoid PingSubNode::save_statistics(std::ofstream*)[m[Kâ€™
In file included from [01m[K/home/pengbo/cbg-executor/ros2_examples/rclcpp/cbg-executor_ping-pong/src/PingSubNode.cpp:15[m[K:
[01m[K/home/pengbo/cbg-executor/ros2_examples/rclcpp/cbg-executor_ping-pong/include/PingSubNode.hpp:29:7:[m[K [01;36m[Knote: [m[Kâ€˜[01m[Kclass PingSubNode[m[Kâ€™ defined here
   29 | class [01;36m[KPingSubNode[m[K
      |       [01;36m[K^~~~~~~~~~~[m[K
[01m[K/home/pengbo/cbg-executor/ros2_examples/rclcpp/cbg-executor_ping-pong/src/PingSubNode.cpp:180:6:[m[K [01;31m[Kerror: [m[Kno declaration matches â€˜[01m[Kvoid PingSubNode::save_statistics2(std::ofstream*)[m[Kâ€™
  180 | void [01;31m[KPingSubNode[m[K::save_statistics2(std::ofstream *fs)
      |      [01;31m[K^~~~~~~~~~~[m[K
[01m[K/home/pengbo/cbg-executor/ros2_examples/rclcpp/cbg-executor_ping-pong/src/PingSubNode.cpp:180:6:[m[K [01;36m[Knote: [m[Kno functions named â€˜[01m[Kvoid PingSubNode::save_statistics2(std::ofstream*)[m[Kâ€™
In file included from [01m[K/home/pengbo/cbg-executor/ros2_examples/rclcpp/cbg-executor_ping-pong/src/PingSubNode.cpp:15[m[K:
[01m[K/home/pengbo/cbg-executor/ros2_examples/rclcpp/cbg-executor_ping-pong/include/PingSubNode.hpp:29:7:[m[K [01;36m[Knote: [m[Kâ€˜[01m[Kclass PingSubNode[m[Kâ€™ defined here
   29 | class [01;36m[KPingSubNode[m[K
      |       [01;36m[K^~~~~~~~~~~[m[K
make[2]: *** [CMakeFiles/ping-pong.dir/build.make:76: CMakeFiles/ping-pong.dir/exp0/main.cpp.o] Error 1
make[2]: *** Waiting for unfinished jobs....
make[2]: *** [CMakeFiles/ping-pong.dir/build.make:89: CMakeFiles/ping-pong.dir/src/PingSubNode.cpp.o] Error 1
make[1]: *** [CMakeFiles/Makefile2:78: CMakeFiles/ping-pong.dir/all] Error 2
make: *** [Makefile:141: all] Error 2
