[0.012s] Invoking command in '/home/pengbo/rclcpp_cbg/ros2_rclcpp/build/rclcpp': /usr/bin/cmake --build /home/pengbo/rclcpp_cbg/ros2_rclcpp/build/rclcpp -- -j12 -l12
[0.069s] [  1%] Built target gtest
[0.070s] [  2%] Built target gmock_main
[0.071s] [  3%] Built target gtest_main
[0.071s] [  3%] Built target rclcpp_test_msgs__cpp
[0.072s] [  5%] Built target rclcpp_test_msgs__rosidl_generator_c
[0.076s] [  6%] Built target gmock
[0.083s] [35m[1mScanning dependencies of target rclcpp[0m
[0.085s] [  7%] Built target test_function_traits
[0.086s] [  9%] Built target rclcpp_test_msgs__rosidl_typesupport_cpp
[0.087s] [ 11%] Built target rclcpp_test_msgs__rosidl_typesupport_introspection_cpp
[0.088s] [ 12%] Built target rclcpp_test_msgs__rosidl_typesupport_c
[0.088s] [ 14%] Built target rclcpp_test_msgs__rosidl_typesupport_introspection_c
[0.090s] [ 16%] Built target rclcpp_test_msgs__rosidl_typesupport_fastrtps_cpp
[0.111s] [ 18%] Built target rclcpp_test_msgs__rosidl_typesupport_fastrtps_c
[0.127s] [ 18%] Built target rclcpp_test_msgs
[0.143s] [ 18%] Built target rclcpp_test_msgs__py
[0.146s] [ 18%] [32mBuilding CXX object CMakeFiles/rclcpp.dir/src/rclcpp/executors/single_threaded_executor.cpp.o[0m
[0.165s] [ 20%] Built target rclcpp_test_msgs__python
[0.183s] [ 21%] Built target rclcpp__rosidl_typesupport_fastrtps_c__pyext
[0.185s] [ 22%] Built target rclcpp__rosidl_typesupport_c__pyext
[0.186s] [ 23%] Built target rclcpp__rosidl_typesupport_introspection_c__pyext
[0.874s] [01m[K/home/pengbo/rclcpp_cbg/ros2_rclcpp/rclcpp/src/rclcpp/executors/single_threaded_executor.cpp:[m[K In member function â€˜[01m[Kvoid rclcpp::executors::SingleThreadedExecutor::executor_spin_one_period(uint64_t)[m[Kâ€™:
[0.875s] [01m[K/home/pengbo/rclcpp_cbg/ros2_rclcpp/rclcpp/src/rclcpp/executors/single_threaded_executor.cpp:216:78:[m[K [01;31m[Kerror: [m[Kno matching function for call to â€˜[01m[Kduration_cast<std::chrono::nanoseconds>(std::chrono::time_point<std::chrono::_V2::steady_clock, std::chrono::duration<long int, std::ratio<1, 1000000000> > >&)[m[Kâ€™
[0.875s]   216 |    std::cout << "start_time" << duration_cast<std::chrono::nanoseconds>(start[01;31m[K)[m[K.count<< "ns" << std::endl;
[0.875s]       |                                                                              [01;31m[K^[m[K
[0.875s] In file included from [01m[K/home/pengbo/rclcpp_cbg/ros2_rclcpp/rclcpp/include/rclcpp/executor.hpp:20[m[K,
[0.875s]                  from [01m[K/home/pengbo/rclcpp_cbg/ros2_rclcpp/rclcpp/include/rclcpp/executors/single_threaded_executor.hpp:25[m[K,
[0.875s]                  from [01m[K/home/pengbo/rclcpp_cbg/ros2_rclcpp/rclcpp/src/rclcpp/executors/single_threaded_executor.cpp:15[m[K:
[0.875s] [01m[K/usr/include/c++/9/chrono:191:7:[m[K [01;36m[Knote: [m[Kcandidate: â€˜[01m[Ktemplate<class _ToDur, class _Rep, class _Period> constexpr std::chrono::__enable_if_is_duration<_ToDur> std::chrono::duration_cast(const std::chrono::duration<_Rep, _Period>&)[m[Kâ€™
[0.875s]   191 |       [01;36m[Kduration_cast[m[K(const duration<_Rep, _Period>& __d)
[0.875s]       |       [01;36m[K^~~~~~~~~~~~~[m[K
[0.875s] [01m[K/usr/include/c++/9/chrono:191:7:[m[K [01;36m[Knote: [m[K  template argument deduction/substitution failed:
[0.876s] [01m[K/home/pengbo/rclcpp_cbg/ros2_rclcpp/rclcpp/src/rclcpp/executors/single_threaded_executor.cpp:216:78:[m[K [01;36m[Knote: [m[K  â€˜[01m[Kstd::chrono::time_point<std::chrono::_V2::steady_clock, std::chrono::duration<long int, std::ratio<1, 1000000000> > >[m[Kâ€™ is not derived from â€˜[01m[Kconst std::chrono::duration<_Rep, _Period>[m[Kâ€™
[0.876s]   216 |    std::cout << "start_time" << duration_cast<std::chrono::nanoseconds>(start[01;36m[K)[m[K.count<< "ns" << std::endl;
[0.876s]       |                                                                              [01;36m[K^[m[K
[1.019s] make[2]: *** [CMakeFiles/rclcpp.dir/build.make:389: CMakeFiles/rclcpp.dir/src/rclcpp/executors/single_threaded_executor.cpp.o] Error 1
[1.020s] make[1]: *** [CMakeFiles/Makefile2:1129: CMakeFiles/rclcpp.dir/all] Error 2
[1.020s] make: *** [Makefile:141: all] Error 2
[1.022s] Invoked command in '/home/pengbo/rclcpp_cbg/ros2_rclcpp/build/rclcpp' returned '2': /usr/bin/cmake --build /home/pengbo/rclcpp_cbg/ros2_rclcpp/build/rclcpp -- -j12 -l12
