[  1%] Built target gtest
[  2%] Built target gmock_main
[  2%] Built target rclcpp_test_msgs__cpp
[  4%] Built target gtest_main
[  4%] Built target gmock
[  6%] Built target rclcpp_test_msgs__rosidl_generator_c
[35m[1mScanning dependencies of target rclcpp[0m
[  8%] Built target rclcpp_test_msgs__rosidl_typesupport_fastrtps_cpp
[ 10%] Built target rclcpp_test_msgs__rosidl_typesupport_cpp
[ 12%] Built target rclcpp_test_msgs__rosidl_typesupport_introspection_c
[ 13%] Built target rclcpp_test_msgs__rosidl_typesupport_c
[ 15%] Built target rclcpp_test_msgs__rosidl_typesupport_introspection_cpp
[ 16%] Built target test_function_traits
[ 18%] Built target rclcpp_test_msgs__rosidl_typesupport_fastrtps_c
[ 18%] Built target rclcpp_test_msgs
[ 18%] Built target rclcpp_test_msgs__py
[ 18%] [32mBuilding CXX object CMakeFiles/rclcpp.dir/src/rclcpp/executors/single_threaded_executor.cpp.o[0m
[ 20%] Built target rclcpp_test_msgs__python
[ 21%] Built target rclcpp__rosidl_typesupport_c__pyext
[ 22%] Built target rclcpp__rosidl_typesupport_fastrtps_c__pyext
[ 23%] Built target rclcpp__rosidl_typesupport_introspection_c__pyext
[01m[K/home/pengbo/rclcpp_cbg/ros2_rclcpp/rclcpp/src/rclcpp/executors/single_threaded_executor.cpp:[m[K In member function â€˜[01m[Kvoid rclcpp::executors::SingleThreadedExecutor::executor_spin_one_period(uint64_t)[m[Kâ€™:
[01m[K/home/pengbo/rclcpp_cbg/ros2_rclcpp/rclcpp/src/rclcpp/executors/single_threaded_executor.cpp:264:47:[m[K [01;31m[Kerror: [m[Kno matching function for call to â€˜[01m[Ksleep_for(int64_t&)[m[Kâ€™
  264 |        std::this_thread::sleep_for(sleep_time1[01;31m[K)[m[K;
      |                                               [01;31m[K^[m[K
In file included from [01m[K/usr/include/c++/9/future:39[m[K,
                 from [01m[K/home/pengbo/rclcpp_cbg/ros2_rclcpp/rclcpp/include/rclcpp/client.hpp:19[m[K,
                 from [01m[K/home/pengbo/rclcpp_cbg/ros2_rclcpp/rclcpp/include/rclcpp/callback_group.hpp:23[m[K,
                 from [01m[K/home/pengbo/rclcpp_cbg/ros2_rclcpp/rclcpp/include/rclcpp/any_executable.hpp:20[m[K,
                 from [01m[K/home/pengbo/rclcpp_cbg/ros2_rclcpp/rclcpp/include/rclcpp/memory_strategy.hpp:25[m[K,
                 from [01m[K/home/pengbo/rclcpp_cbg/ros2_rclcpp/rclcpp/include/rclcpp/memory_strategies.hpp:18[m[K,
                 from [01m[K/home/pengbo/rclcpp_cbg/ros2_rclcpp/rclcpp/include/rclcpp/executor_options.hpp:20[m[K,
                 from [01m[K/home/pengbo/rclcpp_cbg/ros2_rclcpp/rclcpp/include/rclcpp/executor.hpp:34[m[K,
                 from [01m[K/home/pengbo/rclcpp_cbg/ros2_rclcpp/rclcpp/include/rclcpp/executors/single_threaded_executor.hpp:25[m[K,
                 from [01m[K/home/pengbo/rclcpp_cbg/ros2_rclcpp/rclcpp/src/rclcpp/executors/single_threaded_executor.cpp:15[m[K:
[01m[K/usr/include/c++/9/thread:366:7:[m[K [01;36m[Knote: [m[Kcandidate: â€˜[01m[Ktemplate<class _Rep, class _Period> void std::this_thread::sleep_for(const std::chrono::duration<_Rep1, _Period1>&)[m[Kâ€™
  366 |       [01;36m[Ksleep_for[m[K(const chrono::duration<_Rep, _Period>& __rtime)
      |       [01;36m[K^~~~~~~~~[m[K
[01m[K/usr/include/c++/9/thread:366:7:[m[K [01;36m[Knote: [m[K  template argument deduction/substitution failed:
[01m[K/home/pengbo/rclcpp_cbg/ros2_rclcpp/rclcpp/src/rclcpp/executors/single_threaded_executor.cpp:264:47:[m[K [01;36m[Knote: [m[K  mismatched types â€˜[01m[Kconst std::chrono::duration<_Rep1, _Period1>[m[Kâ€™ and â€˜[01m[Kint64_t[m[Kâ€™ {aka â€˜[01m[Klong int[m[Kâ€™}
  264 |        std::this_thread::sleep_for(sleep_time1[01;36m[K)[m[K;
      |                                               [01;36m[K^[m[K
make[2]: *** [CMakeFiles/rclcpp.dir/build.make:389: CMakeFiles/rclcpp.dir/src/rclcpp/executors/single_threaded_executor.cpp.o] Error 1
make[1]: *** [CMakeFiles/Makefile2:1129: CMakeFiles/rclcpp.dir/all] Error 2
make: *** [Makefile:141: all] Error 2
