[0.010s] Invoking command in '/home/pengbo/cbg-executor/ros2_examples/rclcpp/cbg-executor_ping-pong/build/cbg-executor_ping-pong_cpp': /usr/bin/cmake --build /home/pengbo/cbg-executor/ros2_examples/rclcpp/cbg-executor_ping-pong/build/cbg-executor_ping-pong_cpp -- -j12 -l12
[0.052s] [35m[1mScanning dependencies of target ping-pong[0m
[0.085s] [ 25%] [32mBuilding CXX object CMakeFiles/ping-pong.dir/main.cpp.o[0m
[1.020s] [01m[K/home/pengbo/cbg-executor/ros2_examples/rclcpp/cbg-executor_ping-pong/main.cpp:[m[K In function â€˜[01m[Kuint64_t timespec_to_uint64(const timespec*)[m[Kâ€™:
[1.020s] [01m[K/home/pengbo/cbg-executor/ros2_examples/rclcpp/cbg-executor_ping-pong/main.cpp:49:45:[m[K [01;31m[Kerror: [m[Kâ€˜[01m[KNSEC_PER_SEC[m[Kâ€™ was not declared in this scope; did you mean â€˜[01m[KCLOCKS_PER_SEC[m[Kâ€™?
[1.020s]    49 |   return static_cast<uint64_t>(t->tv_sec) * [01;31m[KNSEC_PER_SEC[m[K + static_cast<uint64_t>(t->tv_nsec);
[1.021s]       |                                             [01;31m[K^~~~~~~~~~~~[m[K
[1.021s]       |                                             [32m[KCLOCKS_PER_SEC[m[K
[1.021s] [01m[K/home/pengbo/cbg-executor/ros2_examples/rclcpp/cbg-executor_ping-pong/main.cpp:[m[K In function â€˜[01m[Kvoid uint64_to_timespec(uint64_t, timespec*)[m[Kâ€™:
[1.021s] [01m[K/home/pengbo/cbg-executor/ros2_examples/rclcpp/cbg-executor_ping-pong/main.cpp:54:28:[m[K [01;31m[Kerror: [m[Kâ€˜[01m[KNSEC_PER_SEC[m[Kâ€™ was not declared in this scope; did you mean â€˜[01m[KCLOCKS_PER_SEC[m[Kâ€™?
[1.021s]    54 |   uint64_t nsecs = input % [01;31m[KNSEC_PER_SEC[m[K;
[1.022s]       |                            [01;31m[K^~~~~~~~~~~~[m[K
[1.022s]       |                            [32m[KCLOCKS_PER_SEC[m[K
[1.023s] [01m[K/home/pengbo/cbg-executor/ros2_examples/rclcpp/cbg-executor_ping-pong/main.cpp:[m[K In function â€˜[01m[Kvoid normalize_timespec(timespec*)[m[Kâ€™:
[1.023s] [01m[K/home/pengbo/cbg-executor/ros2_examples/rclcpp/cbg-executor_ping-pong/main.cpp:63:24:[m[K [01;31m[Kerror: [m[Kâ€˜[01m[KNSEC_PER_SEC[m[Kâ€™ was not declared in this scope; did you mean â€˜[01m[KCLOCKS_PER_SEC[m[Kâ€™?
[1.023s]    63 |   while (t->tv_nsec >= [01;31m[KNSEC_PER_SEC[m[K) {
[1.023s]       |                        [01;31m[K^~~~~~~~~~~~[m[K
[1.023s]       |                        [32m[KCLOCKS_PER_SEC[m[K
[1.023s] [01m[K/home/pengbo/cbg-executor/ros2_examples/rclcpp/cbg-executor_ping-pong/main.cpp:[m[K In function â€˜[01m[Kint record_jitter(const timespec*, const timespec*, size_t)[m[Kâ€™:
[1.023s] [01m[K/home/pengbo/cbg-executor/ros2_examples/rclcpp/cbg-executor_ping-pong/main.cpp:114:8:[m[K [01;31m[Kerror: [m[Kâ€˜[01m[Klatency_samples[m[Kâ€™ declared as array of â€˜[01m[Kauto[m[Kâ€™
[1.023s]   114 |   auto [01;31m[Klatency_samples[m[K[i] = parity * timespec_to_uint64(&jitter);
[1.023s]       |        [01;31m[K^~~~~~~~~~~~~~~[m[K
[1.325s] make[2]: *** [CMakeFiles/ping-pong.dir/build.make:63: CMakeFiles/ping-pong.dir/main.cpp.o] Error 1
[1.325s] make[1]: *** [CMakeFiles/Makefile2:78: CMakeFiles/ping-pong.dir/all] Error 2
[1.325s] make: *** [Makefile:141: all] Error 2
[1.327s] Invoked command in '/home/pengbo/cbg-executor/ros2_examples/rclcpp/cbg-executor_ping-pong/build/cbg-executor_ping-pong_cpp' returned '2': /usr/bin/cmake --build /home/pengbo/cbg-executor/ros2_examples/rclcpp/cbg-executor_ping-pong/build/cbg-executor_ping-pong_cpp -- -j12 -l12
