[0.000000] (-) TimerEvent: {}
[0.000401] (rclcpp) JobQueued: {'identifier': 'rclcpp', 'dependencies': OrderedDict()}
[0.000650] (rclcpp_action) JobQueued: {'identifier': 'rclcpp_action', 'dependencies': OrderedDict([('rclcpp', '/home/pengbo/rclcpp_cbg/install/rclcpp')])}
[0.000707] (rclcpp_components) JobQueued: {'identifier': 'rclcpp_components', 'dependencies': OrderedDict([('rclcpp', '/home/pengbo/rclcpp_cbg/install/rclcpp')])}
[0.001217] (rclcpp_lifecycle) JobQueued: {'identifier': 'rclcpp_lifecycle', 'dependencies': OrderedDict([('rclcpp', '/home/pengbo/rclcpp_cbg/install/rclcpp')])}
[0.001262] (rclcpp) JobStarted: {'identifier': 'rclcpp'}
[0.007464] (rclcpp) JobProgress: {'identifier': 'rclcpp', 'progress': 'cmake'}
[0.007919] (rclcpp) Command: {'cmd': ['/usr/bin/cmake', '/home/pengbo/rclcpp_cbg/ros2_rclcpp/rclcpp', '-DAMENT_CMAKE_SYMLINK_INSTALL=1', '-DCMAKE_INSTALL_PREFIX=/home/pengbo/rclcpp_cbg/install/rclcpp'], 'cwd': '/home/pengbo/rclcpp_cbg/build/rclcpp', 'env': OrderedDict([('SUDO_GID', '998'), ('LESSOPEN', '| /usr/bin/lesspipe %s'), ('MAIL', '/var/mail/root'), ('USER', 'root'), ('SHLVL', '1'), ('HOME', '/root'), ('COLORTERM', 'truecolor'), ('SUDO_UID', '1000'), ('LOGNAME', 'root'), ('_', '/usr/bin/colcon'), ('TERM', 'xterm-256color'), ('PATH', '/usr/local/sbin:/usr/local/bin:/usr/sbin:/usr/bin:/sbin:/bin:/usr/games:/usr/local/games:/snap/bin'), ('DISPLAY', ':1'), ('LANG', 'en_US.UTF-8'), ('XAUTHORITY', '/run/user/1000/gdm/Xauthority'), ('LS_COLORS', 'rs=0:di=01;34:ln=01;36:mh=00:pi=40;33:so=01;35:do=01;35:bd=40;33;01:cd=40;33;01:or=40;31;01:mi=00:su=37;41:sg=30;43:ca=30;41:tw=30;42:ow=34;42:st=37;44:ex=01;32:*.tar=01;31:*.tgz=01;31:*.arc=01;31:*.arj=01;31:*.taz=01;31:*.lha=01;31:*.lz4=01;31:*.lzh=01;31:*.lzma=01;31:*.tlz=01;31:*.txz=01;31:*.tzo=01;31:*.t7z=01;31:*.zip=01;31:*.z=01;31:*.dz=01;31:*.gz=01;31:*.lrz=01;31:*.lz=01;31:*.lzo=01;31:*.xz=01;31:*.zst=01;31:*.tzst=01;31:*.bz2=01;31:*.bz=01;31:*.tbz=01;31:*.tbz2=01;31:*.tz=01;31:*.deb=01;31:*.rpm=01;31:*.jar=01;31:*.war=01;31:*.ear=01;31:*.sar=01;31:*.rar=01;31:*.alz=01;31:*.ace=01;31:*.zoo=01;31:*.cpio=01;31:*.7z=01;31:*.rz=01;31:*.cab=01;31:*.wim=01;31:*.swm=01;31:*.dwm=01;31:*.esd=01;31:*.jpg=01;35:*.jpeg=01;35:*.mjpg=01;35:*.mjpeg=01;35:*.gif=01;35:*.bmp=01;35:*.pbm=01;35:*.pgm=01;35:*.ppm=01;35:*.tga=01;35:*.xbm=01;35:*.xpm=01;35:*.tif=01;35:*.tiff=01;35:*.png=01;35:*.svg=01;35:*.svgz=01;35:*.mng=01;35:*.pcx=01;35:*.mov=01;35:*.mpg=01;35:*.mpeg=01;35:*.m2v=01;35:*.mkv=01;35:*.webm=01;35:*.ogm=01;35:*.mp4=01;35:*.m4v=01;35:*.mp4v=01;35:*.vob=01;35:*.qt=01;35:*.nuv=01;35:*.wmv=01;35:*.asf=01;35:*.rm=01;35:*.rmvb=01;35:*.flc=01;35:*.avi=01;35:*.fli=01;35:*.flv=01;35:*.gl=01;35:*.dl=01;35:*.xcf=01;35:*.xwd=01;35:*.yuv=01;35:*.cgm=01;35:*.emf=01;35:*.ogv=01;35:*.ogx=01;35:*.aac=00;36:*.au=00;36:*.flac=00;36:*.m4a=00;36:*.mid=00;36:*.midi=00;36:*.mka=00;36:*.mp3=00;36:*.mpc=00;36:*.ogg=00;36:*.ra=00;36:*.wav=00;36:*.oga=00;36:*.opus=00;36:*.spx=00;36:*.xspf=00;36:'), ('SUDO_COMMAND', '/usr/bin/su'), ('SHELL', '/bin/bash'), ('SUDO_USER', 'pengbo'), ('LESSCLOSE', '/usr/bin/lesspipe %s %s'), ('PWD', '/home/pengbo/rclcpp_cbg/build/rclcpp'), ('LC_ALL', 'en_US.UTF-8'), ('COLCON', '1')]), 'shell': False}
[0.023702] (rclcpp) StdoutLine: {'line': b'-- Found ament_cmake_ros: 0.9.0 (/home/pengbo/ros2_foxy/install/ament_cmake_ros/share/ament_cmake_ros/cmake)\n'}
[0.045257] (rclcpp) StdoutLine: {'line': b'-- Using PYTHON_EXECUTABLE: /usr/bin/python3\n'}
[0.099780] (-) TimerEvent: {}
[0.145737] (rclcpp) StderrLine: {'line': b'Traceback (most recent call last):\n'}
[0.145860] (rclcpp) StderrLine: {'line': b'  File "/home/pengbo/ros2_foxy/install/ament_cmake_core/share/ament_cmake_core/cmake/package_templates/templates_2_cmake.py", line 21, in <module>\n'}
[0.145939] (rclcpp) StderrLine: {'line': b'    from ament_package.templates import get_environment_hook_template_path\n'}
[0.146009] (rclcpp) StderrLine: {'line': b"ModuleNotFoundError: No module named 'ament_package'\n"}
[0.157101] (rclcpp) StderrLine: {'line': b'CMake Error at /home/pengbo/ros2_foxy/install/ament_cmake_core/share/ament_cmake_core/cmake/ament_cmake_package_templates-extras.cmake:41 (message):\n'}
[0.157227] (rclcpp) StderrLine: {'line': b'  execute_process(/usr/bin/python3\n'}
[0.157316] (rclcpp) StderrLine: {'line': b'  /home/pengbo/ros2_foxy/install/ament_cmake_core/share/ament_cmake_core/cmake/package_templates/templates_2_cmake.py\n'}
[0.157404] (rclcpp) StderrLine: {'line': b'  /home/pengbo/rclcpp_cbg/build/rclcpp/ament_cmake_package_templates/templates.cmake)\n'}
[0.157490] (rclcpp) StderrLine: {'line': b'  returned error code 1\n'}
[0.157576] (rclcpp) StderrLine: {'line': b'Call Stack (most recent call first):\n'}
[0.157668] (rclcpp) StderrLine: {'line': b'  /home/pengbo/ros2_foxy/install/ament_cmake_core/share/ament_cmake_core/cmake/ament_cmake_coreConfig.cmake:41 (include)\n'}
[0.157929] (rclcpp) StderrLine: {'line': b'  /home/pengbo/ros2_foxy/install/ament_cmake_test/share/ament_cmake_test/cmake/ament_cmake_test-extras.cmake:39 (find_package)\n'}
[0.158054] (rclcpp) StderrLine: {'line': b'  /home/pengbo/ros2_foxy/install/ament_cmake_test/share/ament_cmake_test/cmake/ament_cmake_testConfig.cmake:41 (include)\n'}
[0.158147] (rclcpp) StderrLine: {'line': b'  /home/pengbo/ros2_foxy/install/ament_cmake_pytest/share/ament_cmake_pytest/cmake/ament_cmake_pytest-extras.cmake:17 (find_package)\n'}
[0.158235] (rclcpp) StderrLine: {'line': b'  /home/pengbo/ros2_foxy/install/ament_cmake_pytest/share/ament_cmake_pytest/cmake/ament_cmake_pytestConfig.cmake:41 (include)\n'}
[0.158322] (rclcpp) StderrLine: {'line': b'  /home/pengbo/ros2_foxy/install/ament_cmake_ros/share/ament_cmake_ros/cmake/ament_cmake_ros-extras.cmake:19 (find_package)\n'}
[0.158411] (rclcpp) StderrLine: {'line': b'  /home/pengbo/ros2_foxy/install/ament_cmake_ros/share/ament_cmake_ros/cmake/ament_cmake_rosConfig.cmake:41 (include)\n'}
[0.158510] (rclcpp) StderrLine: {'line': b'  CMakeLists.txt:5 (find_package)\n'}
[0.158601] (rclcpp) StderrLine: {'line': b'\n'}
[0.158686] (rclcpp) StderrLine: {'line': b'\n'}
[0.158771] (rclcpp) StdoutLine: {'line': b'-- Configuring incomplete, errors occurred!\n'}
[0.158865] (rclcpp) StdoutLine: {'line': b'See also "/home/pengbo/rclcpp_cbg/build/rclcpp/CMakeFiles/CMakeOutput.log".\n'}
[0.158955] (rclcpp) StdoutLine: {'line': b'See also "/home/pengbo/rclcpp_cbg/build/rclcpp/CMakeFiles/CMakeError.log".\n'}
[0.160029] (rclcpp) CommandEnded: {'returncode': 1}
[0.173163] (rclcpp) StderrLine: {'line': b'Traceback (most recent call last):\n  File "/usr/lib/python3/dist-packages/colcon_core/executor/__init__.py", line 91, in __call__\n    rc = await self.task(*args, **kwargs)\n  File "/usr/lib/python3/dist-packages/colcon_core/task/__init__.py", line 93, in __call__\n    return await task_method(*args, **kwargs)\n  File "/usr/lib/python3/dist-packages/colcon_ros/task/ament_cmake/build.py", line 66, in build\n    if await has_target(args.build_base, \'install\'):\n  File "/usr/lib/python3/dist-packages/colcon_cmake/task/cmake/__init__.py", line 57, in has_target\n    return target in await get_makefile_targets(path)\n  File "/usr/lib/python3/dist-packages/colcon_cmake/task/cmake/__init__.py", line 77, in get_makefile_targets\n    output = await check_output([\n  File "/usr/lib/python3/dist-packages/colcon_core/subprocess.py", line 109, in check_output\n    assert not rc, \\\nAssertionError: Expected [\'/usr/bin/cmake\', \'--build\', \'/home/pengbo/rclcpp_cbg/build/rclcpp\', \'--target\', \'help\'] to pass: make: *** No rule to make target \'help\'.  Stop.\n\n'}
[0.173407] (rclcpp) JobEnded: {'identifier': 'rclcpp', 'rc': 1}
[0.183713] (rclcpp_action) JobSkipped: {'identifier': 'rclcpp_action'}
[0.183781] (rclcpp_components) JobSkipped: {'identifier': 'rclcpp_components'}
[0.183819] (rclcpp_lifecycle) JobSkipped: {'identifier': 'rclcpp_lifecycle'}
[0.183852] (-) EventReactorShutdown: {}
