[01m[K/home/pengbo/rclcpp_cbg/ros2_rclcpp/rclcpp/src/rclcpp/executors/single_threaded_executor.cpp:[m[K In member function â€˜[01m[Kvoid rclcpp::executors::SingleThreadedExecutor::executor_spin_one_period(uint64_t, std::string)[m[Kâ€™:
[01m[K/home/pengbo/rclcpp_cbg/ros2_rclcpp/rclcpp/src/rclcpp/executors/single_threaded_executor.cpp:256:3:[m[K [01;31m[Kerror: [m[Kâ€˜[01m[Ksleep_time2[m[Kâ€™ was not declared in this scope; did you mean â€˜[01m[Ksleep_time[m[Kâ€™?
  256 |   [01;31m[Ksleep_time2[m[K.tv_sec=0;
      |   [01;31m[K^~~~~~~~~~~[m[K
      |   [32m[Ksleep_time[m[K
make[2]: *** [CMakeFiles/rclcpp.dir/build.make:389: CMakeFiles/rclcpp.dir/src/rclcpp/executors/single_threaded_executor.cpp.o] Error 1
make[2]: *** Waiting for unfinished jobs....
make[1]: *** [CMakeFiles/Makefile2:1129: CMakeFiles/rclcpp.dir/all] Error 2
make: *** [Makefile:141: all] Error 2
