[0.010s] Invoking command in '/home/pengbo/rclcpp_cbg/ros2_rclcpp/build/rclcpp': /usr/bin/cmake --build /home/pengbo/rclcpp_cbg/ros2_rclcpp/build/rclcpp -- -j12 -l12
[0.060s] [  1%] Built target gtest_main
[0.061s] [  2%] Built target gtest
[0.063s] [  2%] Built target rclcpp_test_msgs__cpp
[0.065s] [  3%] Built target gmock_main
[0.068s] [  6%] Built target gmock
[0.068s] [  6%] Built target rclcpp_test_msgs__rosidl_generator_c
[0.077s] [  8%] Built target rclcpp_test_msgs__rosidl_typesupport_introspection_cpp
[0.078s] [  9%] Built target test_function_traits
[0.079s] [35m[1mScanning dependencies of target rclcpp[0m
[0.080s] [ 11%] Built target rclcpp_test_msgs__rosidl_typesupport_cpp
[0.081s] [ 13%] Built target rclcpp_test_msgs__rosidl_typesupport_fastrtps_cpp
[0.086s] [ 14%] Built target rclcpp_test_msgs__rosidl_typesupport_c
[0.087s] [ 16%] Built target rclcpp_test_msgs__rosidl_typesupport_introspection_c
[0.101s] [ 18%] Built target rclcpp_test_msgs__rosidl_typesupport_fastrtps_c
[0.118s] [ 18%] Built target rclcpp_test_msgs
[0.135s] [ 18%] Built target rclcpp_test_msgs__py
[0.142s] [ 18%] [32mBuilding CXX object CMakeFiles/rclcpp.dir/src/rclcpp/executors/single_threaded_executor.cpp.o[0m
[0.162s] [ 20%] Built target rclcpp_test_msgs__python
[0.184s] [ 21%] Built target rclcpp__rosidl_typesupport_c__pyext
[0.186s] [ 22%] Built target rclcpp__rosidl_typesupport_fastrtps_c__pyext
[0.186s] [ 23%] Built target rclcpp__rosidl_typesupport_introspection_c__pyext
[0.890s] [01m[K/home/pengbo/rclcpp_cbg/ros2_rclcpp/rclcpp/src/rclcpp/executors/single_threaded_executor.cpp:[m[K In member function â€˜[01m[Kvoid rclcpp::executors::SingleThreadedExecutor::executor_spin_one_period(uint64_t)[m[Kâ€™:
[0.890s] [01m[K/home/pengbo/rclcpp_cbg/ros2_rclcpp/rclcpp/src/rclcpp/executors/single_threaded_executor.cpp:194:26:[m[K [01;31m[Kerror: [m[Kâ€˜[01m[Kupdate_period[m[Kâ€™ was not declared in this scope; did you mean â€˜[01m[Kend_time_period[m[Kâ€™?
[0.890s]   194 |       multiply_timespec(&[01;31m[Kupdate_period[m[K, j, &theoretical_time);
[0.890s]       |                          [01;31m[K^~~~~~~~~~~~~[m[K
[0.891s]       |                          [32m[Kend_time_period[m[K
[0.892s] [01m[K/home/pengbo/rclcpp_cbg/ros2_rclcpp/rclcpp/src/rclcpp/executors/single_threaded_executor.cpp:194:45:[m[K [01;31m[Kerror: [m[Kâ€˜[01m[Ktheoretical_time[m[Kâ€™ was not declared in this scope
[0.893s]   194 |       multiply_timespec(&update_period, j, &[01;31m[Ktheoretical_time[m[K);
[0.893s]       |                                             [01;31m[K^~~~~~~~~~~~~~~~[m[K
[0.898s] [01m[K/home/pengbo/rclcpp_cbg/ros2_rclcpp/rclcpp/src/rclcpp/executors/single_threaded_executor.cpp:218:7:[m[K [01;31m[Kerror: [m[Kâ€˜[01m[Kwakeup_time[m[Kâ€™ was not declared in this scope
[0.898s]   218 |       [01;31m[Kwakeup_time[m[K=start_time_period;
[0.898s]       |       [01;31m[K^~~~~~~~~~~[m[K
[0.898s] [01m[K/home/pengbo/rclcpp_cbg/ros2_rclcpp/rclcpp/src/rclcpp/executors/single_threaded_executor.cpp:[m[K In member function â€˜[01m[Kvoid rclcpp::executors::SingleThreadedExecutor::executor_spin_period(uint64_t)[m[Kâ€™:
[0.898s] [01m[K/home/pengbo/rclcpp_cbg/ros2_rclcpp/rclcpp/src/rclcpp/executors/single_threaded_executor.cpp:230:19:[m[K [01;35m[Kwarning: [m[Kunused variable â€˜[01m[Ktheoretical_time[m[Kâ€™ [[01;35m[K-Wunused-variable[m[K]
[0.898s]   230 |   struct timespec [01;35m[Ktheoretical_time[m[K;
[0.898s]       |                   [01;35m[K^~~~~~~~~~~~~~~~[m[K
[0.900s] [01m[K/home/pengbo/rclcpp_cbg/ros2_rclcpp/rclcpp/src/rclcpp/executors/single_threaded_executor.cpp:[m[K In member function â€˜[01m[Kstd::vector<long int, std::allocator<long int> > rclcpp::executors::SingleThreadedExecutor::spin(uint64_t)[m[Kâ€™:
[0.900s] [01m[K/home/pengbo/rclcpp_cbg/ros2_rclcpp/rclcpp/src/rclcpp/executors/single_threaded_executor.cpp:289:32:[m[K [01;35m[Kwarning: [m[Kunused variable â€˜[01m[Kcurrent_time[m[Kâ€™ [[01;35m[K-Wunused-variable[m[K]
[0.900s]   289 |   struct timespec wakeup_time, [01;35m[Kcurrent_time[m[K;
[0.900s]       |                                [01;35m[K^~~~~~~~~~~~[m[K
[1.042s] make[2]: *** [CMakeFiles/rclcpp.dir/build.make:389: CMakeFiles/rclcpp.dir/src/rclcpp/executors/single_threaded_executor.cpp.o] Error 1
[1.043s] make[1]: *** [CMakeFiles/Makefile2:1129: CMakeFiles/rclcpp.dir/all] Error 2
[1.043s] make: *** [Makefile:141: all] Error 2
[1.046s] Invoked command in '/home/pengbo/rclcpp_cbg/ros2_rclcpp/build/rclcpp' returned '2': /usr/bin/cmake --build /home/pengbo/rclcpp_cbg/ros2_rclcpp/build/rclcpp -- -j12 -l12
