[01m[K/home/pengbo/rclcpp_cbg/ros2_rclcpp/rclcpp/src/rclcpp/executors/single_threaded_executor.cpp:[m[K In function â€˜[01m[Kint record_jitter(const timespec*, const timespec*, size_t)[m[Kâ€™:
[01m[K/home/pengbo/rclcpp_cbg/ros2_rclcpp/rclcpp/src/rclcpp/executors/single_threaded_executor.cpp:105:10:[m[K [01;35m[Kwarning: [m[Kunused variable â€˜[01m[Ki[m[Kâ€™ [[01;35m[K-Wunused-variable[m[K]
  105 |   size_t [01;35m[Ki[m[K = iteration;
      |          [01;35m[K^[m[K
[01m[K/home/pengbo/rclcpp_cbg/ros2_rclcpp/rclcpp/src/rclcpp/executors/single_threaded_executor.cpp:[m[K In member function â€˜[01m[Kvoid rclcpp::executors::SingleThreadedExecutor::executor_spin_one_period(uint64_t)[m[Kâ€™:
[01m[K/home/pengbo/rclcpp_cbg/ros2_rclcpp/rclcpp/src/rclcpp/executors/single_threaded_executor.cpp:185:47:[m[K [01;31m[Kerror: [m[Kâ€˜[01m[Kstruct timespec[m[Kâ€™ has no member named â€˜[01m[Ktv_msec[m[Kâ€™; did you mean â€˜[01m[Ktv_sec[m[Kâ€™?
  185 |   std::cout << "current_time" << current_time.[01;31m[Ktv_msec[m[K<< "ms" << std::endl;
      |                                               [01;31m[K^~~~~~~[m[K
      |                                               [32m[Ktv_sec[m[K
make[2]: *** [CMakeFiles/rclcpp.dir/build.make:389: CMakeFiles/rclcpp.dir/src/rclcpp/executors/single_threaded_executor.cpp.o] Error 1
make[1]: *** [CMakeFiles/Makefile2:1129: CMakeFiles/rclcpp.dir/all] Error 2
make: *** [Makefile:141: all] Error 2
