[0.013s] Invoking command in '/home/pengbo/rclcpp_cbg/ros2_rclcpp/build/rclcpp': /usr/bin/cmake --build /home/pengbo/rclcpp_cbg/ros2_rclcpp/build/rclcpp -- -j12 -l12
[0.064s] [  1%] Built target rclcpp_test_msgs__cpp
[0.065s] [  1%] Built target gtest
[0.065s] [  2%] Built target gtest_main
[0.067s] [  4%] Built target rclcpp_test_msgs__rosidl_generator_c
[0.067s] [  6%] Built target gmock
[0.068s] [  6%] Built target gmock_main
[0.079s] [  8%] Built target rclcpp_test_msgs__rosidl_typesupport_cpp
[0.080s] [ 11%] Built target test_function_traits
[0.080s] [ 11%] Built target rclcpp_test_msgs__rosidl_typesupport_introspection_cpp
[0.082s] [ 12%] Built target rclcpp_test_msgs__rosidl_typesupport_c
[0.082s] [ 14%] Built target rclcpp_test_msgs__rosidl_typesupport_fastrtps_cpp
[0.082s] [ 16%] Built target rclcpp_test_msgs__rosidl_typesupport_introspection_c
[0.085s] [35m[1mScanning dependencies of target rclcpp[0m
[0.102s] [ 18%] Built target rclcpp_test_msgs__rosidl_typesupport_fastrtps_c
[0.117s] [ 18%] Built target rclcpp_test_msgs
[0.134s] [ 18%] [32mBuilding CXX object CMakeFiles/rclcpp.dir/src/rclcpp/executors/single_threaded_executor.cpp.o[0m
[0.136s] [ 18%] Built target rclcpp_test_msgs__py
[0.160s] [ 20%] Built target rclcpp_test_msgs__python
[0.180s] [ 21%] Built target rclcpp__rosidl_typesupport_fastrtps_c__pyext
[0.182s] [ 22%] Built target rclcpp__rosidl_typesupport_introspection_c__pyext
[0.186s] [ 23%] Built target rclcpp__rosidl_typesupport_c__pyext
[0.856s] [01m[K/home/pengbo/rclcpp_cbg/ros2_rclcpp/rclcpp/src/rclcpp/executors/single_threaded_executor.cpp:[m[K In function â€˜[01m[Kint record_jitter(const timespec*, const timespec*, size_t)[m[Kâ€™:
[0.856s] [01m[K/home/pengbo/rclcpp_cbg/ros2_rclcpp/rclcpp/src/rclcpp/executors/single_threaded_executor.cpp:105:10:[m[K [01;35m[Kwarning: [m[Kunused variable â€˜[01m[Ki[m[Kâ€™ [[01;35m[K-Wunused-variable[m[K]
[0.856s]   105 |   size_t [01;35m[Ki[m[K = iteration;
[0.856s]       |          [01;35m[K^[m[K
[0.861s] [01m[K/home/pengbo/rclcpp_cbg/ros2_rclcpp/rclcpp/src/rclcpp/executors/single_threaded_executor.cpp:[m[K In member function â€˜[01m[Kvoid rclcpp::executors::SingleThreadedExecutor::executor_spin_one_period(uint64_t)[m[Kâ€™:
[0.861s] [01m[K/home/pengbo/rclcpp_cbg/ros2_rclcpp/rclcpp/src/rclcpp/executors/single_threaded_executor.cpp:185:47:[m[K [01;31m[Kerror: [m[Kâ€˜[01m[Kstruct timespec[m[Kâ€™ has no member named â€˜[01m[Ktv_msec[m[Kâ€™; did you mean â€˜[01m[Ktv_sec[m[Kâ€™?
[0.861s]   185 |   std::cout << "current_time" << current_time.[01;31m[Ktv_msec[m[K<< "ms" << std::endl;
[0.861s]       |                                               [01;31m[K^~~~~~~[m[K
[0.861s]       |                                               [32m[Ktv_sec[m[K
[0.997s] make[2]: *** [CMakeFiles/rclcpp.dir/build.make:389: CMakeFiles/rclcpp.dir/src/rclcpp/executors/single_threaded_executor.cpp.o] Error 1
[0.997s] make[1]: *** [CMakeFiles/Makefile2:1129: CMakeFiles/rclcpp.dir/all] Error 2
[0.998s] make: *** [Makefile:141: all] Error 2
[1.000s] Invoked command in '/home/pengbo/rclcpp_cbg/ros2_rclcpp/build/rclcpp' returned '2': /usr/bin/cmake --build /home/pengbo/rclcpp_cbg/ros2_rclcpp/build/rclcpp -- -j12 -l12
