[35m[1mScanning dependencies of target ping-pong[0m
[ 25%] [32mBuilding CXX object CMakeFiles/ping-pong.dir/src/PingSubNode.cpp.o[0m
[ 50%] [32mBuilding CXX object CMakeFiles/ping-pong.dir/main.cpp.o[0m
[01m[K/home/pengbo/cbg-executor/ros2_examples/rclcpp/cbg-executor_ping-pong/main.cpp:[m[K In function â€˜[01m[Kint main(int, char**)[m[Kâ€™:
[01m[K/home/pengbo/cbg-executor/ros2_examples/rclcpp/cbg-executor_ping-pong/main.cpp:303:5:[m[K [01;31m[Kerror: [m[Kâ€˜[01m[Kpint_rt[m[Kâ€™ was not declared in this scope; did you mean â€˜[01m[Kping_rt[m[Kâ€™?
  303 |     [01;31m[Kpint_rt[m[K->outputjitter(jitters);
      |     [01;31m[K^~~~~~~[m[K
      |     [32m[Kping_rt[m[K
make[2]: *** [CMakeFiles/ping-pong.dir/build.make:63: CMakeFiles/ping-pong.dir/main.cpp.o] Error 1
make[2]: *** Waiting for unfinished jobs....
make[1]: *** [CMakeFiles/Makefile2:78: CMakeFiles/ping-pong.dir/all] Error 2
make: *** [Makefile:141: all] Error 2
