[0.009s] Invoking command in '/home/pengbo/rclcpp_cbg/ros2_rclcpp/build/rclcpp': /usr/bin/cmake --build /home/pengbo/rclcpp_cbg/ros2_rclcpp/build/rclcpp -- -j12 -l12
[0.065s] [  1%] Built target gtest_main
[0.065s] [  2%] Built target gtest
[0.065s] [  4%] Built target rclcpp_test_msgs__rosidl_generator_c
[0.066s] [  5%] Built target gmock_main
[0.067s] [  5%] Built target rclcpp_test_msgs__cpp
[0.070s] [  6%] Built target gmock
[0.079s] [35m[1mScanning dependencies of target rclcpp[0m
[0.079s] [  7%] Built target test_function_traits
[0.080s] [  8%] Built target rclcpp_test_msgs__rosidl_typesupport_c
[0.081s] [ 10%] Built target rclcpp_test_msgs__rosidl_typesupport_introspection_c
[0.082s] [ 12%] Built target rclcpp_test_msgs__rosidl_typesupport_introspection_cpp
[0.083s] [ 14%] Built target rclcpp_test_msgs__rosidl_typesupport_cpp
[0.088s] [ 16%] Built target rclcpp_test_msgs__rosidl_typesupport_fastrtps_cpp
[0.112s] [ 18%] Built target rclcpp_test_msgs__rosidl_typesupport_fastrtps_c
[0.132s] [ 18%] Built target rclcpp_test_msgs
[0.143s] [ 18%] [32mBuilding CXX object CMakeFiles/rclcpp.dir/src/rclcpp/executors/single_threaded_executor.cpp.o[0m
[0.151s] [ 18%] Built target rclcpp_test_msgs__py
[0.179s] [ 20%] Built target rclcpp_test_msgs__python
[0.199s] [ 21%] Built target rclcpp__rosidl_typesupport_fastrtps_c__pyext
[0.200s] [ 22%] Built target rclcpp__rosidl_typesupport_introspection_c__pyext
[0.200s] [ 23%] Built target rclcpp__rosidl_typesupport_c__pyext
[0.888s] [01m[K/home/pengbo/rclcpp_cbg/ros2_rclcpp/rclcpp/src/rclcpp/executors/single_threaded_executor.cpp:[m[K In member function â€˜[01m[Kvoid rclcpp::executors::SingleThreadedExecutor::executor_spin_one_period(uint64_t)[m[Kâ€™:
[0.888s] [01m[K/home/pengbo/rclcpp_cbg/ros2_rclcpp/rclcpp/src/rclcpp/executors/single_threaded_executor.cpp:194:26:[m[K [01;31m[Kerror: [m[Kâ€˜[01m[Kupdate_period[m[Kâ€™ was not declared in this scope; did you mean â€˜[01m[Kend_time_period[m[Kâ€™?
[0.888s]   194 |       multiply_timespec(&[01;31m[Kupdate_period[m[K, j, &theoretical_time);
[0.888s]       |                          [01;31m[K^~~~~~~~~~~~~[m[K
[0.888s]       |                          [32m[Kend_time_period[m[K
[0.890s] [01m[K/home/pengbo/rclcpp_cbg/ros2_rclcpp/rclcpp/src/rclcpp/executors/single_threaded_executor.cpp:194:45:[m[K [01;31m[Kerror: [m[Kâ€˜[01m[Ktheoretical_time[m[Kâ€™ was not declared in this scope
[0.890s]   194 |       multiply_timespec(&update_period, j, &[01;31m[Ktheoretical_time[m[K);
[0.890s]       |                                             [01;31m[K^~~~~~~~~~~~~~~~[m[K
[0.895s] [01m[K/home/pengbo/rclcpp_cbg/ros2_rclcpp/rclcpp/src/rclcpp/executors/single_threaded_executor.cpp:218:7:[m[K [01;31m[Kerror: [m[Kâ€˜[01m[Kwakeup_time[m[Kâ€™ was not declared in this scope
[0.896s]   218 |       [01;31m[Kwakeup_time[m[K=start_time_period;
[0.896s]       |       [01;31m[K^~~~~~~~~~~[m[K
[0.896s] [01m[K/home/pengbo/rclcpp_cbg/ros2_rclcpp/rclcpp/src/rclcpp/executors/single_threaded_executor.cpp:[m[K In member function â€˜[01m[Kvoid rclcpp::executors::SingleThreadedExecutor::executor_spin_period(uint64_t)[m[Kâ€™:
[0.896s] [01m[K/home/pengbo/rclcpp_cbg/ros2_rclcpp/rclcpp/src/rclcpp/executors/single_threaded_executor.cpp:244:7:[m[K [01;31m[Kerror: [m[Kâ€˜[01m[Ki[m[Kâ€™ was not declared in this scope
[0.896s]   244 |       [01;31m[Ki[m[K++;
[0.896s]       |       [01;31m[K^[m[K
[0.898s] [01m[K/home/pengbo/rclcpp_cbg/ros2_rclcpp/rclcpp/src/rclcpp/executors/single_threaded_executor.cpp:[m[K In member function â€˜[01m[Kstd::vector<long int, std::allocator<long int> > rclcpp::executors::SingleThreadedExecutor::spin(uint64_t)[m[Kâ€™:
[0.898s] [01m[K/home/pengbo/rclcpp_cbg/ros2_rclcpp/rclcpp/src/rclcpp/executors/single_threaded_executor.cpp:293:32:[m[K [01;35m[Kwarning: [m[Kunused variable â€˜[01m[Kcurrent_time[m[Kâ€™ [[01;35m[K-Wunused-variable[m[K]
[0.898s]   293 |   struct timespec wakeup_time, [01;35m[Kcurrent_time[m[K;
[0.898s]       |                                [01;35m[K^~~~~~~~~~~~[m[K
[1.040s] make[2]: *** [CMakeFiles/rclcpp.dir/build.make:389: CMakeFiles/rclcpp.dir/src/rclcpp/executors/single_threaded_executor.cpp.o] Error 1
[1.040s] make[1]: *** [CMakeFiles/Makefile2:1129: CMakeFiles/rclcpp.dir/all] Error 2
[1.040s] make: *** [Makefile:141: all] Error 2
[1.042s] Invoked command in '/home/pengbo/rclcpp_cbg/ros2_rclcpp/build/rclcpp' returned '2': /usr/bin/cmake --build /home/pengbo/rclcpp_cbg/ros2_rclcpp/build/rclcpp -- -j12 -l12
