[01m[K/home/pengbo/rclcpp_cbg/ros2_rclcpp/rclcpp/src/rclcpp/executors/single_threaded_executor.cpp:[m[K In member function â€˜[01m[Kvoid rclcpp::executors::SingleThreadedExecutor::executor_spin_period(uint64_t)[m[Kâ€™:
[01m[K/home/pengbo/rclcpp_cbg/ros2_rclcpp/rclcpp/src/rclcpp/executors/single_threaded_executor.cpp:306:36:[m[K [01;31m[Kerror: [m[Kâ€˜[01m[Kstart_time_period[m[Kâ€™ was not declared in this scope; did you mean â€˜[01m[Kstart_time_periodx[m[Kâ€™?
  306 |    clock_gettime(CLOCK_MONOTONIC, &[01;31m[Kstart_time_period[m[K);
      |                                    [01;31m[K^~~~~~~~~~~~~~~~~[m[K
      |                                    [32m[Kstart_time_periodx[m[K
make[2]: *** [CMakeFiles/rclcpp.dir/build.make:389: CMakeFiles/rclcpp.dir/src/rclcpp/executors/single_threaded_executor.cpp.o] Error 1
make[1]: *** [CMakeFiles/Makefile2:1129: CMakeFiles/rclcpp.dir/all] Error 2
make: *** [Makefile:141: all] Error 2
