[0.010s] Invoking command in '/home/pengbo/rclcpp_cbg/ros2_rclcpp/build/rclcpp': /usr/bin/cmake --build /home/pengbo/rclcpp_cbg/ros2_rclcpp/build/rclcpp -- -j12 -l12
[0.054s] [  1%] Built target gmock
[0.056s] [  2%] Built target gtest
[0.057s] [  3%] Built target gtest_main
[0.058s] [  3%] Built target rclcpp_test_msgs__cpp
[0.058s] [  5%] Built target rclcpp_test_msgs__rosidl_generator_c
[0.058s] [  6%] Built target gmock_main
[0.069s] [35m[1mScanning dependencies of target rclcpp[0m
[0.072s] [  8%] Built target rclcpp_test_msgs__rosidl_typesupport_cpp
[0.074s] [  9%] Built target test_function_traits
[0.075s] [ 12%] Built target rclcpp_test_msgs__rosidl_typesupport_introspection_c
[0.075s] [ 13%] Built target rclcpp_test_msgs__rosidl_typesupport_introspection_cpp
[0.076s] [ 14%] Built target rclcpp_test_msgs__rosidl_typesupport_c
[0.078s] [ 16%] Built target rclcpp_test_msgs__rosidl_typesupport_fastrtps_cpp
[0.098s] [ 18%] Built target rclcpp_test_msgs__rosidl_typesupport_fastrtps_c
[0.117s] [ 18%] Built target rclcpp_test_msgs
[0.133s] [ 18%] [32mBuilding CXX object CMakeFiles/rclcpp.dir/src/rclcpp/executors/single_threaded_executor.cpp.o[0m
[0.137s] [ 18%] Built target rclcpp_test_msgs__py
[0.157s] [ 20%] Built target rclcpp_test_msgs__python
[0.178s] [ 22%] Built target rclcpp__rosidl_typesupport_c__pyext
[0.178s] [ 22%] Built target rclcpp__rosidl_typesupport_introspection_c__pyext
[0.179s] [ 23%] Built target rclcpp__rosidl_typesupport_fastrtps_c__pyext
[0.889s] [01m[K/home/pengbo/rclcpp_cbg/ros2_rclcpp/rclcpp/src/rclcpp/executors/single_threaded_executor.cpp:[m[K In member function â€˜[01m[Kvoid rclcpp::executors::SingleThreadedExecutor::executor_spin_period(uint64_t)[m[Kâ€™:
[0.889s] [01m[K/home/pengbo/rclcpp_cbg/ros2_rclcpp/rclcpp/src/rclcpp/executors/single_threaded_executor.cpp:306:36:[m[K [01;31m[Kerror: [m[Kâ€˜[01m[Kstart_time_period[m[Kâ€™ was not declared in this scope; did you mean â€˜[01m[Kstart_time_periodx[m[Kâ€™?
[0.889s]   306 |    clock_gettime(CLOCK_MONOTONIC, &[01;31m[Kstart_time_period[m[K);
[0.889s]       |                                    [01;31m[K^~~~~~~~~~~~~~~~~[m[K
[0.889s]       |                                    [32m[Kstart_time_periodx[m[K
[1.039s] make[2]: *** [CMakeFiles/rclcpp.dir/build.make:389: CMakeFiles/rclcpp.dir/src/rclcpp/executors/single_threaded_executor.cpp.o] Error 1
[1.039s] make[1]: *** [CMakeFiles/Makefile2:1129: CMakeFiles/rclcpp.dir/all] Error 2
[1.040s] make: *** [Makefile:141: all] Error 2
[1.041s] Invoked command in '/home/pengbo/rclcpp_cbg/ros2_rclcpp/build/rclcpp' returned '2': /usr/bin/cmake --build /home/pengbo/rclcpp_cbg/ros2_rclcpp/build/rclcpp -- -j12 -l12
