[0.013s] Invoking command in '/home/pengbo/cbg-executor/ros2_examples/rclcpp/cbg-executor_ping-pong/build/cbg-executor_ping-pong_cpp': /usr/bin/cmake /home/pengbo/cbg-executor/ros2_examples/rclcpp/cbg-executor_ping-pong -DAMENT_CMAKE_SYMLINK_INSTALL=1 -DCMAKE_INSTALL_PREFIX=/home/pengbo/cbg-executor/ros2_examples/rclcpp/cbg-executor_ping-pong/install/cbg-executor_ping-pong_cpp
[0.250s] -- The C compiler identification is GNU 9.3.0
[0.446s] -- The CXX compiler identification is GNU 9.3.0
[0.454s] -- Check for working C compiler: /usr/bin/cc
[0.524s] -- Check for working C compiler: /usr/bin/cc -- works
[0.526s] -- Detecting C compiler ABI info
[0.589s] -- Detecting C compiler ABI info - done
[0.599s] -- Detecting C compile features
[0.599s] -- Detecting C compile features - done
[0.602s] -- Check for working CXX compiler: /usr/bin/c++
[0.673s] -- Check for working CXX compiler: /usr/bin/c++ -- works
[0.675s] -- Detecting CXX compiler ABI info
[0.739s] -- Detecting CXX compiler ABI info - done
[0.750s] -- Detecting CXX compile features
[0.751s] -- Detecting CXX compile features - done
[0.760s] CMake Error at CMakeLists.txt:13 (find_package):
[0.760s]   By not providing "Findament_cmake.cmake" in CMAKE_MODULE_PATH this project
[0.760s]   has asked CMake to find a package configuration file provided by
[0.760s]   "ament_cmake", but CMake did not find one.
[0.760s] 
[0.760s]   Could not find a package configuration file provided by "ament_cmake" with
[0.760s]   any of the following names:
[0.760s] 
[0.760s]     ament_cmakeConfig.cmake
[0.760s]     ament_cmake-config.cmake
[0.761s] 
[0.761s]   Add the installation prefix of "ament_cmake" to CMAKE_PREFIX_PATH or set
[0.761s]   "ament_cmake_DIR" to a directory containing one of the above files.  If
[0.761s]   "ament_cmake" provides a separate development package or SDK, be sure it
[0.761s]   has been installed.
[0.761s] 
[0.761s] 
[0.761s] -- Configuring incomplete, errors occurred!
[0.761s] See also "/home/pengbo/cbg-executor/ros2_examples/rclcpp/cbg-executor_ping-pong/build/cbg-executor_ping-pong_cpp/CMakeFiles/CMakeOutput.log".
[0.761s] See also "/home/pengbo/cbg-executor/ros2_examples/rclcpp/cbg-executor_ping-pong/build/cbg-executor_ping-pong_cpp/CMakeFiles/CMakeError.log".
[0.762s] Invoked command in '/home/pengbo/cbg-executor/ros2_examples/rclcpp/cbg-executor_ping-pong/build/cbg-executor_ping-pong_cpp' returned '1': /usr/bin/cmake /home/pengbo/cbg-executor/ros2_examples/rclcpp/cbg-executor_ping-pong -DAMENT_CMAKE_SYMLINK_INSTALL=1 -DCMAKE_INSTALL_PREFIX=/home/pengbo/cbg-executor/ros2_examples/rclcpp/cbg-executor_ping-pong/install/cbg-executor_ping-pong_cpp
[0.777s] Traceback (most recent call last):
  File "/usr/lib/python3/dist-packages/colcon_core/executor/__init__.py", line 91, in __call__
    rc = await self.task(*args, **kwargs)
  File "/usr/lib/python3/dist-packages/colcon_core/task/__init__.py", line 93, in __call__
    return await task_method(*args, **kwargs)
  File "/usr/lib/python3/dist-packages/colcon_ros/task/ament_cmake/build.py", line 66, in build
    if await has_target(args.build_base, 'install'):
  File "/usr/lib/python3/dist-packages/colcon_cmake/task/cmake/__init__.py", line 57, in has_target
    return target in await get_makefile_targets(path)
  File "/usr/lib/python3/dist-packages/colcon_cmake/task/cmake/__init__.py", line 77, in get_makefile_targets
    output = await check_output([
  File "/usr/lib/python3/dist-packages/colcon_core/subprocess.py", line 109, in check_output
    assert not rc, \
AssertionError: Expected ['/usr/bin/cmake', '--build', '/home/pengbo/cbg-executor/ros2_examples/rclcpp/cbg-executor_ping-pong/build/cbg-executor_ping-pong_cpp', '--target', 'help'] to pass: make: *** No rule to make target 'help'.  Stop.

