[0.011s] Invoking command in '/home/pengbo/rclcpp_cbg/ros2_rclcpp/build/rclcpp': /usr/bin/cmake --build /home/pengbo/rclcpp_cbg/ros2_rclcpp/build/rclcpp -- -j12 -l12
[0.062s] [  2%] Built target gmock_main
[0.062s] [  2%] Built target gtest_main
[0.062s] [  2%] Built target rclcpp_test_msgs__cpp
[0.063s] [  3%] Built target gmock
[0.064s] [  4%] Built target gtest
[0.066s] [  6%] Built target rclcpp_test_msgs__rosidl_generator_c
[0.077s] [  8%] Built target rclcpp_test_msgs__rosidl_typesupport_cpp
[0.078s] [35m[1mScanning dependencies of target rclcpp[0m
[0.079s] [ 11%] Built target test_function_traits
[0.079s] [ 11%] Built target rclcpp_test_msgs__rosidl_typesupport_introspection_cpp
[0.082s] [ 13%] Built target rclcpp_test_msgs__rosidl_typesupport_introspection_c
[0.082s] [ 14%] Built target rclcpp_test_msgs__rosidl_typesupport_c
[0.083s] [ 16%] Built target rclcpp_test_msgs__rosidl_typesupport_fastrtps_cpp
[0.103s] [ 18%] Built target rclcpp_test_msgs__rosidl_typesupport_fastrtps_c
[0.120s] [ 18%] Built target rclcpp_test_msgs
[0.139s] [ 18%] Built target rclcpp_test_msgs__py
[0.157s] [ 18%] [32mBuilding CXX object CMakeFiles/rclcpp.dir/src/rclcpp/executors/single_threaded_executor.cpp.o[0m
[0.160s] [ 20%] Built target rclcpp_test_msgs__python
[0.179s] [ 21%] Built target rclcpp__rosidl_typesupport_c__pyext
[0.180s] [ 22%] Built target rclcpp__rosidl_typesupport_fastrtps_c__pyext
[0.181s] [ 23%] Built target rclcpp__rosidl_typesupport_introspection_c__pyext
[0.902s] [01m[K/home/pengbo/rclcpp_cbg/ros2_rclcpp/rclcpp/src/rclcpp/executors/single_threaded_executor.cpp:148:70:[m[K [01;35m[Kwarning: [m[Kuse of â€˜[01m[Kauto[m[Kâ€™ in parameter declaration only available with â€˜[01m[K-fconcepts[m[Kâ€™
[0.902s]   148 | bool max_duration_not_elapsed (std::chrono::nanoseconds max_duration,[01;35m[Kauto[m[K start) {
[0.902s]       |                                                                      [01;35m[K^~~~[m[K
[0.910s] [01m[K/home/pengbo/rclcpp_cbg/ros2_rclcpp/rclcpp/src/rclcpp/executors/single_threaded_executor.cpp:[m[K In member function â€˜[01m[Kvoid rclcpp::executors::SingleThreadedExecutor::executor_spin_period(uint64_t)[m[Kâ€™:
[0.910s] [01m[K/home/pengbo/rclcpp_cbg/ros2_rclcpp/rclcpp/src/rclcpp/executors/single_threaded_executor.cpp:254:4:[m[K [01;31m[Kerror: [m[Kâ€˜[01m[Kcurrent_time[m[Kâ€™ was not declared in this scope
[0.910s]   254 |    [01;31m[Kcurrent_time[m[K=start_time;
[0.910s]       |    [01;31m[K^~~~~~~~~~~~[m[K
[0.912s] [01m[K/home/pengbo/rclcpp_cbg/ros2_rclcpp/rclcpp/src/rclcpp/executors/single_threaded_executor.cpp:[m[K In member function â€˜[01m[Kstd::vector<long int, std::allocator<long int> > rclcpp::executors::SingleThreadedExecutor::spin(uint64_t)[m[Kâ€™:
[0.912s] [01m[K/home/pengbo/rclcpp_cbg/ros2_rclcpp/rclcpp/src/rclcpp/executors/single_threaded_executor.cpp:302:32:[m[K [01;35m[Kwarning: [m[Kunused variable â€˜[01m[Kcurrent_time[m[Kâ€™ [[01;35m[K-Wunused-variable[m[K]
[0.912s]   302 |   struct timespec wakeup_time, [01;35m[Kcurrent_time[m[K;
[0.912s]       |                                [01;35m[K^~~~~~~~~~~~[m[K
[1.057s] make[2]: *** [CMakeFiles/rclcpp.dir/build.make:389: CMakeFiles/rclcpp.dir/src/rclcpp/executors/single_threaded_executor.cpp.o] Error 1
[1.057s] make[1]: *** [CMakeFiles/Makefile2:1129: CMakeFiles/rclcpp.dir/all] Error 2
[1.057s] make: *** [Makefile:141: all] Error 2
[1.059s] Invoked command in '/home/pengbo/rclcpp_cbg/ros2_rclcpp/build/rclcpp' returned '2': /usr/bin/cmake --build /home/pengbo/rclcpp_cbg/ros2_rclcpp/build/rclcpp -- -j12 -l12
