[  1%] Built target gtest_main
[  2%] Built target gtest
[  3%] Built target gmock
[  4%] Built target gmock_main
[  4%] Built target rclcpp_test_msgs__cpp
[  6%] Built target rclcpp_test_msgs__rosidl_generator_c
[  7%] Built target test_function_traits
[  9%] Built target rclcpp_test_msgs__rosidl_typesupport_cpp
[ 11%] Built target rclcpp_test_msgs__rosidl_typesupport_introspection_cpp
[ 13%] Built target rclcpp_test_msgs__rosidl_typesupport_introspection_c
[ 15%] Built target rclcpp_test_msgs__rosidl_typesupport_fastrtps_cpp
[ 16%] Built target rclcpp_test_msgs__rosidl_typesupport_c
[35m[1mScanning dependencies of target rclcpp[0m
[ 18%] Built target rclcpp_test_msgs__rosidl_typesupport_fastrtps_c
[ 18%] Built target rclcpp_test_msgs
[ 18%] Built target rclcpp_test_msgs__py
[ 20%] Built target rclcpp_test_msgs__python
[ 20%] [32mBuilding CXX object CMakeFiles/rclcpp.dir/src/rclcpp/executors/single_threaded_executor.cpp.o[0m
[ 21%] Built target rclcpp__rosidl_typesupport_fastrtps_c__pyext
[ 22%] Built target rclcpp__rosidl_typesupport_c__pyext
[ 23%] Built target rclcpp__rosidl_typesupport_introspection_c__pyext
[01m[K/home/pengbo/rclcpp_cbg/ros2_rclcpp/rclcpp/src/rclcpp/executors/single_threaded_executor.cpp:[m[K In member function â€˜[01m[Kvoid rclcpp::executors::SingleThreadedExecutor::executor_spin_one_period(uint64_t, std::string)[m[Kâ€™:
[01m[K/home/pengbo/rclcpp_cbg/ros2_rclcpp/rclcpp/src/rclcpp/executors/single_threaded_executor.cpp:257:62:[m[K [01;31m[Kerror: [m[Kno match for call to â€˜[01m[K(timespec) (timespec*, timespec*)[m[Kâ€™
  257 |   sleep_time1=sleep_time(&end_spin_some,&theoretical_end_time[01;31m[K)[m[K;
      |                                                              [01;31m[K^[m[K
[01m[K/home/pengbo/rclcpp_cbg/ros2_rclcpp/rclcpp/src/rclcpp/executors/single_threaded_executor.cpp:271:18:[m[K [01;31m[Kerror: [m[Kcannot convert â€˜[01m[Ktimespec[m[Kâ€™ to â€˜[01m[Kconst timespec*[m[Kâ€™
  271 |        nanosleep([01;31m[Ksleep_time[m[K);
      |                  [01;31m[K^~~~~~~~~~[m[K
      |                  [01;31m[K|[m[K
      |                  [01;31m[Ktimespec[m[K
In file included from [01m[K/usr/include/pthread.h:23[m[K,
                 from [01m[K/usr/include/x86_64-linux-gnu/c++/9/bits/gthr-default.h:35[m[K,
                 from [01m[K/usr/include/x86_64-linux-gnu/c++/9/bits/gthr.h:148[m[K,
                 from [01m[K/usr/include/c++/9/ext/atomicity.h:35[m[K,
                 from [01m[K/usr/include/c++/9/memory:73[m[K,
                 from [01m[K/home/pengbo/rclcpp_cbg/ros2_rclcpp/rclcpp/include/rclcpp/executors/single_threaded_executor.hpp:22[m[K,
                 from [01m[K/home/pengbo/rclcpp_cbg/ros2_rclcpp/rclcpp/src/rclcpp/executors/single_threaded_executor.cpp:15[m[K:
[01m[K/usr/include/time.h:205:46:[m[K [01;36m[Knote: [m[K  initializing argument 1 of â€˜[01m[Kint nanosleep(const timespec*, timespec*)[m[Kâ€™
  205 | extern int nanosleep ([01;36m[Kconst struct timespec *__requested_time[m[K,
      |                       [01;36m[K~~~~~~~~~~~~~~~~~~~~~~~^~~~~~~~~~~~~~~~[m[K
make[2]: *** [CMakeFiles/rclcpp.dir/build.make:389: CMakeFiles/rclcpp.dir/src/rclcpp/executors/single_threaded_executor.cpp.o] Error 1
make[1]: *** [CMakeFiles/Makefile2:1129: CMakeFiles/rclcpp.dir/all] Error 2
make: *** [Makefile:141: all] Error 2
