-- The C compiler identification is GNU 9.3.0
-- The CXX compiler identification is GNU 9.3.0
-- Check for working C compiler: /usr/bin/cc
-- Check for working C compiler: /usr/bin/cc -- works
-- Detecting C compiler ABI info
-- Detecting C compiler ABI info - done
-- Detecting C compile features
-- Detecting C compile features - done
-- Check for working CXX compiler: /usr/bin/c++
-- Check for working CXX compiler: /usr/bin/c++ -- works
-- Detecting CXX compiler ABI info
-- Detecting CXX compiler ABI info - done
-- Detecting CXX compile features
-- Detecting CXX compile features - done
-- Found ament_cmake_ros: 0.9.0 (/home/pengbo/ros2_foxy/install/ament_cmake_ros/share/ament_cmake_ros/cmake)
-- Found PythonInterp: /usr/bin/python3 (found suitable version "3.8.5", minimum required is "3") 
-- Using PYTHON_EXECUTABLE: /usr/bin/python3
-- Found builtin_interfaces: 1.0.0 (/home/pengbo/ros2_foxy/install/builtin_interfaces/share/builtin_interfaces/cmake)
-- Using all available rosidl_typesupport_c: rosidl_typesupport_introspection_c;rosidl_typesupport_fastrtps_c
-- Found rosidl_adapter: 1.1.0 (/home/pengbo/ros2_foxy/install/rosidl_adapter/share/rosidl_adapter/cmake)
-- Found FastRTPS: /home/pengbo/ros2_foxy/install/fastrtps/include  
-- Using all available rosidl_typesupport_cpp: rosidl_typesupport_introspection_cpp;rosidl_typesupport_fastrtps_cpp
-- Found libstatistics_collector: 1.0.1 (/home/pengbo/ros2_foxy/install/libstatistics_collector/share/libstatistics_collector/cmake)
-- Found rmw_implementation_cmake: 1.0.2 (/home/pengbo/ros2_foxy/install/rmw_implementation_cmake/share/rmw_implementation_cmake/cmake)
-- Using RMW implementation 'rmw_fastrtps_cpp' as default
-- Looking for pthread.h
-- Looking for pthread.h - found
-- Performing Test CMAKE_HAVE_LIBC_PTHREAD
-- Performing Test CMAKE_HAVE_LIBC_PTHREAD - Failed
-- Looking for pthread_create in pthreads
-- Looking for pthread_create in pthreads - not found
-- Looking for pthread_create in pthread
-- Looking for pthread_create in pthread - found
-- Found Threads: TRUE  
-- Found rosgraph_msgs: 1.0.0 (/home/pengbo/ros2_foxy/install/rosgraph_msgs/share/rosgraph_msgs/cmake)
-- Found ament_lint_auto: 0.9.5 (/home/pengbo/ros2_foxy/install/ament_lint_auto/share/ament_lint_auto/cmake)
-- Found PythonInterp: /usr/bin/python3 (found version "3.8.5") 
-- Using all available rosidl_typesupport_c: rosidl_typesupport_introspection_c;rosidl_typesupport_fastrtps_c
-- Using all available rosidl_typesupport_cpp: rosidl_typesupport_introspection_cpp;rosidl_typesupport_fastrtps_cpp
-- Found PythonInterp: /usr/bin/python3 (found suitable version "3.8.5", minimum required is "3.5") 
-- Found python_cmake_module: 0.8.0 (/home/pengbo/ros2_foxy/install/python_cmake_module/share/python_cmake_module/cmake)
-- Found PythonLibs: /usr/lib/x86_64-linux-gnu/libpython3.8.so (found suitable version "3.8.5", minimum required is "3.5") 
-- Using PYTHON_EXECUTABLE: /usr/bin/python3
-- Using PYTHON_INCLUDE_DIRS: /usr/include/python3.8
-- Using PYTHON_LIBRARIES: /usr/lib/x86_64-linux-gnu/libpython3.8.so
-- Found PythonExtra: .so  
-- Found gtest sources under '/home/pengbo/ros2_foxy/install/gtest_vendor/src/gtest_vendor': C++ tests using 'Google Test' will be built
-- Check if compiler accepts -pthread
-- Check if compiler accepts -pthread - yes
-- Found gmock sources under '/home/pengbo/ros2_foxy/install/gmock_vendor/src/gmock_vendor': C++ tests using 'Google Mock' will be built
-- Added test 'copyright' to check source files copyright and LICENSE
-- Added test 'cppcheck' to perform static code analysis on C / C++ code
-- Configured cppcheck include dirs: $<BUILD_INTERFACE:/home/pengbo/rclcpp_cbg/ros2_rclcpp/rclcpp/include>;/home/pengbo/rclcpp_cbg/ros2_rclcpp/rclcpp/test/;/home/pengbo/rclcpp_cbg/ros2_rclcpp/rclcpp/include
-- Configured cppcheck exclude dirs and/or files: 
-- Added test 'cpplint' to check C / C++ code against the Google style
-- Configured cpplint exclude dirs and/or files: 
-- Added test 'flake8' to check Python code syntax and style conventions
-- Added test 'lint_cmake' to check CMake code style
-- Added test 'pep257' to check Python code against some of the style conventions in PEP 257
-- Added test 'uncrustify' to check C / C++ code style
-- Configured uncrustify additional arguments: 
-- Added test 'xmllint' to check XML markup files
-- Configuring done
-- Generating done
-- Build files have been written to: /home/pengbo/rclcpp_cbg/ros2_rclcpp/build/rclcpp
[35m[1mScanning dependencies of target rclcpp_test_msgs__cpp[0m
[35m[1mScanning dependencies of target rclcpp_test_msgs__rosidl_generator_c[0m
[  1%] Built target gtest
[35m[1mScanning dependencies of target rclcpp[0m
[  3%] Built target rclcpp_test_msgs__cpp
[  3%] Built target gmock_main
[  3%] Built target gmock
[  4%] Built target gtest_main
[  6%] Built target rclcpp_test_msgs__rosidl_generator_c
[35m[1mScanning dependencies of target rclcpp_test_msgs__rosidl_typesupport_introspection_cpp[0m
[35m[1mScanning dependencies of target rclcpp_test_msgs__rosidl_typesupport_cpp[0m
[35m[1mScanning dependencies of target rclcpp_test_msgs__rosidl_typesupport_introspection_c[0m
[35m[1mScanning dependencies of target rclcpp_test_msgs__rosidl_typesupport_c[0m
[35m[1mScanning dependencies of target rclcpp_test_msgs__rosidl_typesupport_fastrtps_cpp[0m
[35m[1mScanning dependencies of target test_function_traits[0m
[  8%] Built target rclcpp_test_msgs__rosidl_typesupport_introspection_cpp
[ 10%] Built target rclcpp_test_msgs__rosidl_typesupport_introspection_c
[ 12%] Built target rclcpp_test_msgs__rosidl_typesupport_fastrtps_cpp
[ 14%] Built target rclcpp_test_msgs__rosidl_typesupport_cpp
[ 15%] Built target rclcpp_test_msgs__rosidl_typesupport_c
[ 16%] Built target test_function_traits
[35m[1mScanning dependencies of target rclcpp_test_msgs__rosidl_typesupport_fastrtps_c[0m
[ 18%] Built target rclcpp_test_msgs__rosidl_typesupport_fastrtps_c
[35m[1mScanning dependencies of target rclcpp_test_msgs[0m
[ 18%] Built target rclcpp_test_msgs
[ 18%] [32mBuilding CXX object CMakeFiles/rclcpp.dir/src/rclcpp/node_interfaces/node_base.cpp.o[0m
[ 19%] [32mBuilding CXX object CMakeFiles/rclcpp.dir/src/rclcpp/node_interfaces/node_clock.cpp.o[0m
[ 20%] [32mBuilding CXX object CMakeFiles/rclcpp.dir/src/rclcpp/node_options.cpp.o[0m
[ 20%] [32mBuilding CXX object CMakeFiles/rclcpp.dir/src/rclcpp/executors.cpp.o[0m
[ 20%] [32mBuilding CXX object CMakeFiles/rclcpp.dir/src/rclcpp/node.cpp.o[0m
[ 20%] [32mBuilding CXX object CMakeFiles/rclcpp.dir/src/rclcpp/executors/single_threaded_executor.cpp.o[0m
[ 21%] [32mBuilding CXX object CMakeFiles/rclcpp.dir/src/rclcpp/node_interfaces/node_logging.cpp.o[0m
[ 21%] [32mBuilding CXX object CMakeFiles/rclcpp.dir/src/rclcpp/node_interfaces/node_parameters.cpp.o[0m
[ 22%] [32mBuilding CXX object CMakeFiles/rclcpp.dir/src/rclcpp/node_interfaces/node_services.cpp.o[0m
[ 22%] [32mBuilding CXX object CMakeFiles/rclcpp.dir/src/rclcpp/node_interfaces/node_time_source.cpp.o[0m
[ 22%] Built target rclcpp_test_msgs__py
[ 22%] [32mBuilding CXX object CMakeFiles/rclcpp.dir/src/rclcpp/node_interfaces/node_graph.cpp.o[0m
[35m[1mScanning dependencies of target rclcpp_test_msgs__python[0m
[ 24%] Built target rclcpp_test_msgs__python
[ 24%] [32mBuilding CXX object CMakeFiles/rclcpp.dir/src/rclcpp/node_interfaces/node_timers.cpp.o[0m
[ 25%] [32mBuilding CXX object CMakeFiles/rclcpp.dir/src/rclcpp/node_interfaces/node_topics.cpp.o[0m
[ 25%] [32mBuilding CXX object CMakeFiles/rclcpp.dir/src/rclcpp/node_interfaces/node_waitables.cpp.o[0m
In file included from [01m[K/home/pengbo/rclcpp_cbg/ros2_rclcpp/rclcpp/src/rclcpp/executors/single_threaded_executor.cpp:15[m[K:
[01m[K/home/pengbo/rclcpp_cbg/ros2_rclcpp/rclcpp/include/rclcpp/executors/single_threaded_executor.hpp:78:3:[m[K [01;31m[Kerror: [m[Kâ€˜[01m[Kvoid rclcpp::executors::SingleThreadedExecutor::spin()[m[Kâ€™ cannot be overloaded with â€˜[01m[Kvoid rclcpp::executors::SingleThreadedExecutor::spin()[m[Kâ€™
   78 |   [01;31m[Kspin[m[K() override;
      |   [01;31m[K^~~~[m[K
[01m[K/home/pengbo/rclcpp_cbg/ros2_rclcpp/rclcpp/include/rclcpp/executors/single_threaded_executor.hpp:66:3:[m[K [01;36m[Knote: [m[Kprevious declaration â€˜[01m[Kvoid rclcpp::executors::SingleThreadedExecutor::spin()[m[Kâ€™
   66 |   [01;36m[Kspin[m[K() override;
      |   [01;36m[K^~~~[m[K
[ 26%] [32mBuilding CXX object CMakeFiles/rclcpp.dir/src/rclcpp/parameter.cpp.o[0m
In file included from [01m[K/home/pengbo/rclcpp_cbg/ros2_rclcpp/rclcpp/include/rclcpp/executors.hpp:22[m[K,
                 from [01m[K/home/pengbo/rclcpp_cbg/ros2_rclcpp/rclcpp/include/rclcpp/parameter_service.hpp:27[m[K,
                 from [01m[K/home/pengbo/rclcpp_cbg/ros2_rclcpp/rclcpp/include/rclcpp/node_interfaces/node_parameters.hpp:36[m[K,
                 from [01m[K/home/pengbo/rclcpp_cbg/ros2_rclcpp/rclcpp/src/rclcpp/node_interfaces/node_parameters.cpp:15[m[K:
[01m[K/home/pengbo/rclcpp_cbg/ros2_rclcpp/rclcpp/include/rclcpp/executors/single_threaded_executor.hpp:78:3:[m[K [01;31m[Kerror: [m[Kâ€˜[01m[Kvoid rclcpp::executors::SingleThreadedExecutor::spin()[m[Kâ€™ cannot be overloaded with â€˜[01m[Kvoid rclcpp::executors::SingleThreadedExecutor::spin()[m[Kâ€™
   78 |   [01;31m[Kspin[m[K() override;
      |   [01;31m[K^~~~[m[K
[01m[K/home/pengbo/rclcpp_cbg/ros2_rclcpp/rclcpp/include/rclcpp/executors/single_threaded_executor.hpp:66:3:[m[K [01;36m[Knote: [m[Kprevious declaration â€˜[01m[Kvoid rclcpp::executors::SingleThreadedExecutor::spin()[m[Kâ€™
   66 |   [01;36m[Kspin[m[K() override;
      |   [01;36m[K^~~~[m[K
[ 26%] [32mBuilding CXX object CMakeFiles/rclcpp.dir/src/rclcpp/parameter_value.cpp.o[0m
In file included from [01m[K/home/pengbo/rclcpp_cbg/ros2_rclcpp/rclcpp/include/rclcpp/executors.hpp:22[m[K,
                 from [01m[K/home/pengbo/rclcpp_cbg/ros2_rclcpp/rclcpp/include/rclcpp/parameter_service.hpp:27[m[K,
                 from [01m[K/home/pengbo/rclcpp_cbg/ros2_rclcpp/rclcpp/include/rclcpp/node_interfaces/node_parameters.hpp:36[m[K,
                 from [01m[K/home/pengbo/rclcpp_cbg/ros2_rclcpp/rclcpp/src/rclcpp/node.cpp:30[m[K:
[01m[K/home/pengbo/rclcpp_cbg/ros2_rclcpp/rclcpp/include/rclcpp/executors/single_threaded_executor.hpp:78:3:[m[K [01;31m[Kerror: [m[Kâ€˜[01m[Kvoid rclcpp::executors::SingleThreadedExecutor::spin()[m[Kâ€™ cannot be overloaded with â€˜[01m[Kvoid rclcpp::executors::SingleThreadedExecutor::spin()[m[Kâ€™
   78 |   [01;31m[Kspin[m[K() override;
      |   [01;31m[K^~~~[m[K
[01m[K/home/pengbo/rclcpp_cbg/ros2_rclcpp/rclcpp/include/rclcpp/executors/single_threaded_executor.hpp:66:3:[m[K [01;36m[Knote: [m[Kprevious declaration â€˜[01m[Kvoid rclcpp::executors::SingleThreadedExecutor::spin()[m[Kâ€™
   66 |   [01;36m[Kspin[m[K() override;
      |   [01;36m[K^~~~[m[K
[ 27%] [32mBuilding CXX object CMakeFiles/rclcpp.dir/src/rclcpp/parameter_client.cpp.o[0m
make[2]: *** [CMakeFiles/rclcpp.dir/build.make:389: CMakeFiles/rclcpp.dir/src/rclcpp/executors/single_threaded_executor.cpp.o] Error 1
make[2]: *** Waiting for unfinished jobs....
In file included from [01m[K/home/pengbo/rclcpp_cbg/ros2_rclcpp/rclcpp/include/rclcpp/executors.hpp:22[m[K,
                 from [01m[K/home/pengbo/rclcpp_cbg/ros2_rclcpp/rclcpp/src/rclcpp/executors.cpp:15[m[K:
[01m[K/home/pengbo/rclcpp_cbg/ros2_rclcpp/rclcpp/include/rclcpp/executors/single_threaded_executor.hpp:78:3:[m[K [01;31m[Kerror: [m[Kâ€˜[01m[Kvoid rclcpp::executors::SingleThreadedExecutor::spin()[m[Kâ€™ cannot be overloaded with â€˜[01m[Kvoid rclcpp::executors::SingleThreadedExecutor::spin()[m[Kâ€™
   78 |   [01;31m[Kspin[m[K() override;
      |   [01;31m[K^~~~[m[K
[01m[K/home/pengbo/rclcpp_cbg/ros2_rclcpp/rclcpp/include/rclcpp/executors/single_threaded_executor.hpp:66:3:[m[K [01;36m[Knote: [m[Kprevious declaration â€˜[01m[Kvoid rclcpp::executors::SingleThreadedExecutor::spin()[m[Kâ€™
   66 |   [01;36m[Kspin[m[K() override;
      |   [01;36m[K^~~~[m[K
[35m[1mScanning dependencies of target rclcpp__rosidl_typesupport_c__pyext[0m
[35m[1mScanning dependencies of target rclcpp__rosidl_typesupport_fastrtps_c__pyext[0m
[ 27%] [32mBuilding C object CMakeFiles/rclcpp__rosidl_typesupport_c__pyext.dir/rosidl_generator_py/rclcpp/_rclcpp_s.ep.rosidl_typesupport_c.c.o[0m
[ 27%] [32mBuilding C object CMakeFiles/rclcpp__rosidl_typesupport_fastrtps_c__pyext.dir/rosidl_generator_py/rclcpp/_rclcpp_s.ep.rosidl_typesupport_fastrtps_c.c.o[0m
make[2]: *** [CMakeFiles/rclcpp.dir/build.make:350: CMakeFiles/rclcpp.dir/src/rclcpp/executors.cpp.o] Error 1
[35m[1mScanning dependencies of target rclcpp__rosidl_typesupport_introspection_c__pyext[0m
[ 27%] [32mBuilding C object CMakeFiles/rclcpp__rosidl_typesupport_introspection_c__pyext.dir/rosidl_generator_py/rclcpp/_rclcpp_s.ep.rosidl_typesupport_introspection_c.c.o[0m
make[2]: *** [CMakeFiles/rclcpp.dir/build.make:532: CMakeFiles/rclcpp.dir/src/rclcpp/node.cpp.o] Error 1
[ 28%] [32m[1mLinking C shared library rosidl_generator_py/rclcpp/rclcpp_s__rosidl_typesupport_c.cpython-38-x86_64-linux-gnu.so[0m
[ 29%] [32m[1mLinking CXX shared library rosidl_generator_py/rclcpp/rclcpp_s__rosidl_typesupport_fastrtps_c.cpython-38-x86_64-linux-gnu.so[0m
[ 29%] Built target rclcpp__rosidl_typesupport_c__pyext
[ 30%] [32m[1mLinking C shared library rosidl_generator_py/rclcpp/rclcpp_s__rosidl_typesupport_introspection_c.cpython-38-x86_64-linux-gnu.so[0m
[ 30%] Built target rclcpp__rosidl_typesupport_fastrtps_c__pyext
[ 30%] Built target rclcpp__rosidl_typesupport_introspection_c__pyext
make[2]: *** [CMakeFiles/rclcpp.dir/build.make:610: CMakeFiles/rclcpp.dir/src/rclcpp/node_interfaces/node_parameters.cpp.o] Error 1
In file included from [01m[K/home/pengbo/rclcpp_cbg/ros2_rclcpp/rclcpp/include/rclcpp/executors.hpp:22[m[K,
                 from [01m[K/home/pengbo/rclcpp_cbg/ros2_rclcpp/rclcpp/include/rclcpp/parameter_service.hpp:27[m[K,
                 from [01m[K/home/pengbo/rclcpp_cbg/ros2_rclcpp/rclcpp/include/rclcpp/node_interfaces/node_parameters.hpp:36[m[K,
                 from [01m[K/home/pengbo/rclcpp_cbg/ros2_rclcpp/rclcpp/src/rclcpp/parameter.cpp:22[m[K:
[01m[K/home/pengbo/rclcpp_cbg/ros2_rclcpp/rclcpp/include/rclcpp/executors/single_threaded_executor.hpp:78:3:[m[K [01;31m[Kerror: [m[Kâ€˜[01m[Kvoid rclcpp::executors::SingleThreadedExecutor::spin()[m[Kâ€™ cannot be overloaded with â€˜[01m[Kvoid rclcpp::executors::SingleThreadedExecutor::spin()[m[Kâ€™
   78 |   [01;31m[Kspin[m[K() override;
      |   [01;31m[K^~~~[m[K
[01m[K/home/pengbo/rclcpp_cbg/ros2_rclcpp/rclcpp/include/rclcpp/executors/single_threaded_executor.hpp:66:3:[m[K [01;36m[Knote: [m[Kprevious declaration â€˜[01m[Kvoid rclcpp::executors::SingleThreadedExecutor::spin()[m[Kâ€™
   66 |   [01;36m[Kspin[m[K() override;
      |   [01;36m[K^~~~[m[K
In file included from [01m[K/home/pengbo/rclcpp_cbg/ros2_rclcpp/rclcpp/include/rclcpp/executors.hpp:22[m[K,
                 from [01m[K/home/pengbo/rclcpp_cbg/ros2_rclcpp/rclcpp/include/rclcpp/parameter_client.hpp:32[m[K,
                 from [01m[K/home/pengbo/rclcpp_cbg/ros2_rclcpp/rclcpp/src/rclcpp/parameter_client.cpp:15[m[K:
[01m[K/home/pengbo/rclcpp_cbg/ros2_rclcpp/rclcpp/include/rclcpp/executors/single_threaded_executor.hpp:78:3:[m[K [01;31m[Kerror: [m[Kâ€˜[01m[Kvoid rclcpp::executors::SingleThreadedExecutor::spin()[m[Kâ€™ cannot be overloaded with â€˜[01m[Kvoid rclcpp::executors::SingleThreadedExecutor::spin()[m[Kâ€™
   78 |   [01;31m[Kspin[m[K() override;
      |   [01;31m[K^~~~[m[K
[01m[K/home/pengbo/rclcpp_cbg/ros2_rclcpp/rclcpp/include/rclcpp/executors/single_threaded_executor.hpp:66:3:[m[K [01;36m[Knote: [m[Kprevious declaration â€˜[01m[Kvoid rclcpp::executors::SingleThreadedExecutor::spin()[m[Kâ€™
   66 |   [01;36m[Kspin[m[K() override;
      |   [01;36m[K^~~~[m[K
make[2]: *** [CMakeFiles/rclcpp.dir/build.make:688: CMakeFiles/rclcpp.dir/src/rclcpp/parameter.cpp.o] Error 1
make[2]: *** [CMakeFiles/rclcpp.dir/build.make:714: CMakeFiles/rclcpp.dir/src/rclcpp/parameter_client.cpp.o] Error 1
make[1]: *** [CMakeFiles/Makefile2:1129: CMakeFiles/rclcpp.dir/all] Error 2
make: *** [Makefile:141: all] Error 2
