[  1%] Built target gtest
[  1%] Built target rclcpp_test_msgs__cpp
[  2%] Built target gmock_main
[  3%] Built target gmock
[  6%] Built target rclcpp_test_msgs__rosidl_generator_c
[  6%] Built target gtest_main
[  7%] Built target test_function_traits
[  9%] Built target rclcpp_test_msgs__rosidl_typesupport_introspection_cpp
[ 11%] Built target rclcpp_test_msgs__rosidl_typesupport_fastrtps_cpp
[ 13%] Built target rclcpp_test_msgs__rosidl_typesupport_cpp
[ 14%] Built target rclcpp_test_msgs__rosidl_typesupport_c
[35m[1mScanning dependencies of target rclcpp[0m
[ 16%] Built target rclcpp_test_msgs__rosidl_typesupport_introspection_c
[ 18%] Built target rclcpp_test_msgs__rosidl_typesupport_fastrtps_c
[ 18%] Built target rclcpp_test_msgs
[ 18%] Built target rclcpp_test_msgs__py
[ 18%] [32mBuilding CXX object CMakeFiles/rclcpp.dir/src/rclcpp/executors/single_threaded_executor.cpp.o[0m
[ 20%] Built target rclcpp_test_msgs__python
[ 21%] Built target rclcpp__rosidl_typesupport_c__pyext
[ 22%] Built target rclcpp__rosidl_typesupport_fastrtps_c__pyext
[ 23%] Built target rclcpp__rosidl_typesupport_introspection_c__pyext
[01m[K/home/pengbo/rclcpp_cbg/ros2_rclcpp/rclcpp/src/rclcpp/executors/single_threaded_executor.cpp:[m[K In member function â€˜[01m[Kvoid rclcpp::executors::SingleThreadedExecutor::executor_spin_one_period(uint64_t)[m[Kâ€™:
[01m[K/home/pengbo/rclcpp_cbg/ros2_rclcpp/rclcpp/src/rclcpp/executors/single_threaded_executor.cpp:183:33:[m[K [01;35m[Kwarning: [m[Kunused variable â€˜[01m[Kcurrent_time[m[Kâ€™ [[01;35m[K-Wunused-variable[m[K]
  183 |    struct timespec wakeup_time, [01;35m[Kcurrent_time[m[K;
      |                                 [01;35m[K^~~~~~~~~~~~[m[K
[01m[K/home/pengbo/rclcpp_cbg/ros2_rclcpp/rclcpp/src/rclcpp/executors/single_threaded_executor.cpp:[m[K In member function â€˜[01m[Kstd::vector<long int, std::allocator<long int> > rclcpp::executors::SingleThreadedExecutor::spin(uint64_t)[m[Kâ€™:
[01m[K/home/pengbo/rclcpp_cbg/ros2_rclcpp/rclcpp/src/rclcpp/executors/single_threaded_executor.cpp:287:25:[m[K [01;31m[Kerror: [m[Kinvalid conversion from â€˜[01m[Kuint64_t[m[Kâ€™ {aka â€˜[01m[Klong unsigned int[m[Kâ€™} to â€˜[01m[Kconst timespec*[m[Kâ€™ [[01;31m[K-fpermissive[m[K]
  287 |       multiply_timespec([01;31m[Kperiod[m[K, i, &theoretical_time);
      |                         [01;31m[K^~~~~~[m[K
      |                         [01;31m[K|[m[K
      |                         [01;31m[Kuint64_t {aka long unsigned int}[m[K
[01m[K/home/pengbo/rclcpp_cbg/ros2_rclcpp/rclcpp/src/rclcpp/executors/single_threaded_executor.cpp:64:27:[m[K [01;36m[Knote: [m[K  initializing argument 1 of â€˜[01m[Kvoid multiply_timespec(const timespec*, uint32_t, timespec*)[m[Kâ€™
   64 |   [01;36m[Kconst struct timespec * t[m[K, const uint32_t i,
      |   [01;36m[K~~~~~~~~~~~~~~~~~~~~~~~~^[m[K
[01m[K/home/pengbo/rclcpp_cbg/ros2_rclcpp/rclcpp/src/rclcpp/executors/single_threaded_executor.cpp:288:21:[m[K [01;31m[Kerror: [m[Kcannot convert â€˜[01m[Ktimespec[m[Kâ€™ to â€˜[01m[Kconst timespec*[m[Kâ€™
  288 |       add_timespecs([01;31m[Kstart_time[m[K, &theoretical_time, &theoretical_time);
      |                     [01;31m[K^~~~~~~~~~[m[K
      |                     [01;31m[K|[m[K
      |                     [01;31m[Ktimespec[m[K
[01m[K/home/pengbo/rclcpp_cbg/ros2_rclcpp/rclcpp/src/rclcpp/executors/single_threaded_executor.cpp:79:27:[m[K [01;36m[Knote: [m[K  initializing argument 1 of â€˜[01m[Kvoid add_timespecs(const timespec*, const timespec*, timespec*)[m[Kâ€™
   79 |   [01;36m[Kconst struct timespec * t1[m[K,
      |   [01;36m[K~~~~~~~~~~~~~~~~~~~~~~~~^~[m[K
[01m[K/home/pengbo/rclcpp_cbg/ros2_rclcpp/rclcpp/src/rclcpp/executors/single_threaded_executor.cpp:277:32:[m[K [01;35m[Kwarning: [m[Kunused variable â€˜[01m[Kcurrent_time[m[Kâ€™ [[01;35m[K-Wunused-variable[m[K]
  277 |   struct timespec wakeup_time, [01;35m[Kcurrent_time[m[K;
      |                                [01;35m[K^~~~~~~~~~~~[m[K
make[2]: *** [CMakeFiles/rclcpp.dir/build.make:389: CMakeFiles/rclcpp.dir/src/rclcpp/executors/single_threaded_executor.cpp.o] Error 1
make[1]: *** [CMakeFiles/Makefile2:1129: CMakeFiles/rclcpp.dir/all] Error 2
make: *** [Makefile:141: all] Error 2
