[0.009s] Invoking command in '/home/pengbo/rclcpp_cbg/ros2_rclcpp/build/rclcpp': /usr/bin/cmake --build /home/pengbo/rclcpp_cbg/ros2_rclcpp/build/rclcpp -- -j12 -l12
[0.056s] [  1%] Built target gtest_main
[0.060s] [  3%] Built target gmock_main
[0.060s] [  4%] Built target rclcpp_test_msgs__rosidl_generator_c
[0.060s] [  5%] Built target gtest
[0.061s] [  6%] Built target gmock
[0.061s] [  6%] Built target rclcpp_test_msgs__cpp
[0.074s] [35m[1mScanning dependencies of target rclcpp[0m
[0.076s] [  8%] Built target rclcpp_test_msgs__rosidl_typesupport_cpp
[0.076s] [  9%] Built target test_function_traits
[0.077s] [ 10%] Built target rclcpp_test_msgs__rosidl_typesupport_c
[0.078s] [ 12%] Built target rclcpp_test_msgs__rosidl_typesupport_introspection_cpp
[0.078s] [ 14%] Built target rclcpp_test_msgs__rosidl_typesupport_introspection_c
[0.080s] [ 16%] Built target rclcpp_test_msgs__rosidl_typesupport_fastrtps_cpp
[0.100s] [ 18%] Built target rclcpp_test_msgs__rosidl_typesupport_fastrtps_c
[0.120s] [ 18%] Built target rclcpp_test_msgs
[0.141s] [ 18%] Built target rclcpp_test_msgs__py
[0.156s] [ 18%] [32mBuilding CXX object CMakeFiles/rclcpp.dir/src/rclcpp/executors/single_threaded_executor.cpp.o[0m
[0.163s] [ 20%] Built target rclcpp_test_msgs__python
[0.183s] [ 21%] Built target rclcpp__rosidl_typesupport_c__pyext
[0.184s] [ 23%] Built target rclcpp__rosidl_typesupport_fastrtps_c__pyext
[0.184s] [ 23%] Built target rclcpp__rosidl_typesupport_introspection_c__pyext
[0.932s] [01m[K/home/pengbo/rclcpp_cbg/ros2_rclcpp/rclcpp/src/rclcpp/executors/single_threaded_executor.cpp:[m[K In member function â€˜[01m[Kvoid rclcpp::executors::SingleThreadedExecutor::executor_spin_one_period(uint64_t)[m[Kâ€™:
[0.932s] [01m[K/home/pengbo/rclcpp_cbg/ros2_rclcpp/rclcpp/src/rclcpp/executors/single_threaded_executor.cpp:183:33:[m[K [01;35m[Kwarning: [m[Kunused variable â€˜[01m[Kcurrent_time[m[Kâ€™ [[01;35m[K-Wunused-variable[m[K]
[0.932s]   183 |    struct timespec wakeup_time, [01;35m[Kcurrent_time[m[K;
[0.932s]       |                                 [01;35m[K^~~~~~~~~~~~[m[K
[0.933s] [01m[K/home/pengbo/rclcpp_cbg/ros2_rclcpp/rclcpp/src/rclcpp/executors/single_threaded_executor.cpp:[m[K In member function â€˜[01m[Kstd::vector<long int, std::allocator<long int> > rclcpp::executors::SingleThreadedExecutor::spin(uint64_t)[m[Kâ€™:
[0.933s] [01m[K/home/pengbo/rclcpp_cbg/ros2_rclcpp/rclcpp/src/rclcpp/executors/single_threaded_executor.cpp:287:25:[m[K [01;31m[Kerror: [m[Kinvalid conversion from â€˜[01m[Kuint64_t[m[Kâ€™ {aka â€˜[01m[Klong unsigned int[m[Kâ€™} to â€˜[01m[Kconst timespec*[m[Kâ€™ [[01;31m[K-fpermissive[m[K]
[0.933s]   287 |       multiply_timespec([01;31m[Kperiod[m[K, i, &theoretical_time);
[0.933s]       |                         [01;31m[K^~~~~~[m[K
[0.933s]       |                         [01;31m[K|[m[K
[0.933s]       |                         [01;31m[Kuint64_t {aka long unsigned int}[m[K
[0.933s] [01m[K/home/pengbo/rclcpp_cbg/ros2_rclcpp/rclcpp/src/rclcpp/executors/single_threaded_executor.cpp:64:27:[m[K [01;36m[Knote: [m[K  initializing argument 1 of â€˜[01m[Kvoid multiply_timespec(const timespec*, uint32_t, timespec*)[m[Kâ€™
[0.933s]    64 |   [01;36m[Kconst struct timespec * t[m[K, const uint32_t i,
[0.933s]       |   [01;36m[K~~~~~~~~~~~~~~~~~~~~~~~~^[m[K
[0.934s] [01m[K/home/pengbo/rclcpp_cbg/ros2_rclcpp/rclcpp/src/rclcpp/executors/single_threaded_executor.cpp:277:32:[m[K [01;35m[Kwarning: [m[Kunused variable â€˜[01m[Kcurrent_time[m[Kâ€™ [[01;35m[K-Wunused-variable[m[K]
[0.934s]   277 |   struct timespec wakeup_time, [01;35m[Kcurrent_time[m[K;
[0.934s]       |                                [01;35m[K^~~~~~~~~~~~[m[K
[1.085s] make[2]: *** [CMakeFiles/rclcpp.dir/build.make:389: CMakeFiles/rclcpp.dir/src/rclcpp/executors/single_threaded_executor.cpp.o] Error 1
[1.085s] make[1]: *** [CMakeFiles/Makefile2:1129: CMakeFiles/rclcpp.dir/all] Error 2
[1.085s] make: *** [Makefile:141: all] Error 2
[1.088s] Invoked command in '/home/pengbo/rclcpp_cbg/ros2_rclcpp/build/rclcpp' returned '2': /usr/bin/cmake --build /home/pengbo/rclcpp_cbg/ros2_rclcpp/build/rclcpp -- -j12 -l12
