[0.010s] Invoking command in '/home/pengbo/cbg-executor/ros2_examples/rclcpp/cbg-executor_ping-pong/build/cbg-executor_ping-pong_cpp': /usr/bin/cmake --build /home/pengbo/cbg-executor/ros2_examples/rclcpp/cbg-executor_ping-pong/build/cbg-executor_ping-pong_cpp -- -j12 -l12
[0.050s] [35m[1mScanning dependencies of target ping-pong[0m
[0.076s] [ 25%] [32mBuilding CXX object CMakeFiles/ping-pong.dir/main.cpp.o[0m
[0.185s] [01m[K/home/pengbo/cbg-executor/ros2_examples/rclcpp/cbg-executor_ping-pong/main.cpp:240:28:[m[K [01;35m[Kwarning: [m[Kmulti-character character constant [[01;35m[K-Wmultichar[m[K]
[0.185s]   240 |       if(scheduler.compare([01;35m[K'let'[m[K))
[0.185s]       |                            [01;35m[K^~~~~[m[K
[1.010s] [01m[K/home/pengbo/cbg-executor/ros2_examples/rclcpp/cbg-executor_ping-pong/main.cpp:[m[K In lambda function:
[1.010s] [01m[K/home/pengbo/cbg-executor/ros2_examples/rclcpp/cbg-executor_ping-pong/main.cpp:240:28:[m[K [01;31m[Kerror: [m[Kinvalid conversion from â€˜[01m[Kint[m[Kâ€™ to â€˜[01m[Kconst char*[m[Kâ€™ [[01;31m[K-fpermissive[m[K]
[1.010s] In file included from [01m[K/usr/include/c++/9/string:55[m[K,
[1.010s]                  from [01m[K/usr/include/c++/9/stdexcept:39[m[K,
[1.010s]                  from [01m[K/usr/include/c++/9/array:39[m[K,
[1.010s]                  from [01m[K/usr/include/c++/9/tuple:39[m[K,
[1.010s]                  from [01m[K/usr/include/c++/9/functional:54[m[K,
[1.011s]                  from [01m[K/home/pengbo/cbg-executor/ros2_examples/rclcpp/cbg-executor_ping-pong/main.cpp:1[m[K:
[1.011s] [01m[K/usr/include/c++/9/bits/basic_string.h:2990:29:[m[K [01;36m[Knote: [m[K  initializing argument 1 of â€˜[01m[Kint std::__cxx11::basic_string<_CharT, _Traits, _Alloc>::compare(const _CharT*) const [with _CharT = char; _Traits = std::char_traits<char>; _Alloc = std::allocator<char>][m[Kâ€™
[1.011s]  2990 |       compare([01;36m[Kconst _CharT* __s[m[K) const _GLIBCXX_NOEXCEPT;
[1.011s]       |               [01;36m[K~~~~~~~~~~~~~~^~~[m[K
[1.314s] make[2]: *** [CMakeFiles/ping-pong.dir/build.make:63: CMakeFiles/ping-pong.dir/main.cpp.o] Error 1
[1.314s] make[1]: *** [CMakeFiles/Makefile2:78: CMakeFiles/ping-pong.dir/all] Error 2
[1.315s] make: *** [Makefile:141: all] Error 2
[1.316s] Invoked command in '/home/pengbo/cbg-executor/ros2_examples/rclcpp/cbg-executor_ping-pong/build/cbg-executor_ping-pong_cpp' returned '2': /usr/bin/cmake --build /home/pengbo/cbg-executor/ros2_examples/rclcpp/cbg-executor_ping-pong/build/cbg-executor_ping-pong_cpp -- -j12 -l12
