[0.010s] Invoking command in '/home/pengbo/cbg-executor/ros2_examples/rclcpp/cbg-executor_ping-pong/build/cbg-executor_ping-pong_cpp': /usr/bin/cmake --build /home/pengbo/cbg-executor/ros2_examples/rclcpp/cbg-executor_ping-pong/build/cbg-executor_ping-pong_cpp -- -j12 -l12
[0.055s] [35m[1mScanning dependencies of target ping-pong[0m
[0.087s] [ 25%] [32mBuilding CXX object CMakeFiles/ping-pong.dir/main.cpp.o[0m
[1.033s] [01m[K/home/pengbo/cbg-executor/ros2_examples/rclcpp/cbg-executor_ping-pong/main.cpp:[m[K In lambda function:
[1.033s] [01m[K/home/pengbo/cbg-executor/ros2_examples/rclcpp/cbg-executor_ping-pong/main.cpp:231:29:[m[K [01;31m[Kerror: [m[Kuninitialized const â€˜[01m[Kupdate_period[m[Kâ€™ [[01;31m[K-fpermissive[m[K]
[1.034s]   231 |       const struct timespec [01;31m[Kupdate_period[m[K;
[1.034s]       |                             [01;31m[K^~~~~~~~~~~~~[m[K
[1.034s] In file included from [01m[K/usr/include/sched.h:32[m[K,
[1.034s]                  from [01m[K/usr/include/pthread.h:22[m[K,
[1.034s]                  from [01m[K/usr/include/x86_64-linux-gnu/c++/9/bits/gthr-default.h:35[m[K,
[1.034s]                  from [01m[K/usr/include/x86_64-linux-gnu/c++/9/bits/gthr.h:148[m[K,
[1.034s]                  from [01m[K/usr/include/c++/9/ext/atomicity.h:35[m[K,
[1.034s]                  from [01m[K/usr/include/c++/9/bits/basic_string.h:39[m[K,
[1.034s]                  from [01m[K/usr/include/c++/9/string:55[m[K,
[1.034s]                  from [01m[K/usr/include/c++/9/stdexcept:39[m[K,
[1.035s]                  from [01m[K/usr/include/c++/9/array:39[m[K,
[1.035s]                  from [01m[K/usr/include/c++/9/tuple:39[m[K,
[1.035s]                  from [01m[K/usr/include/c++/9/functional:54[m[K,
[1.035s]                  from [01m[K/home/pengbo/cbg-executor/ros2_examples/rclcpp/cbg-executor_ping-pong/main.cpp:1[m[K:
[1.035s] [01m[K/usr/include/x86_64-linux-gnu/bits/types/struct_timespec.h:10:8:[m[K [01;36m[Knote: [m[Kâ€˜[01m[Kconst struct timespec[m[Kâ€™ has no user-provided default constructor
[1.035s]    10 | struct [01;36m[Ktimespec[m[K
[1.035s]       |        [01;36m[K^~~~~~~~[m[K
[1.035s] [01m[K/usr/include/x86_64-linux-gnu/bits/types/struct_timespec.h:12:12:[m[K [01;36m[Knote: [m[Kand the implicitly-defined constructor does not initialize â€˜[01m[K__time_t timespec::tv_sec[m[Kâ€™
[1.035s]    12 |   __time_t [01;36m[Ktv_sec[m[K;  /* Seconds.  */
[1.035s]       |            [01;36m[K^~~~~~[m[K
[1.035s] [01m[K/home/pengbo/cbg-executor/ros2_examples/rclcpp/cbg-executor_ping-pong/main.cpp:232:28:[m[K [01;31m[Kerror: [m[Kassignment of member â€˜[01m[Ktimespec::tv_sec[m[Kâ€™ in read-only object
[1.035s]   232 |       [01;31m[Kupdate_period.tv_sec = 0[m[K;
[1.036s]       |       [01;31m[K~~~~~~~~~~~~~~~~~~~~~^~~[m[K
[1.036s] [01m[K/home/pengbo/cbg-executor/ros2_examples/rclcpp/cbg-executor_ping-pong/main.cpp:233:29:[m[K [01;31m[Kerror: [m[Kassignment of member â€˜[01m[Ktimespec::tv_nsec[m[Kâ€™ in read-only object
[1.036s]   233 |       [01;31m[Kupdate_period.tv_nsec = 1000000[m[K;
[1.036s]       |       [01;31m[K~~~~~~~~~~~~~~~~~~~~~~^~~~~~~~~[m[K
[1.328s] make[2]: *** [CMakeFiles/ping-pong.dir/build.make:63: CMakeFiles/ping-pong.dir/main.cpp.o] Error 1
[1.329s] make[1]: *** [CMakeFiles/Makefile2:78: CMakeFiles/ping-pong.dir/all] Error 2
[1.329s] make: *** [Makefile:141: all] Error 2
[1.331s] Invoked command in '/home/pengbo/cbg-executor/ros2_examples/rclcpp/cbg-executor_ping-pong/build/cbg-executor_ping-pong_cpp' returned '2': /usr/bin/cmake --build /home/pengbo/cbg-executor/ros2_examples/rclcpp/cbg-executor_ping-pong/build/cbg-executor_ping-pong_cpp -- -j12 -l12
