[0.008s] Invoking command in '/home/pengbo/rclcpp_cbg/build/rclcpp': /usr/bin/cmake /home/pengbo/rclcpp_cbg/ros2_rclcpp/rclcpp -DAMENT_CMAKE_SYMLINK_INSTALL=1 -DCMAKE_INSTALL_PREFIX=/home/pengbo/rclcpp_cbg/install/rclcpp
[0.064s] -- The C compiler identification is GNU 9.3.0
[0.113s] -- The CXX compiler identification is GNU 9.3.0
[0.119s] -- Check for working C compiler: /usr/bin/cc
[0.178s] -- Check for working C compiler: /usr/bin/cc -- works
[0.179s] -- Detecting C compiler ABI info
[0.237s] -- Detecting C compiler ABI info - done
[0.245s] -- Detecting C compile features
[0.246s] -- Detecting C compile features - done
[0.247s] -- Check for working CXX compiler: /usr/bin/c++
[0.313s] -- Check for working CXX compiler: /usr/bin/c++ -- works
[0.314s] -- Detecting CXX compiler ABI info
[0.389s] -- Detecting CXX compiler ABI info - done
[0.403s] -- Detecting CXX compile features
[0.404s] -- Detecting CXX compile features - done
[0.411s] CMake Error at CMakeLists.txt:5 (find_package):
[0.411s]   By not providing "Findament_cmake_ros.cmake" in CMAKE_MODULE_PATH this
[0.411s]   project has asked CMake to find a package configuration file provided by
[0.411s]   "ament_cmake_ros", but CMake did not find one.
[0.411s] 
[0.412s]   Could not find a package configuration file provided by "ament_cmake_ros"
[0.412s]   with any of the following names:
[0.412s] 
[0.412s]     ament_cmake_rosConfig.cmake
[0.412s]     ament_cmake_ros-config.cmake
[0.412s] 
[0.412s]   Add the installation prefix of "ament_cmake_ros" to CMAKE_PREFIX_PATH or
[0.412s]   set "ament_cmake_ros_DIR" to a directory containing one of the above files.
[0.412s]   If "ament_cmake_ros" provides a separate development package or SDK, be
[0.412s]   sure it has been installed.
[0.412s] 
[0.412s] 
[0.413s] -- Configuring incomplete, errors occurred!
[0.413s] See also "/home/pengbo/rclcpp_cbg/build/rclcpp/CMakeFiles/CMakeOutput.log".
[0.413s] See also "/home/pengbo/rclcpp_cbg/build/rclcpp/CMakeFiles/CMakeError.log".
[0.414s] Invoked command in '/home/pengbo/rclcpp_cbg/build/rclcpp' returned '1': /usr/bin/cmake /home/pengbo/rclcpp_cbg/ros2_rclcpp/rclcpp -DAMENT_CMAKE_SYMLINK_INSTALL=1 -DCMAKE_INSTALL_PREFIX=/home/pengbo/rclcpp_cbg/install/rclcpp
[0.423s] Traceback (most recent call last):
  File "/usr/lib/python3/dist-packages/colcon_core/executor/__init__.py", line 91, in __call__
    rc = await self.task(*args, **kwargs)
  File "/usr/lib/python3/dist-packages/colcon_core/task/__init__.py", line 93, in __call__
    return await task_method(*args, **kwargs)
  File "/usr/lib/python3/dist-packages/colcon_ros/task/ament_cmake/build.py", line 66, in build
    if await has_target(args.build_base, 'install'):
  File "/usr/lib/python3/dist-packages/colcon_cmake/task/cmake/__init__.py", line 57, in has_target
    return target in await get_makefile_targets(path)
  File "/usr/lib/python3/dist-packages/colcon_cmake/task/cmake/__init__.py", line 77, in get_makefile_targets
    output = await check_output([
  File "/usr/lib/python3/dist-packages/colcon_core/subprocess.py", line 109, in check_output
    assert not rc, \
AssertionError: Expected ['/usr/bin/cmake', '--build', '/home/pengbo/rclcpp_cbg/build/rclcpp', '--target', 'help'] to pass: make: *** No rule to make target 'help'.  Stop.

