[0.008s] Invoking command in '/home/pengbo/rclcpp_cbg/build/rclcpp': /usr/bin/cmake /home/pengbo/rclcpp_cbg/ros2_rclcpp/rclcpp -DAMENT_CMAKE_SYMLINK_INSTALL=1 -DCMAKE_INSTALL_PREFIX=/home/pengbo/rclcpp_cbg/install/rclcpp
[0.023s] -- Found ament_cmake_ros: 0.9.0 (/home/pengbo/ros2_foxy/install/ament_cmake_ros/share/ament_cmake_ros/cmake)
[0.044s] -- Using PYTHON_EXECUTABLE: /usr/bin/python3
[0.145s] Traceback (most recent call last):
[0.145s]   File "/home/pengbo/ros2_foxy/install/ament_cmake_core/share/ament_cmake_core/cmake/package_templates/templates_2_cmake.py", line 21, in <module>
[0.145s]     from ament_package.templates import get_environment_hook_template_path
[0.145s] ModuleNotFoundError: No module named 'ament_package'
[0.156s] CMake Error at /home/pengbo/ros2_foxy/install/ament_cmake_core/share/ament_cmake_core/cmake/ament_cmake_package_templates-extras.cmake:41 (message):
[0.156s]   execute_process(/usr/bin/python3
[0.156s]   /home/pengbo/ros2_foxy/install/ament_cmake_core/share/ament_cmake_core/cmake/package_templates/templates_2_cmake.py
[0.156s]   /home/pengbo/rclcpp_cbg/build/rclcpp/ament_cmake_package_templates/templates.cmake)
[0.156s]   returned error code 1
[0.156s] Call Stack (most recent call first):
[0.157s]   /home/pengbo/ros2_foxy/install/ament_cmake_core/share/ament_cmake_core/cmake/ament_cmake_coreConfig.cmake:41 (include)
[0.157s]   /home/pengbo/ros2_foxy/install/ament_cmake_test/share/ament_cmake_test/cmake/ament_cmake_test-extras.cmake:39 (find_package)
[0.157s]   /home/pengbo/ros2_foxy/install/ament_cmake_test/share/ament_cmake_test/cmake/ament_cmake_testConfig.cmake:41 (include)
[0.157s]   /home/pengbo/ros2_foxy/install/ament_cmake_pytest/share/ament_cmake_pytest/cmake/ament_cmake_pytest-extras.cmake:17 (find_package)
[0.157s]   /home/pengbo/ros2_foxy/install/ament_cmake_pytest/share/ament_cmake_pytest/cmake/ament_cmake_pytestConfig.cmake:41 (include)
[0.157s]   /home/pengbo/ros2_foxy/install/ament_cmake_ros/share/ament_cmake_ros/cmake/ament_cmake_ros-extras.cmake:19 (find_package)
[0.157s]   /home/pengbo/ros2_foxy/install/ament_cmake_ros/share/ament_cmake_ros/cmake/ament_cmake_rosConfig.cmake:41 (include)
[0.157s]   CMakeLists.txt:5 (find_package)
[0.157s] 
[0.157s] 
[0.158s] -- Configuring incomplete, errors occurred!
[0.158s] See also "/home/pengbo/rclcpp_cbg/build/rclcpp/CMakeFiles/CMakeOutput.log".
[0.158s] See also "/home/pengbo/rclcpp_cbg/build/rclcpp/CMakeFiles/CMakeError.log".
[0.159s] Invoked command in '/home/pengbo/rclcpp_cbg/build/rclcpp' returned '1': /usr/bin/cmake /home/pengbo/rclcpp_cbg/ros2_rclcpp/rclcpp -DAMENT_CMAKE_SYMLINK_INSTALL=1 -DCMAKE_INSTALL_PREFIX=/home/pengbo/rclcpp_cbg/install/rclcpp
[0.172s] Traceback (most recent call last):
  File "/usr/lib/python3/dist-packages/colcon_core/executor/__init__.py", line 91, in __call__
    rc = await self.task(*args, **kwargs)
  File "/usr/lib/python3/dist-packages/colcon_core/task/__init__.py", line 93, in __call__
    return await task_method(*args, **kwargs)
  File "/usr/lib/python3/dist-packages/colcon_ros/task/ament_cmake/build.py", line 66, in build
    if await has_target(args.build_base, 'install'):
  File "/usr/lib/python3/dist-packages/colcon_cmake/task/cmake/__init__.py", line 57, in has_target
    return target in await get_makefile_targets(path)
  File "/usr/lib/python3/dist-packages/colcon_cmake/task/cmake/__init__.py", line 77, in get_makefile_targets
    output = await check_output([
  File "/usr/lib/python3/dist-packages/colcon_core/subprocess.py", line 109, in check_output
    assert not rc, \
AssertionError: Expected ['/usr/bin/cmake', '--build', '/home/pengbo/rclcpp_cbg/build/rclcpp', '--target', 'help'] to pass: make: *** No rule to make target 'help'.  Stop.

