[01m[K/home/pengbo/cbg-executor/ros2_examples/rclcpp/cbg-executor_ping-pong/src/PingSubNode.cpp:[m[K In member function â€˜[01m[Kvoid PingSubNode::print_jitter()[m[Kâ€™:
[01m[K/home/pengbo/cbg-executor/ros2_examples/rclcpp/cbg-executor_ping-pong/src/PingSubNode.cpp:74:26:[m[K [01;31m[Kerror: [m[Kâ€˜[01m[Kios_base[m[Kâ€™ has not been declared
   74 |   file.open("jitter.txt",[01;31m[Kios_base[m[K::out);
      |                          [01;31m[K^~~~~~~~[m[K
[01m[K/home/pengbo/cbg-executor/ros2_examples/rclcpp/cbg-executor_ping-pong/src/PingSubNode.cpp:98:9:[m[K [01;31m[Kerror: [m[Kâ€˜[01m[Kfp[m[Kâ€™ was not declared in this scope
   98 |         [01;31m[Kfp[m[K<<jitters[x];
      |         [01;31m[K^~[m[K
[01m[K/home/pengbo/cbg-executor/ros2_examples/rclcpp/cbg-executor_ping-pong/src/PingSubNode.cpp:101:8:[m[K [01;31m[Kerror: [m[Kâ€˜[01m[Kfp[m[Kâ€™ was not declared in this scope
  101 |        [01;31m[Kfp[m[K.close();
      |        [01;31m[K^~[m[K
make[2]: *** [CMakeFiles/ping-pong.dir/build.make:76: CMakeFiles/ping-pong.dir/src/PingSubNode.cpp.o] Error 1
make[1]: *** [CMakeFiles/Makefile2:78: CMakeFiles/ping-pong.dir/all] Error 2
make: *** [Makefile:141: all] Error 2
