[0.009s] Invoking command in '/home/pengbo/rclcpp_cbg/ros2_rclcpp/build/rclcpp': /usr/bin/cmake --build /home/pengbo/rclcpp_cbg/ros2_rclcpp/build/rclcpp -- -j12 -l12
[0.056s] [  0%] Built target rclcpp_test_msgs__cpp
[0.060s] [  1%] Built target gtest
[0.060s] [  2%] Built target gtest_main
[0.061s] [  3%] Built target gmock
[0.063s] [  5%] Built target rclcpp_test_msgs__rosidl_generator_c
[0.063s] [  6%] Built target gmock_main
[0.070s] [35m[1mScanning dependencies of target rclcpp[0m
[0.071s] [  8%] Built target rclcpp_test_msgs__rosidl_typesupport_cpp
[0.071s] [ 10%] Built target rclcpp_test_msgs__rosidl_typesupport_introspection_cpp
[0.076s] [ 12%] Built target rclcpp_test_msgs__rosidl_typesupport_fastrtps_cpp
[0.076s] [ 13%] Built target test_function_traits
[0.077s] [ 14%] Built target rclcpp_test_msgs__rosidl_typesupport_c
[0.078s] [ 16%] Built target rclcpp_test_msgs__rosidl_typesupport_introspection_c
[0.096s] [ 18%] Built target rclcpp_test_msgs__rosidl_typesupport_fastrtps_c
[0.116s] [ 18%] Built target rclcpp_test_msgs
[0.132s] [ 18%] Built target rclcpp_test_msgs__py
[0.135s] [ 18%] [32mBuilding CXX object CMakeFiles/rclcpp.dir/src/rclcpp/executors/single_threaded_executor.cpp.o[0m
[0.148s] [ 20%] Built target rclcpp_test_msgs__python
[0.169s] [ 21%] Built target rclcpp__rosidl_typesupport_introspection_c__pyext
[0.171s] [ 22%] Built target rclcpp__rosidl_typesupport_fastrtps_c__pyext
[0.172s] [ 23%] Built target rclcpp__rosidl_typesupport_c__pyext
[0.876s] [01m[K/home/pengbo/rclcpp_cbg/ros2_rclcpp/rclcpp/src/rclcpp/executors/single_threaded_executor.cpp:[m[K In member function â€˜[01m[Kvoid rclcpp::executors::SingleThreadedExecutor::executor_spin_one_period(uint64_t, std::string)[m[Kâ€™:
[0.876s] [01m[K/home/pengbo/rclcpp_cbg/ros2_rclcpp/rclcpp/src/rclcpp/executors/single_threaded_executor.cpp:257:62:[m[K [01;31m[Kerror: [m[Kno match for call to â€˜[01m[K(timespec) (timespec*, timespec*)[m[Kâ€™
[0.877s]   257 |   sleep_time1=sleep_time(&end_spin_some,&theoretical_end_time[01;31m[K)[m[K;
[0.877s]       |                                                              [01;31m[K^[m[K
[1.020s] make[2]: *** [CMakeFiles/rclcpp.dir/build.make:389: CMakeFiles/rclcpp.dir/src/rclcpp/executors/single_threaded_executor.cpp.o] Error 1
[1.020s] make[1]: *** [CMakeFiles/Makefile2:1129: CMakeFiles/rclcpp.dir/all] Error 2
[1.020s] make: *** [Makefile:141: all] Error 2
[1.023s] Invoked command in '/home/pengbo/rclcpp_cbg/ros2_rclcpp/build/rclcpp' returned '2': /usr/bin/cmake --build /home/pengbo/rclcpp_cbg/ros2_rclcpp/build/rclcpp -- -j12 -l12
