[01m[K/home/pengbo/cbg-executor/ros2_examples/rclcpp/cbg-executor_ping-pong/main.cpp:[m[K In function â€˜[01m[Kvoid normalize_timespec(timespec*)[m[Kâ€™:
[01m[K/home/pengbo/cbg-executor/ros2_examples/rclcpp/cbg-executor_ping-pong/main.cpp:49:24:[m[K [01;31m[Kerror: [m[Kâ€˜[01m[KNSEC_PER_SEC[m[Kâ€™ was not declared in this scope; did you mean â€˜[01m[KCLOCKS_PER_SEC[m[Kâ€™?
   49 |   while (t->tv_nsec >= [01;31m[KNSEC_PER_SEC[m[K) {
      |                        [01;31m[K^~~~~~~~~~~~[m[K
      |                        [32m[KCLOCKS_PER_SEC[m[K
[01m[K/home/pengbo/cbg-executor/ros2_examples/rclcpp/cbg-executor_ping-pong/main.cpp:[m[K In function â€˜[01m[Kint record_jitter(const timespec*, const timespec*, size_t)[m[Kâ€™:
[01m[K/home/pengbo/cbg-executor/ros2_examples/rclcpp/cbg-executor_ping-pong/main.cpp:90:7:[m[K [01;31m[Kerror: [m[Kâ€˜[01m[Kiterations[m[Kâ€™ was not declared in this scope; did you mean â€˜[01m[Kiteration[m[Kâ€™?
   90 |   if ([01;31m[Kiterations[m[K == 0) {
      |       [01;31m[K^~~~~~~~~~[m[K
      |       [32m[Kiteration[m[K
[01m[K/home/pengbo/cbg-executor/ros2_examples/rclcpp/cbg-executor_ping-pong/main.cpp:104:8:[m[K [01;31m[Kerror: [m[Kâ€˜[01m[Klatency_samples[m[Kâ€™ declared as array of â€˜[01m[Kauto[m[Kâ€™
  104 |   auto [01;31m[Klatency_samples[m[K[i] = parity * timespec_to_uint64(&jitter);
      |        [01;31m[K^~~~~~~~~~~~~~~[m[K
[01m[K/home/pengbo/cbg-executor/ros2_examples/rclcpp/cbg-executor_ping-pong/main.cpp:104:38:[m[K [01;31m[Kerror: [m[Kâ€˜[01m[Ktimespec_to_uint64[m[Kâ€™ was not declared in this scope
  104 |   auto latency_samples[i] = parity * [01;31m[Ktimespec_to_uint64[m[K(&jitter);
      |                                      [01;31m[K^~~~~~~~~~~~~~~~~~[m[K
make[2]: *** [CMakeFiles/ping-pong.dir/build.make:63: CMakeFiles/ping-pong.dir/main.cpp.o] Error 1
make[1]: *** [CMakeFiles/Makefile2:78: CMakeFiles/ping-pong.dir/all] Error 2
make: *** [Makefile:141: all] Error 2
