[0.009s] Invoking command in '/home/pengbo/cbg-executor/ros2_examples/rclcpp/cbg-executor_ping-pong/build/cbg-executor_ping-pong_cpp': /usr/bin/cmake --build /home/pengbo/cbg-executor/ros2_examples/rclcpp/cbg-executor_ping-pong/build/cbg-executor_ping-pong_cpp -- -j12 -l12
[0.050s] [35m[1mScanning dependencies of target ping-pong[0m
[0.076s] [ 25%] [32mBuilding CXX object CMakeFiles/ping-pong.dir/main.cpp.o[0m
[1.003s] [01m[K/home/pengbo/cbg-executor/ros2_examples/rclcpp/cbg-executor_ping-pong/main.cpp:[m[K In function â€˜[01m[Kvoid normalize_timespec(timespec*)[m[Kâ€™:
[1.003s] [01m[K/home/pengbo/cbg-executor/ros2_examples/rclcpp/cbg-executor_ping-pong/main.cpp:49:24:[m[K [01;31m[Kerror: [m[Kâ€˜[01m[KNSEC_PER_SEC[m[Kâ€™ was not declared in this scope; did you mean â€˜[01m[KCLOCKS_PER_SEC[m[Kâ€™?
[1.003s]    49 |   while (t->tv_nsec >= [01;31m[KNSEC_PER_SEC[m[K) {
[1.003s]       |                        [01;31m[K^~~~~~~~~~~~[m[K
[1.003s]       |                        [32m[KCLOCKS_PER_SEC[m[K
[1.003s] [01m[K/home/pengbo/cbg-executor/ros2_examples/rclcpp/cbg-executor_ping-pong/main.cpp:[m[K In function â€˜[01m[Kint record_jitter(const timespec*, const timespec*, size_t)[m[Kâ€™:
[1.003s] [01m[K/home/pengbo/cbg-executor/ros2_examples/rclcpp/cbg-executor_ping-pong/main.cpp:90:7:[m[K [01;31m[Kerror: [m[Kâ€˜[01m[Kiterations[m[Kâ€™ was not declared in this scope; did you mean â€˜[01m[Kiteration[m[Kâ€™?
[1.004s]    90 |   if ([01;31m[Kiterations[m[K == 0) {
[1.004s]       |       [01;31m[K^~~~~~~~~~[m[K
[1.004s]       |       [32m[Kiteration[m[K
[1.004s] [01m[K/home/pengbo/cbg-executor/ros2_examples/rclcpp/cbg-executor_ping-pong/main.cpp:104:8:[m[K [01;31m[Kerror: [m[Kâ€˜[01m[Klatency_samples[m[Kâ€™ declared as array of â€˜[01m[Kauto[m[Kâ€™
[1.004s]   104 |   auto [01;31m[Klatency_samples[m[K[i] = parity * timespec_to_uint64(&jitter);
[1.004s]       |        [01;31m[K^~~~~~~~~~~~~~~[m[K
[1.005s] [01m[K/home/pengbo/cbg-executor/ros2_examples/rclcpp/cbg-executor_ping-pong/main.cpp:104:38:[m[K [01;31m[Kerror: [m[Kâ€˜[01m[Ktimespec_to_uint64[m[Kâ€™ was not declared in this scope
[1.006s]   104 |   auto latency_samples[i] = parity * [01;31m[Ktimespec_to_uint64[m[K(&jitter);
[1.006s]       |                                      [01;31m[K^~~~~~~~~~~~~~~~~~[m[K
[1.297s] make[2]: *** [CMakeFiles/ping-pong.dir/build.make:63: CMakeFiles/ping-pong.dir/main.cpp.o] Error 1
[1.297s] make[1]: *** [CMakeFiles/Makefile2:78: CMakeFiles/ping-pong.dir/all] Error 2
[1.298s] make: *** [Makefile:141: all] Error 2
[1.299s] Invoked command in '/home/pengbo/cbg-executor/ros2_examples/rclcpp/cbg-executor_ping-pong/build/cbg-executor_ping-pong_cpp' returned '2': /usr/bin/cmake --build /home/pengbo/cbg-executor/ros2_examples/rclcpp/cbg-executor_ping-pong/build/cbg-executor_ping-pong_cpp -- -j12 -l12
