[0.009s] Invoking command in '/home/pengbo/rclcpp_cbg/ros2_rclcpp/build/rclcpp': /usr/bin/cmake --build /home/pengbo/rclcpp_cbg/ros2_rclcpp/build/rclcpp -- -j12 -l12
[0.063s] [  0%] Built target rclcpp_test_msgs__cpp
[0.063s] [  1%] Built target gtest
[0.063s] [  2%] Built target gmock_main
[0.064s] [  4%] Built target rclcpp_test_msgs__rosidl_generator_c
[0.065s] [  5%] Built target gtest_main
[0.065s] [  6%] Built target gmock
[0.079s] [  8%] Built target rclcpp_test_msgs__rosidl_typesupport_introspection_c
[0.079s] [  9%] Built target rclcpp_test_msgs__rosidl_typesupport_c
[0.080s] [ 11%] Built target rclcpp_test_msgs__rosidl_typesupport_cpp
[0.080s] [ 13%] Built target rclcpp_test_msgs__rosidl_typesupport_introspection_cpp
[0.081s] [ 14%] Built target test_function_traits
[0.081s] [ 16%] Built target rclcpp_test_msgs__rosidl_typesupport_fastrtps_cpp
[0.083s] [35m[1mScanning dependencies of target rclcpp[0m
[0.105s] [ 18%] Built target rclcpp_test_msgs__rosidl_typesupport_fastrtps_c
[0.120s] [ 18%] Built target rclcpp_test_msgs
[0.135s] [ 18%] Built target rclcpp_test_msgs__py
[0.137s] [ 18%] [32mBuilding CXX object CMakeFiles/rclcpp.dir/src/rclcpp/executors/single_threaded_executor.cpp.o[0m
[0.155s] [ 20%] Built target rclcpp_test_msgs__python
[0.177s] [ 21%] Built target rclcpp__rosidl_typesupport_introspection_c__pyext
[0.178s] [ 22%] Built target rclcpp__rosidl_typesupport_fastrtps_c__pyext
[0.182s] [ 23%] Built target rclcpp__rosidl_typesupport_c__pyext
[0.901s] [01m[K/home/pengbo/rclcpp_cbg/ros2_rclcpp/rclcpp/src/rclcpp/executors/single_threaded_executor.cpp:[m[K In member function â€˜[01m[Kvoid rclcpp::executors::SingleThreadedExecutor::executor_spin_one_period(uint64_t)[m[Kâ€™:
[0.901s] [01m[K/home/pengbo/rclcpp_cbg/ros2_rclcpp/rclcpp/src/rclcpp/executors/single_threaded_executor.cpp:221:7:[m[K [01;31m[Kerror: [m[Kâ€˜[01m[Kwakeup_time[m[Kâ€™ was not declared in this scope
[0.901s]   221 |       [01;31m[Kwakeup_time[m[K=start_time_period;
[0.902s]       |       [01;31m[K^~~~~~~~~~~[m[K
[0.902s] [01m[K/home/pengbo/rclcpp_cbg/ros2_rclcpp/rclcpp/src/rclcpp/executors/single_threaded_executor.cpp:[m[K In member function â€˜[01m[Kvoid rclcpp::executors::SingleThreadedExecutor::executor_spin_period(uint64_t)[m[Kâ€™:
[0.902s] [01m[K/home/pengbo/rclcpp_cbg/ros2_rclcpp/rclcpp/src/rclcpp/executors/single_threaded_executor.cpp:233:19:[m[K [01;35m[Kwarning: [m[Kunused variable â€˜[01m[Ktheoretical_time[m[Kâ€™ [[01;35m[K-Wunused-variable[m[K]
[0.902s]   233 |   struct timespec [01;35m[Ktheoretical_time[m[K;
[0.902s]       |                   [01;35m[K^~~~~~~~~~~~~~~~[m[K
[0.903s] [01m[K/home/pengbo/rclcpp_cbg/ros2_rclcpp/rclcpp/src/rclcpp/executors/single_threaded_executor.cpp:[m[K In member function â€˜[01m[Kstd::vector<long int, std::allocator<long int> > rclcpp::executors::SingleThreadedExecutor::spin(uint64_t)[m[Kâ€™:
[0.903s] [01m[K/home/pengbo/rclcpp_cbg/ros2_rclcpp/rclcpp/src/rclcpp/executors/single_threaded_executor.cpp:292:32:[m[K [01;35m[Kwarning: [m[Kunused variable â€˜[01m[Kcurrent_time[m[Kâ€™ [[01;35m[K-Wunused-variable[m[K]
[0.903s]   292 |   struct timespec wakeup_time, [01;35m[Kcurrent_time[m[K;
[0.903s]       |                                [01;35m[K^~~~~~~~~~~~[m[K
[1.054s] make[2]: *** [CMakeFiles/rclcpp.dir/build.make:389: CMakeFiles/rclcpp.dir/src/rclcpp/executors/single_threaded_executor.cpp.o] Error 1
[1.054s] make[1]: *** [CMakeFiles/Makefile2:1129: CMakeFiles/rclcpp.dir/all] Error 2
[1.054s] make: *** [Makefile:141: all] Error 2
[1.056s] Invoked command in '/home/pengbo/rclcpp_cbg/ros2_rclcpp/build/rclcpp' returned '2': /usr/bin/cmake --build /home/pengbo/rclcpp_cbg/ros2_rclcpp/build/rclcpp -- -j12 -l12
