[0.009s] Invoking command in '/home/pengbo/rclcpp_cbg/ros2_rclcpp/build/rclcpp': /usr/bin/cmake --build /home/pengbo/rclcpp_cbg/ros2_rclcpp/build/rclcpp -- -j12 -l12
[0.059s] [  1%] Built target gtest
[0.061s] [  1%] Built target rclcpp_test_msgs__cpp
[0.063s] [  3%] Built target rclcpp_test_msgs__rosidl_generator_c
[0.064s] [  5%] Built target gmock
[0.065s] [  5%] Built target gmock_main
[0.065s] [  6%] Built target gtest_main
[0.075s] [35m[1mScanning dependencies of target rclcpp[0m
[0.076s] [  8%] Built target rclcpp_test_msgs__rosidl_typesupport_cpp
[0.077s] [ 10%] Built target rclcpp_test_msgs__rosidl_typesupport_introspection_cpp
[0.079s] [ 11%] Built target test_function_traits
[0.079s] [ 13%] Built target rclcpp_test_msgs__rosidl_typesupport_introspection_c
[0.080s] [ 14%] Built target rclcpp_test_msgs__rosidl_typesupport_c
[0.084s] [ 16%] Built target rclcpp_test_msgs__rosidl_typesupport_fastrtps_cpp
[0.108s] [ 18%] Built target rclcpp_test_msgs__rosidl_typesupport_fastrtps_c
[0.125s] [ 18%] Built target rclcpp_test_msgs
[0.130s] [ 18%] [32mBuilding CXX object CMakeFiles/rclcpp.dir/src/rclcpp/executors/single_threaded_executor.cpp.o[0m
[0.140s] [ 18%] Built target rclcpp_test_msgs__py
[0.163s] [ 20%] Built target rclcpp_test_msgs__python
[0.184s] [ 21%] Built target rclcpp__rosidl_typesupport_c__pyext
[0.185s] [ 22%] Built target rclcpp__rosidl_typesupport_introspection_c__pyext
[0.188s] [ 23%] Built target rclcpp__rosidl_typesupport_fastrtps_c__pyext
[0.878s] [01m[K/home/pengbo/rclcpp_cbg/ros2_rclcpp/rclcpp/src/rclcpp/executors/single_threaded_executor.cpp:[m[K In function â€˜[01m[Kint record_jitter(const timespec*, const timespec*, size_t)[m[Kâ€™:
[0.878s] [01m[K/home/pengbo/rclcpp_cbg/ros2_rclcpp/rclcpp/src/rclcpp/executors/single_threaded_executor.cpp:105:10:[m[K [01;35m[Kwarning: [m[Kunused variable â€˜[01m[Ki[m[Kâ€™ [[01;35m[K-Wunused-variable[m[K]
[0.878s]   105 |   size_t [01;35m[Ki[m[K = iteration;
[0.878s]       |          [01;35m[K^[m[K
[0.881s] [01m[K/home/pengbo/rclcpp_cbg/ros2_rclcpp/rclcpp/src/rclcpp/executors/single_threaded_executor.cpp:[m[K In member function â€˜[01m[Kvoid rclcpp::executors::SingleThreadedExecutor::executor_spin_one_period(uint64_t)[m[Kâ€™:
[0.881s] [01m[K/home/pengbo/rclcpp_cbg/ros2_rclcpp/rclcpp/src/rclcpp/executors/single_threaded_executor.cpp:172:31:[m[K [01;31m[Kerror: [m[Kcannot convert â€˜[01m[Kstd::chrono::duration<long unsigned int, std::ratio<1, 1000000000> >[m[Kâ€™ to â€˜[01m[K__syscall_slong_t[m[Kâ€™ {aka â€˜[01m[Klong int[m[Kâ€™} in assignment
[0.881s]   172 |       update_period.tv_nsec = [01;31m[Kperiod_ns[m[K;
[0.881s]       |                               [01;31m[K^~~~~~~~~[m[K
[0.881s]       |                               [01;31m[K|[m[K
[0.881s]       |                               [01;31m[Kstd::chrono::duration<long unsigned int, std::ratio<1, 1000000000> >[m[K
[1.036s] make[2]: *** [CMakeFiles/rclcpp.dir/build.make:389: CMakeFiles/rclcpp.dir/src/rclcpp/executors/single_threaded_executor.cpp.o] Error 1
[1.037s] make[1]: *** [CMakeFiles/Makefile2:1129: CMakeFiles/rclcpp.dir/all] Error 2
[1.037s] make: *** [Makefile:141: all] Error 2
[1.039s] Invoked command in '/home/pengbo/rclcpp_cbg/ros2_rclcpp/build/rclcpp' returned '2': /usr/bin/cmake --build /home/pengbo/rclcpp_cbg/ros2_rclcpp/build/rclcpp -- -j12 -l12
