-- The C compiler identification is GNU 9.3.0
-- The CXX compiler identification is GNU 9.3.0
-- Check for working C compiler: /usr/bin/cc
-- Check for working C compiler: /usr/bin/cc -- works
-- Detecting C compiler ABI info
-- Detecting C compiler ABI info - done
-- Detecting C compile features
-- Detecting C compile features - done
-- Check for working CXX compiler: /usr/bin/c++
-- Check for working CXX compiler: /usr/bin/c++ -- works
-- Detecting CXX compiler ABI info
-- Detecting CXX compiler ABI info - done
-- Detecting CXX compile features
-- Detecting CXX compile features - done
-- Found ament_cmake: 0.9.7 (/home/pengbo/ros2_foxy/install/ament_cmake/share/ament_cmake/cmake)
-- Found PythonInterp: /usr/bin/python3 (found suitable version "3.8.5", minimum required is "3") 
-- Using PYTHON_EXECUTABLE: /usr/bin/python3
-- Override CMake install command with custom implementation using symlinks instead of copying resources
-- Found rclcpp: 2.0.1 (/home/pengbo/rclcpp_cbg/install/rclcpp/share/rclcpp/cmake)
-- Using all available rosidl_typesupport_c: rosidl_typesupport_introspection_c;rosidl_typesupport_fastrtps_c
-- Found rosidl_adapter: 1.1.0 (/home/pengbo/ros2_foxy/install/rosidl_adapter/share/rosidl_adapter/cmake)
-- Found FastRTPS: /home/pengbo/ros2_foxy/install/fastrtps/include  
-- Using all available rosidl_typesupport_cpp: rosidl_typesupport_introspection_cpp;rosidl_typesupport_fastrtps_cpp
-- Found rmw_implementation_cmake: 1.0.2 (/home/pengbo/ros2_foxy/install/rmw_implementation_cmake/share/rmw_implementation_cmake/cmake)
-- Using RMW implementation 'rmw_fastrtps_cpp' as default
-- Looking for pthread.h
-- Looking for pthread.h - found
-- Performing Test CMAKE_HAVE_LIBC_PTHREAD
-- Performing Test CMAKE_HAVE_LIBC_PTHREAD - Failed
-- Looking for pthread_create in pthreads
-- Looking for pthread_create in pthreads - not found
-- Looking for pthread_create in pthread
-- Looking for pthread_create in pthread - found
-- Found Threads: TRUE  
-- Configuring done
-- Generating done
-- Build files have been written to: /home/pengbo/cbg-executor/ros2_examples/rclcpp/cbg-executor_ping-pong/build/cbg-executor_ping-pong_cpp
[35m[1mScanning dependencies of target ping-pong[0m
[ 20%] [32mBuilding CXX object CMakeFiles/ping-pong.dir/exp0/main.cpp.o[0m
[01m[K/home/pengbo/cbg-executor/ros2_examples/rclcpp/cbg-executor_ping-pong/exp0/main.cpp:[m[K In function â€˜[01m[Kvoid expe_onece(int, int, char**, std::ofstream*, std::ofstream*)[m[Kâ€™:
[01m[K/home/pengbo/cbg-executor/ros2_examples/rclcpp/cbg-executor_ping-pong/exp0/main.cpp:175:21:[m[K [01;35m[Kwarning: [m[Kunused parameter â€˜[01m[Ki[m[Kâ€™ [[01;35m[K-Wunused-parameter[m[K]
  175 | void expe_onece([01;35m[Kint i[m[K,int argc,char * argv[],std::ofstream *fs,std::ofstream *fs2){
      |                 [01;35m[K~~~~^[m[K
[ 40%] [32m[1mLinking CXX executable ping-pong[0m
/usr/bin/ld: CMakeFiles/ping-pong.dir/exp0/main.cpp.o:(.bss+0x0): multiple definition of `jitters'; CMakeFiles/ping-pong.dir/main.cpp.o:(.bss+0x0): first defined here
/usr/bin/ld: CMakeFiles/ping-pong.dir/exp0/main.cpp.o: in function `print_help()':
main.cpp:(.text+0x122): multiple definition of `print_help()'; CMakeFiles/ping-pong.dir/main.cpp.o:main.cpp:(.text+0x122): first defined here
/usr/bin/ld: CMakeFiles/ping-pong.dir/exp0/main.cpp.o: in function `configure_thread(std::thread&, bool, int)':
main.cpp:(.text+0x38f): multiple definition of `configure_thread(std::thread&, bool, int)'; CMakeFiles/ping-pong.dir/main.cpp.o:main.cpp:(.text+0x38f): first defined here
/usr/bin/ld: CMakeFiles/ping-pong.dir/exp0/main.cpp.o: in function `get_current_thread_clock_time(int)':
main.cpp:(.text+0x56e): multiple definition of `get_current_thread_clock_time(int)'; CMakeFiles/ping-pong.dir/main.cpp.o:main.cpp:(.text+0x56e): first defined here
/usr/bin/ld: CMakeFiles/ping-pong.dir/exp0/main.cpp.o: in function `main':
main.cpp:(.text+0x1e89): multiple definition of `main'; CMakeFiles/ping-pong.dir/main.cpp.o:main.cpp:(.text+0x994): first defined here
collect2: error: ld returned 1 exit status
make[2]: *** [CMakeFiles/ping-pong.dir/build.make:176: ping-pong] Error 1
make[1]: *** [CMakeFiles/Makefile2:78: CMakeFiles/ping-pong.dir/all] Error 2
make: *** [Makefile:141: all] Error 2
