In file included from [01m[K/home/pengbo/cbg-executor/ros2_examples/rclcpp/cbg-executor_ping-pong/src/linux_memory_process_measurement.cpp:14[m[K:
[01m[K/home/pengbo/cbg-executor/ros2_examples/rclcpp/cbg-executor_ping-pong/include/linux_memory_process_measurement.hpp:26:10:[m[K [01;31m[Kfatal error: [m[Kutilities/utilities.hpp: No such file or directory
   26 | #include [01;31m[K"utilities/utilities.hpp"[m[K
      |          [01;31m[K^~~~~~~~~~~~~~~~~~~~~~~~~[m[K
compilation terminated.
make[2]: *** [CMakeFiles/ping-pong.dir/build.make:102: CMakeFiles/ping-pong.dir/src/linux_memory_process_measurement.cpp.o] Error 1
make[2]: *** Waiting for unfinished jobs....
In file included from [01m[K/home/pengbo/cbg-executor/ros2_examples/rclcpp/cbg-executor_ping-pong/exp1/main.cpp:15[m[K:
[01m[K/home/pengbo/cbg-executor/ros2_examples/rclcpp/cbg-executor_ping-pong/include/linux_memory_process_measurement.hpp:26:10:[m[K [01;31m[Kfatal error: [m[Kutilities/utilities.hpp: No such file or directory
   26 | #include [01;31m[K"utilities/utilities.hpp"[m[K
      |          [01;31m[K^~~~~~~~~~~~~~~~~~~~~~~~~[m[K
compilation terminated.
make[2]: *** [CMakeFiles/ping-pong.dir/build.make:63: CMakeFiles/ping-pong.dir/exp1/main.cpp.o] Error 1
make[1]: *** [CMakeFiles/Makefile2:78: CMakeFiles/ping-pong.dir/all] Error 2
make: *** [Makefile:141: all] Error 2
