-- The C compiler identification is GNU 9.3.0
-- The CXX compiler identification is GNU 9.3.0
-- Check for working C compiler: /usr/bin/cc
-- Check for working C compiler: /usr/bin/cc -- works
-- Detecting C compiler ABI info
-- Detecting C compiler ABI info - done
-- Detecting C compile features
-- Detecting C compile features - done
-- Check for working CXX compiler: /usr/bin/c++
-- Check for working CXX compiler: /usr/bin/c++ -- works
-- Detecting CXX compiler ABI info
-- Detecting CXX compiler ABI info - done
-- Detecting CXX compile features
-- Detecting CXX compile features - done
-- Found ament_cmake_ros: 0.9.0 (/home/pengbo/ros2_foxy/install/ament_cmake_ros/share/ament_cmake_ros/cmake)
-- Found PythonInterp: /usr/bin/python3 (found suitable version "3.8.5", minimum required is "3") 
-- Using PYTHON_EXECUTABLE: /usr/bin/python3
-- Found action_msgs: 1.0.0 (/home/pengbo/ros2_foxy/install/action_msgs/share/action_msgs/cmake)
-- Using all available rosidl_typesupport_c: rosidl_typesupport_introspection_c;rosidl_typesupport_fastrtps_c
-- Found rosidl_adapter: 1.1.0 (/home/pengbo/ros2_foxy/install/rosidl_adapter/share/rosidl_adapter/cmake)
-- Found FastRTPS: /home/pengbo/ros2_foxy/install/fastrtps/include  
-- Using all available rosidl_typesupport_cpp: rosidl_typesupport_introspection_cpp;rosidl_typesupport_fastrtps_cpp
-- Found rclcpp: 2.0.1 (/home/pengbo/rclcpp_cbg/ros2_rclcpp/install/rclcpp/share/rclcpp/cmake)
-- Found rmw_implementation_cmake: 1.0.2 (/home/pengbo/ros2_foxy/install/rmw_implementation_cmake/share/rmw_implementation_cmake/cmake)
-- Using RMW implementation 'rmw_fastrtps_cpp' as default
-- Looking for pthread.h
-- Looking for pthread.h - found
-- Performing Test CMAKE_HAVE_LIBC_PTHREAD
-- Performing Test CMAKE_HAVE_LIBC_PTHREAD - Failed
-- Looking for pthread_create in pthreads
-- Looking for pthread_create in pthreads - not found
-- Looking for pthread_create in pthread
-- Looking for pthread_create in pthread - found
-- Found Threads: TRUE  
-- Found rcl_action: 1.1.8 (/home/pengbo/ros2_foxy/install/rcl_action/share/rcl_action/cmake)
-- Found ament_lint_auto: 0.9.5 (/home/pengbo/ros2_foxy/install/ament_lint_auto/share/ament_lint_auto/cmake)
-- Found gtest sources under '/home/pengbo/ros2_foxy/install/gtest_vendor/src/gtest_vendor': C++ tests using 'Google Test' will be built
-- Check if compiler accepts -pthread
-- Check if compiler accepts -pthread - yes
-- Added test 'copyright' to check source files copyright and LICENSE
-- Added test 'cppcheck' to perform static code analysis on C / C++ code
-- Configured cppcheck include dirs: /home/pengbo/rclcpp_cbg/ros2_rclcpp/install/rclcpp/include;/home/pengbo/ros2_foxy/install/libstatistics_collector/include;/home/pengbo/ros2_foxy/install/rcl/include;/home/pengbo/ros2_foxy/install/rcpputils/include;/home/pengbo/ros2_foxy/install/rcutils/include;/home/pengbo/ros2_foxy/install/builtin_interfaces/include;/home/pengbo/ros2_foxy/install/rosgraph_msgs/include;/home/pengbo/ros2_foxy/install/rosidl_typesupport_cpp/include;/home/pengbo/ros2_foxy/install/rosidl_typesupport_c/include;/home/pengbo/ros2_foxy/install/rosidl_runtime_cpp/include;/home/pengbo/ros2_foxy/install/rcl_yaml_param_parser/include;/home/pengbo/ros2_foxy/install/statistics_msgs/include;/home/pengbo/ros2_foxy/install/tracetools/include;/home/pengbo/ros2_foxy/install/rosidl_runtime_c/include;/home/pengbo/ros2_foxy/install/rosidl_typesupport_interface/include;$<BUILD_INTERFACE:/home/pengbo/rclcpp_cbg/ros2_rclcpp/rclcpp_action/include>
-- Configured cppcheck exclude dirs and/or files: 
-- Added test 'cpplint' to check C / C++ code against the Google style
-- Configured cpplint exclude dirs and/or files: 
-- Added test 'lint_cmake' to check CMake code style
-- Added test 'uncrustify' to check C / C++ code style
-- Configured uncrustify additional arguments: 
-- Added test 'xmllint' to check XML markup files
-- Configuring done
-- Generating done
-- Build files have been written to: /home/pengbo/rclcpp_cbg/ros2_rclcpp/build/rclcpp_action
[35m[1mScanning dependencies of target gtest[0m
[35m[1mScanning dependencies of target rclcpp_action[0m
[35m[1mScanning dependencies of target gtest_main[0m
[  5%] [32mBuilding CXX object gtest/CMakeFiles/gtest.dir/src/gtest-all.cc.o[0m
[ 11%] [32mBuilding CXX object gtest/CMakeFiles/gtest_main.dir/src/gtest_main.cc.o[0m
[ 16%] [32mBuilding CXX object CMakeFiles/rclcpp_action.dir/src/server.cpp.o[0m
[ 22%] [32mBuilding CXX object CMakeFiles/rclcpp_action.dir/src/client.cpp.o[0m
[ 27%] [32mBuilding CXX object CMakeFiles/rclcpp_action.dir/src/server_goal_handle.cpp.o[0m
[ 33%] [32mBuilding CXX object CMakeFiles/rclcpp_action.dir/src/qos.cpp.o[0m
[ 38%] [32mBuilding CXX object CMakeFiles/rclcpp_action.dir/src/types.cpp.o[0m
[ 44%] [32m[1mLinking CXX static library libgtest_main.a[0m
[ 44%] Built target gtest_main
[ 50%] [32m[1mLinking CXX shared library librclcpp_action.so[0m
[ 50%] Built target rclcpp_action
[ 55%] [32m[1mLinking CXX static library libgtest.a[0m
[ 55%] Built target gtest
[35m[1mScanning dependencies of target test_server[0m
[35m[1mScanning dependencies of target test_traits[0m
[35m[1mScanning dependencies of target test_types[0m
[35m[1mScanning dependencies of target test_client[0m
[ 61%] [32mBuilding CXX object CMakeFiles/test_traits.dir/test/test_traits.cpp.o[0m
[ 66%] [32mBuilding CXX object CMakeFiles/test_types.dir/test/test_types.cpp.o[0m
[ 72%] [32mBuilding CXX object CMakeFiles/test_client.dir/test/test_client.cpp.o[0m
[ 77%] [32mBuilding CXX object CMakeFiles/test_server.dir/test/test_server.cpp.o[0m
[ 83%] [32m[1mLinking CXX executable test_types[0m
[ 88%] [32m[1mLinking CXX executable test_traits[0m
[ 88%] Built target test_traits
[ 88%] Built target test_types
[01m[K/home/pengbo/rclcpp_cbg/ros2_rclcpp/rclcpp_action/test/test_client.cpp:[m[K In member function â€˜[01m[Kvoid TestClient::dual_spin_until_future_complete(std::shared_future<_Res>&)[m[Kâ€™:
[01m[K/home/pengbo/rclcpp_cbg/ros2_rclcpp/rclcpp_action/test/test_client.cpp:238:33:[m[K [01;31m[Kerror: [m[Kno matching function for call to â€˜[01m[Krclcpp::executors::SingleThreadedExecutor::spin_some()[m[Kâ€™
  238 |       server_executor.spin_some([01;31m[K)[m[K;
      |                                 [01;31m[K^[m[K
In file included from [01m[K/home/pengbo/rclcpp_cbg/ros2_rclcpp/install/rclcpp/include/rclcpp/executors.hpp:22[m[K,
                 from [01m[K/home/pengbo/rclcpp_cbg/ros2_rclcpp/rclcpp_action/test/test_client.cpp:26[m[K:
[01m[K/home/pengbo/rclcpp_cbg/ros2_rclcpp/install/rclcpp/include/rclcpp/executors/single_threaded_executor.hpp:69:3:[m[K [01;36m[Knote: [m[Kcandidate: â€˜[01m[Kvirtual void rclcpp::executors::SingleThreadedExecutor::spin_some(std::chrono::nanoseconds)[m[Kâ€™
   69 |   [01;36m[Kspin_some[m[K(std::chrono::nanoseconds max_duration);
      |   [01;36m[K^~~~~~~~~[m[K
[01m[K/home/pengbo/rclcpp_cbg/ros2_rclcpp/install/rclcpp/include/rclcpp/executors/single_threaded_executor.hpp:69:3:[m[K [01;36m[Knote: [m[K  candidate expects 1 argument, 0 provided
[01m[K/home/pengbo/rclcpp_cbg/ros2_rclcpp/rclcpp_action/test/test_client.cpp:239:33:[m[K [01;31m[Kerror: [m[Kno matching function for call to â€˜[01m[Krclcpp::executors::SingleThreadedExecutor::spin_some()[m[Kâ€™
  239 |       client_executor.spin_some([01;31m[K)[m[K;
      |                                 [01;31m[K^[m[K
In file included from [01m[K/home/pengbo/rclcpp_cbg/ros2_rclcpp/install/rclcpp/include/rclcpp/executors.hpp:22[m[K,
                 from [01m[K/home/pengbo/rclcpp_cbg/ros2_rclcpp/rclcpp_action/test/test_client.cpp:26[m[K:
[01m[K/home/pengbo/rclcpp_cbg/ros2_rclcpp/install/rclcpp/include/rclcpp/executors/single_threaded_executor.hpp:69:3:[m[K [01;36m[Knote: [m[Kcandidate: â€˜[01m[Kvirtual void rclcpp::executors::SingleThreadedExecutor::spin_some(std::chrono::nanoseconds)[m[Kâ€™
   69 |   [01;36m[Kspin_some[m[K(std::chrono::nanoseconds max_duration);
      |   [01;36m[K^~~~~~~~~[m[K
[01m[K/home/pengbo/rclcpp_cbg/ros2_rclcpp/install/rclcpp/include/rclcpp/executors/single_threaded_executor.hpp:69:3:[m[K [01;36m[Knote: [m[K  candidate expects 1 argument, 0 provided
make[2]: *** [CMakeFiles/test_client.dir/build.make:63: CMakeFiles/test_client.dir/test/test_client.cpp.o] Error 1
make[1]: *** [CMakeFiles/Makefile2:109: CMakeFiles/test_client.dir/all] Error 2
make[1]: *** Waiting for unfinished jobs....
[ 94%] [32m[1mLinking CXX executable test_server[0m
[ 94%] Built target test_server
make: *** [Makefile:141: all] Error 2
