[0.009s] Invoking command in '/home/pengbo/rclcpp_cbg/ros2_rclcpp/build/rclcpp': /usr/bin/cmake --build /home/pengbo/rclcpp_cbg/ros2_rclcpp/build/rclcpp -- -j12 -l12
[0.059s] [  1%] Built target gtest
[0.059s] [  2%] Built target gmock_main
[0.061s] [  3%] Built target gmock
[0.061s] [  3%] Built target rclcpp_test_msgs__cpp
[0.062s] [  5%] Built target rclcpp_test_msgs__rosidl_generator_c
[0.062s] [  6%] Built target gtest_main
[0.076s] [35m[1mScanning dependencies of target rclcpp[0m
[0.077s] [  8%] Built target rclcpp_test_msgs__rosidl_typesupport_introspection_cpp
[0.077s] [  9%] Built target rclcpp_test_msgs__rosidl_typesupport_c
[0.078s] [ 11%] Built target rclcpp_test_msgs__rosidl_typesupport_introspection_c
[0.080s] [ 12%] Built target test_function_traits
[0.081s] [ 14%] Built target rclcpp_test_msgs__rosidl_typesupport_cpp
[0.082s] [ 16%] Built target rclcpp_test_msgs__rosidl_typesupport_fastrtps_cpp
[0.107s] [ 18%] Built target rclcpp_test_msgs__rosidl_typesupport_fastrtps_c
[0.119s] [ 18%] Built target rclcpp_test_msgs
[0.136s] [ 18%] [32mBuilding CXX object CMakeFiles/rclcpp.dir/src/rclcpp/executors/single_threaded_executor.cpp.o[0m
[0.138s] [ 18%] Built target rclcpp_test_msgs__py
[0.160s] [ 20%] Built target rclcpp_test_msgs__python
[0.180s] [ 21%] Built target rclcpp__rosidl_typesupport_c__pyext
[0.182s] [ 22%] Built target rclcpp__rosidl_typesupport_fastrtps_c__pyext
[0.183s] [ 23%] Built target rclcpp__rosidl_typesupport_introspection_c__pyext
[0.238s] [01m[K/home/pengbo/rclcpp_cbg/ros2_rclcpp/rclcpp/src/rclcpp/executors/single_threaded_executor.cpp:243:27:[m[K [01;35m[Kwarning: [m[Kmulti-character character constant [[01;35m[K-Wmultichar[m[K]
[0.238s]   243 |   if(thread_name1.compare([01;35m[K'rt'[m[K))
[0.238s]       |                           [01;35m[K^~~~[m[K
[0.876s] [01m[K/home/pengbo/rclcpp_cbg/ros2_rclcpp/rclcpp/src/rclcpp/executors/single_threaded_executor.cpp:[m[K In member function â€˜[01m[Kvoid rclcpp::executors::SingleThreadedExecutor::executor_spin_one_period(uint64_t, std::string)[m[Kâ€™:
[0.876s] [01m[K/home/pengbo/rclcpp_cbg/ros2_rclcpp/rclcpp/src/rclcpp/executors/single_threaded_executor.cpp:243:27:[m[K [01;31m[Kerror: [m[Kinvalid conversion from â€˜[01m[Kint[m[Kâ€™ to â€˜[01m[Kconst char*[m[Kâ€™ [[01;31m[K-fpermissive[m[K]
[0.877s] In file included from [01m[K/usr/include/c++/9/string:55[m[K,
[0.877s]                  from [01m[K/usr/include/c++/9/stdexcept:39[m[K,
[0.877s]                  from [01m[K/usr/include/c++/9/array:39[m[K,
[0.877s]                  from [01m[K/usr/include/c++/9/tuple:39[m[K,
[0.877s]                  from [01m[K/usr/include/c++/9/bits/unique_ptr.h:37[m[K,
[0.877s]                  from [01m[K/usr/include/c++/9/memory:80[m[K,
[0.877s]                  from [01m[K/home/pengbo/rclcpp_cbg/ros2_rclcpp/rclcpp/include/rclcpp/executors/single_threaded_executor.hpp:22[m[K,
[0.877s]                  from [01m[K/home/pengbo/rclcpp_cbg/ros2_rclcpp/rclcpp/src/rclcpp/executors/single_threaded_executor.cpp:15[m[K:
[0.877s] [01m[K/usr/include/c++/9/bits/basic_string.h:2990:29:[m[K [01;36m[Knote: [m[K  initializing argument 1 of â€˜[01m[Kint std::__cxx11::basic_string<_CharT, _Traits, _Alloc>::compare(const _CharT*) const [with _CharT = char; _Traits = std::char_traits<char>; _Alloc = std::allocator<char>][m[Kâ€™
[0.877s]  2990 |       compare([01;36m[Kconst _CharT* __s[m[K) const _GLIBCXX_NOEXCEPT;
[0.877s]       |               [01;36m[K~~~~~~~~~~~~~~^~~[m[K
[0.879s] [01m[K/home/pengbo/rclcpp_cbg/ros2_rclcpp/rclcpp/src/rclcpp/executors/single_threaded_executor.cpp:235:22:[m[K [01;35m[Kwarning: [m[Kunused variable â€˜[01m[Krest_time[m[Kâ€™ [[01;35m[K-Wunused-variable[m[K]
[0.879s]   235 |      struct timespec [01;35m[Krest_time[m[K;
[0.879s]       |                      [01;35m[K^~~~~~~~~[m[K
[1.020s] make[2]: *** [CMakeFiles/rclcpp.dir/build.make:389: CMakeFiles/rclcpp.dir/src/rclcpp/executors/single_threaded_executor.cpp.o] Error 1
[1.020s] make[1]: *** [CMakeFiles/Makefile2:1129: CMakeFiles/rclcpp.dir/all] Error 2
[1.021s] make: *** [Makefile:141: all] Error 2
[1.024s] Invoked command in '/home/pengbo/rclcpp_cbg/ros2_rclcpp/build/rclcpp' returned '2': /usr/bin/cmake --build /home/pengbo/rclcpp_cbg/ros2_rclcpp/build/rclcpp -- -j12 -l12
