[  2%] Built target gmock_main
[  2%] Built target gtest
[  3%] Built target gmock
[  5%] Built target rclcpp_test_msgs__rosidl_generator_c
[  6%] Built target gtest_main
[  6%] Built target rclcpp_test_msgs__cpp
[35m[1mScanning dependencies of target rclcpp[0m
[  8%] Built target rclcpp_test_msgs__rosidl_typesupport_introspection_c
[ 10%] Built target rclcpp_test_msgs__rosidl_typesupport_fastrtps_cpp
[ 14%] Built target test_function_traits
[ 14%] Built target rclcpp_test_msgs__rosidl_typesupport_c
[ 14%] Built target rclcpp_test_msgs__rosidl_typesupport_introspection_cpp
[ 16%] Built target rclcpp_test_msgs__rosidl_typesupport_cpp
[ 16%] [32mBuilding CXX object CMakeFiles/rclcpp.dir/src/rclcpp/executors/single_threaded_executor.cpp.o[0m
[ 18%] Built target rclcpp_test_msgs__rosidl_typesupport_fastrtps_c
[ 18%] Built target rclcpp_test_msgs
[ 18%] Built target rclcpp_test_msgs__py
[ 20%] Built target rclcpp_test_msgs__python
[ 22%] Built target rclcpp__rosidl_typesupport_c__pyext
[ 22%] Built target rclcpp__rosidl_typesupport_fastrtps_c__pyext
[ 23%] Built target rclcpp__rosidl_typesupport_introspection_c__pyext
[01m[K/home/pengbo/rclcpp_cbg/ros2_rclcpp/rclcpp/src/rclcpp/executors/single_threaded_executor.cpp:[m[K In member function â€˜[01m[Kvoid rclcpp::executors::SingleThreadedExecutor::executor_spin_period(uint64_t, std::string)[m[Kâ€™:
[01m[K/home/pengbo/rclcpp_cbg/ros2_rclcpp/rclcpp/src/rclcpp/executors/single_threaded_executor.cpp:302:4:[m[K [01;31m[Kerror: [m[Krequest for member â€˜[01m[Klock[m[Kâ€™ in â€˜[01m[Kj[m[Kâ€™, which is of non-class type â€˜[01m[Kint[m[Kâ€™
  302 |  j.[01;31m[Klock[m[K();
      |    [01;31m[K^~~~[m[K
[01m[K/home/pengbo/rclcpp_cbg/ros2_rclcpp/rclcpp/src/rclcpp/executors/single_threaded_executor.cpp:305:7:[m[K [01;31m[Kerror: [m[Krequest for member â€˜[01m[Kunlock[m[Kâ€™ in â€˜[01m[Kj[m[Kâ€™, which is of non-class type â€˜[01m[Kint[m[Kâ€™
  305 |     j.[01;31m[Kunlock[m[K();
      |       [01;31m[K^~~~~~[m[K
make[2]: *** [CMakeFiles/rclcpp.dir/build.make:389: CMakeFiles/rclcpp.dir/src/rclcpp/executors/single_threaded_executor.cpp.o] Error 1
make[1]: *** [CMakeFiles/Makefile2:1129: CMakeFiles/rclcpp.dir/all] Error 2
make: *** [Makefile:141: all] Error 2
