[0.010s] Invoking command in '/home/pengbo/rclcpp_cbg/ros2_rclcpp/build/rclcpp': /usr/bin/cmake --build /home/pengbo/rclcpp_cbg/ros2_rclcpp/build/rclcpp -- -j12 -l12
[0.064s] [  2%] Built target gtest
[0.064s] [  2%] Built target gmock_main
[0.065s] [  4%] Built target rclcpp_test_msgs__rosidl_generator_c
[0.065s] [  4%] Built target rclcpp_test_msgs__cpp
[0.065s] [  5%] Built target gmock
[0.066s] [  6%] Built target gtest_main
[0.080s] [  8%] Built target rclcpp_test_msgs__rosidl_typesupport_cpp
[0.080s] [35m[1mScanning dependencies of target rclcpp[0m
[0.080s] [ 10%] Built target rclcpp_test_msgs__rosidl_typesupport_introspection_c
[0.080s] [ 11%] Built target rclcpp_test_msgs__rosidl_typesupport_c
[0.082s] [ 15%] Built target rclcpp_test_msgs__rosidl_typesupport_fastrtps_cpp
[0.082s] [ 15%] Built target rclcpp_test_msgs__rosidl_typesupport_introspection_cpp
[0.082s] [ 16%] Built target test_function_traits
[0.101s] [ 18%] Built target rclcpp_test_msgs__rosidl_typesupport_fastrtps_c
[0.115s] [ 18%] Built target rclcpp_test_msgs
[0.133s] [ 18%] Built target rclcpp_test_msgs__py
[0.140s] [ 18%] [32mBuilding CXX object CMakeFiles/rclcpp.dir/src/rclcpp/executors/single_threaded_executor.cpp.o[0m
[0.159s] [ 20%] Built target rclcpp_test_msgs__python
[0.177s] [ 21%] Built target rclcpp__rosidl_typesupport_fastrtps_c__pyext
[0.181s] [ 22%] Built target rclcpp__rosidl_typesupport_c__pyext
[0.182s] [ 23%] Built target rclcpp__rosidl_typesupport_introspection_c__pyext
[0.877s] [01m[K/home/pengbo/rclcpp_cbg/ros2_rclcpp/rclcpp/src/rclcpp/executors/single_threaded_executor.cpp:[m[K In function â€˜[01m[Kvoid execute_ready_executables()[m[Kâ€™:
[0.877s] [01m[K/home/pengbo/rclcpp_cbg/ros2_rclcpp/rclcpp/src/rclcpp/executors/single_threaded_executor.cpp:36:26:[m[K [01;31m[Kerror: [m[Kâ€˜[01m[Kwait_set_[m[Kâ€™ was not declared in this scope; did you mean â€˜[01m[Krcl_wait_set_t[m[Kâ€™?
[0.877s]    36 |   for (size_t i = 0; i < [01;31m[Kwait_set_[m[K.size_of_subscriptions; ++i) {
[0.877s]       |                          [01;31m[K^~~~~~~~~[m[K
[0.877s]       |                          [32m[Krcl_wait_set_t[m[K
[0.879s] [01m[K/home/pengbo/rclcpp_cbg/ros2_rclcpp/rclcpp/src/rclcpp/executors/single_threaded_executor.cpp:37:13:[m[K [01;31m[Kerror: [m[Kâ€˜[01m[Kentities_collector_[m[Kâ€™ was not declared in this scope
[0.879s]    37 |     if (i < [01;31m[Kentities_collector_[m[K->get_number_of_subscriptions()) {
[0.879s]       |             [01;31m[K^~~~~~~~~~~~~~~~~~~[m[K
[0.881s] [01m[K/home/pengbo/rclcpp_cbg/ros2_rclcpp/rclcpp/src/rclcpp/executors/single_threaded_executor.cpp:39:9:[m[K [01;31m[Kerror: [m[Kâ€˜[01m[Kexecute_subscription[m[Kâ€™ was not declared in this scope; did you mean â€˜[01m[Krmw_create_subscription[m[Kâ€™?
[0.881s]    39 |         [01;31m[Kexecute_subscription[m[K(entities_collector_->get_subscription(i));
[0.881s]       |         [01;31m[K^~~~~~~~~~~~~~~~~~~~[m[K
[0.881s]       |         [32m[Krmw_create_subscription[m[K
[0.882s] [01m[K/home/pengbo/rclcpp_cbg/ros2_rclcpp/rclcpp/src/rclcpp/executors/single_threaded_executor.cpp:44:26:[m[K [01;31m[Kerror: [m[Kâ€˜[01m[Kwait_set_[m[Kâ€™ was not declared in this scope; did you mean â€˜[01m[Krcl_wait_set_t[m[Kâ€™?
[0.882s]    44 |   for (size_t i = 0; i < [01;31m[Kwait_set_[m[K.size_of_timers; ++i) {
[0.882s]       |                          [01;31m[K^~~~~~~~~[m[K
[0.882s]       |                          [32m[Krcl_wait_set_t[m[K
[0.884s] [01m[K/home/pengbo/rclcpp_cbg/ros2_rclcpp/rclcpp/src/rclcpp/executors/single_threaded_executor.cpp:45:13:[m[K [01;31m[Kerror: [m[Kâ€˜[01m[Kentities_collector_[m[Kâ€™ was not declared in this scope
[0.884s]    45 |     if (i < [01;31m[Kentities_collector_[m[K->get_number_of_timers()) {
[0.884s]       |             [01;31m[K^~~~~~~~~~~~~~~~~~~[m[K
[0.885s] [01m[K/home/pengbo/rclcpp_cbg/ros2_rclcpp/rclcpp/src/rclcpp/executors/single_threaded_executor.cpp:47:9:[m[K [01;31m[Kerror: [m[Kâ€˜[01m[Kexecute_timer[m[Kâ€™ was not declared in this scope
[0.885s]    47 |         [01;31m[Kexecute_timer[m[K(entities_collector_->get_timer(i));
[0.885s]       |         [01;31m[K^~~~~~~~~~~~~[m[K
[0.886s] [01m[K/home/pengbo/rclcpp_cbg/ros2_rclcpp/rclcpp/src/rclcpp/executors/single_threaded_executor.cpp:52:26:[m[K [01;31m[Kerror: [m[Kâ€˜[01m[Kwait_set_[m[Kâ€™ was not declared in this scope; did you mean â€˜[01m[Krcl_wait_set_t[m[Kâ€™?
[0.886s]    52 |   for (size_t i = 0; i < [01;31m[Kwait_set_[m[K.size_of_services; ++i) {
[0.886s]       |                          [01;31m[K^~~~~~~~~[m[K
[0.886s]       |                          [32m[Krcl_wait_set_t[m[K
[0.888s] [01m[K/home/pengbo/rclcpp_cbg/ros2_rclcpp/rclcpp/src/rclcpp/executors/single_threaded_executor.cpp:53:13:[m[K [01;31m[Kerror: [m[Kâ€˜[01m[Kentities_collector_[m[Kâ€™ was not declared in this scope
[0.888s]    53 |     if (i < [01;31m[Kentities_collector_[m[K->get_number_of_services()) {
[0.888s]       |             [01;31m[K^~~~~~~~~~~~~~~~~~~[m[K
[0.889s] [01m[K/home/pengbo/rclcpp_cbg/ros2_rclcpp/rclcpp/src/rclcpp/executors/single_threaded_executor.cpp:55:9:[m[K [01;31m[Kerror: [m[Kâ€˜[01m[Kexecute_service[m[Kâ€™ was not declared in this scope
[0.889s]    55 |         [01;31m[Kexecute_service[m[K(entities_collector_->get_service(i));
[0.889s]       |         [01;31m[K^~~~~~~~~~~~~~~[m[K
[0.890s] [01m[K/home/pengbo/rclcpp_cbg/ros2_rclcpp/rclcpp/src/rclcpp/executors/single_threaded_executor.cpp:60:26:[m[K [01;31m[Kerror: [m[Kâ€˜[01m[Kwait_set_[m[Kâ€™ was not declared in this scope; did you mean â€˜[01m[Krcl_wait_set_t[m[Kâ€™?
[0.890s]    60 |   for (size_t i = 0; i < [01;31m[Kwait_set_[m[K.size_of_clients; ++i) {
[0.890s]       |                          [01;31m[K^~~~~~~~~[m[K
[0.890s]       |                          [32m[Krcl_wait_set_t[m[K
[0.892s] [01m[K/home/pengbo/rclcpp_cbg/ros2_rclcpp/rclcpp/src/rclcpp/executors/single_threaded_executor.cpp:61:13:[m[K [01;31m[Kerror: [m[Kâ€˜[01m[Kentities_collector_[m[Kâ€™ was not declared in this scope
[0.892s]    61 |     if (i < [01;31m[Kentities_collector_[m[K->get_number_of_clients()) {
[0.892s]       |             [01;31m[K^~~~~~~~~~~~~~~~~~~[m[K
[0.893s] [01m[K/home/pengbo/rclcpp_cbg/ros2_rclcpp/rclcpp/src/rclcpp/executors/single_threaded_executor.cpp:63:9:[m[K [01;31m[Kerror: [m[Kâ€˜[01m[Kexecute_client[m[Kâ€™ was not declared in this scope
[0.894s]    63 |         [01;31m[Kexecute_client[m[K(entities_collector_->get_client(i));
[0.894s]       |         [01;31m[K^~~~~~~~~~~~~~[m[K
[0.896s] [01m[K/home/pengbo/rclcpp_cbg/ros2_rclcpp/rclcpp/src/rclcpp/executors/single_threaded_executor.cpp:68:26:[m[K [01;31m[Kerror: [m[Kâ€˜[01m[Kentities_collector_[m[Kâ€™ was not declared in this scope
[0.896s]    68 |   for (size_t i = 0; i < [01;31m[Kentities_collector_[m[K->get_number_of_waitables(); ++i) {
[0.896s]       |                          [01;31m[K^~~~~~~~~~~~~~~~~~~[m[K
[0.896s] [01m[K/home/pengbo/rclcpp_cbg/ros2_rclcpp/rclcpp/src/rclcpp/executors/single_threaded_executor.cpp:69:57:[m[K [01;31m[Kerror: [m[Kâ€˜[01m[Kwait_set_[m[Kâ€™ was not declared in this scope; did you mean â€˜[01m[Krcl_wait_set_t[m[Kâ€™?
[0.897s]    69 |     if (entities_collector_->get_waitable(i)->is_ready(&[01;31m[Kwait_set_[m[K)) {
[0.897s]       |                                                         [01;31m[K^~~~~~~~~[m[K
[0.897s]       |                                                         [32m[Krcl_wait_set_t[m[K
[0.899s] [01m[K/home/pengbo/rclcpp_cbg/ros2_rclcpp/rclcpp/src/rclcpp/executors/single_threaded_executor.cpp:[m[K In function â€˜[01m[Kint record_jitter(const timespec*, const timespec*, size_t)[m[Kâ€™:
[0.899s] [01m[K/home/pengbo/rclcpp_cbg/ros2_rclcpp/rclcpp/src/rclcpp/executors/single_threaded_executor.cpp:152:10:[m[K [01;35m[Kwarning: [m[Kunused variable â€˜[01m[Ki[m[Kâ€™ [[01;35m[K-Wunused-variable[m[K]
[0.899s]   152 |   size_t [01;35m[Ki[m[K = iteration;
[0.899s]       |          [01;35m[K^[m[K
[0.903s] [01m[K/home/pengbo/rclcpp_cbg/ros2_rclcpp/rclcpp/src/rclcpp/executors/single_threaded_executor.cpp:[m[K In member function â€˜[01m[Kvirtual void rclcpp::executors::SingleThreadedExecutor::spin_some(std::chrono::nanoseconds)[m[Kâ€™:
[0.903s] [01m[K/home/pengbo/rclcpp_cbg/ros2_rclcpp/rclcpp/src/rclcpp/executors/single_threaded_executor.cpp:193:3:[m[K [01;31m[Kerror: [m[Kâ€˜[01m[Kentities_collector_[m[Kâ€™ was not declared in this scope
[0.903s]   193 |   [01;31m[Kentities_collector_[m[K->init(&wait_set_, memory_strategy_, &interrupt_guard_condition_);
[0.903s]       |   [01;31m[K^~~~~~~~~~~~~~~~~~~[m[K
[0.907s] [01m[K/home/pengbo/rclcpp_cbg/ros2_rclcpp/rclcpp/src/rclcpp/executors/single_threaded_executor.cpp:[m[K In member function â€˜[01m[Kvoid rclcpp::executors::SingleThreadedExecutor::executor_spin_one_period(uint64_t)[m[Kâ€™:
[0.907s] [01m[K/home/pengbo/rclcpp_cbg/ros2_rclcpp/rclcpp/src/rclcpp/executors/single_threaded_executor.cpp:215:33:[m[K [01;35m[Kwarning: [m[Kunused variable â€˜[01m[Kcurrent_time[m[Kâ€™ [[01;35m[K-Wunused-variable[m[K]
[0.907s]   215 |    struct timespec wakeup_time, [01;35m[Kcurrent_time[m[K;
[0.908s]       |                                 [01;35m[K^~~~~~~~~~~~[m[K
[1.047s] make[2]: *** [CMakeFiles/rclcpp.dir/build.make:389: CMakeFiles/rclcpp.dir/src/rclcpp/executors/single_threaded_executor.cpp.o] Error 1
[1.047s] make[1]: *** [CMakeFiles/Makefile2:1129: CMakeFiles/rclcpp.dir/all] Error 2
[1.047s] make: *** [Makefile:141: all] Error 2
[1.049s] Invoked command in '/home/pengbo/rclcpp_cbg/ros2_rclcpp/build/rclcpp' returned '2': /usr/bin/cmake --build /home/pengbo/rclcpp_cbg/ros2_rclcpp/build/rclcpp -- -j12 -l12
